  1	  24	1111	1127	 268	 318	 501	1511	1191	1347	1357	
  2	  18	 115	 119	 536	1034	1062	1064	1040	1043	1027	
  3	 519	1050	1604	 178	 632	  98	 122	 247	 249	1011	
  4	   1	  15	  29	  32	  63	 128	 526	1044	 254	1035	
  5	  17	 113	 528	 222	  74	 187	 203	1528	1597	1600	
  6	 239	 249	 572	 605	1049	1050	 260	 548	 948	 951	
  7	  95	 128	 141	1199	1136	1160	 265	 292	 614	1092	
  8	  18	 104	 532	 999	1030	1057	1059	1043	1000	1027	
  9	   1	   3	  16	  32	 128	 257	 259	 520	 517	1033	
 10	  55	  60	 281	 291	1068	1078	1071	 535	1038	 539	
 11	   1	   3	  63	 284	 133	 269	 527	1041	1021	1026	
 12	   2	  30	  34	 263	 267	1049	1055	 522	1038	1031	
 13	 389	1398	1230	 115	1524	1143	1158	1001	1646	 248	
 14	  10	  27	  67	 131	 268	 272	 277	 546	 547	1071	
 15	  22	 105	 239	 258	 265	 540	 523	 525	 526	1020	
 16	   6	  34	  35	 532	1070	1085	1094	1095	1096	1089	
 17	 101	 456	 464	 981	 960	 797	 878	 896	 800	 843	
 18	   1	   3	  39	  41	  83	 602	 589	  79	  80	 584	
 19	  75	 247	 943	1024	 953	 964	 805	 853	 902	 854	
 20	  57	 102	 524	1000	1030	1052	1033	1036	1001	1012	
 21	 126	 247	 534	1068	1099	 967	 971	 835	 932	 947	
 22	  45	 107	 529	 537	1062	1068	 538	1041	 971	 999	
 23	  51	  65	 287	 570	 571	1079	1089	1082	1068	 535	
 24	  30	 106	 263	 512	 529	1057	1060	1063	 519	 524	
 25	   3	 110	 247	 522	 525	 537	1065	1059	1044	1050	
 26	 494	1070	  16	  18	 264	 548	 519	 524	1032	 244	
 27	  37	 397	 927	 992	1027	1000	 970	 446	 851	 888	
 28	  46	 464	 497	 535	1056	1030	 953	 960	 963	 837	
 29	 414	 516	 564	 767	1371	1442	 613	1240	1110	 166	
 30	  57	 110	 120	 493	 513	 232	 960	 114	 431	 438	
 31	   3	  12	  56	  60	  63	1047	 126	1016	1012	 973	
 32	 166	 502	 516	1026	 956	 969	 374	 770	1323	1389	
 33	 119	 814	 851	1122	1357	1463	1558	1599	1467	1500	
 34	   3	  14	  57	  63	 254	1029	1041	1034	1035	 512	
 35	   3	  52	 224	 487	1035	 502	 231	 236	 484	 969	
 36	   2	  27	  56	  62	 127	 254	 513	 514	1035	 510	
 37	  20	  57	 522	1006	1043	1025	 943	 964	 973	 955	
 38	   6	  16	  60	  65	 136	 543	1076	1080	1081	1082	
 39	 215	 474	1644	1669	1241	1318	1534	1399	1417	1386	
 40	  11	  52	  57	 120	 517	 526	 527	1040	 518	 521	
 41	 112	 994	 725	 782	1475	1511	1545	1552	1439	1441	
 42	  18	 146	 535	 558	 987	 993	1012	 236	 242	 951	
 43	  67	 129	 300	 305	 595	1127	 544	 928	 201	 780	
 44	  57	 278	 537	1075	1007	 452	 487	 457	 220	 375	
 45	  18	 221	 927	 999	 947	 806	 862	 894	 915	 922	
 46	   7	  12	  56	 249	 521	1030	 506	1011	 474	 483	
 47	  10	  52	  60	 248	 507	 519	1041	1042	1028	 510	
 48	   2	  30	  58	  61	 518	 534	1053	1055	 525	1035	
 49	  77	 127	 576	1085	1122	 482	 510	 982	  99	 109	
 50	  50	 224	 251	 504	1020	 461	 944	 463	 468	 940	
 51	 361	 957	 973	 987	1002	1664	1667	1670	 560	 677	
 52	   5	  30	  63	 502	 521	 523	1038	1043	1024	 988	
 53	  84	 113	 251	 254	 522	1033	1043	1034	1022	1032	
 54	  18	  27	  60	  63	 263	1062	 516	1020	1027	1010	
 55	   6	 104	 457	 494	1031	1032	 978	 989	 996	1003	
 56	 379	 547	 994	 943	 960	 796	 821	1618	1508	1511	
 57	  30	  63	 251	 262	 537	 541	 516	 524	 530	1044	
 58	   2	  28	  69	 132	 137	 139	 561	 562	1095	1091	
 59	   8	  80	  85	 629	1221	 633	1185	 581	 606	 607	
 60	   9	  53	 140	 144	 575	1101	 277	 282	 283	 531	
 61	 189	 795	 911	1010	1612	 361	 374	1454	1455	1303	
 62	 224	 519	 558	1144	 987	 363	 872	1667	1670	1477	
 63	 167	 220	 970	1061	 888	 320	 707	1573	1594	1618	
 64	  75	 268	 532	1043	 979	1030	 855	 105	 219	 821	
 65	  16	  60	 123	 271	 535	 544	1065	1056	 512	1033	
 66	 247	 908	1001	1674	 339	1319	1467	1495	1322	1386	
 67	  12	 113	 119	 130	 256	1032	1022	 990	 995	1003	
 68	  30	 108	 120	 262	1023	1026	 982	 999	1006	1008	
 69	  37	 103	 492	 502	 520	1050	1061	1033	1038	1040	
 70	1032	1513	 377	1095	 426	 786	 805	 834	1673	1615	
 71	  21	  63	 130	 260	 525	1031	1040	1045	1034	 500	
 72	  41	 128	 505	 539	 553	 561	1091	1079	 542	1060	
 73	  10	  57	 253	 256	 263	 267	 524	1038	1030	1034	
 74	 910	1028	1042	1678	1680	1054	1454	 985	1358	1234	
 75	   4	  29	  65	 133	 538	1048	1012	1022	1014	 122	
 76	  46	 114	 270	 512	1043	1067	1046	1051	1053	1025	
 77	  28	  59	 257	 262	 530	 532	 537	 539	1059	1046	
 78	 424	 453	 957	1002	1029	 973	 796	 896	 897	1658	
 79	  12	  32	  60	 247	 263	 528	 532	1049	 519	 524	
 80	  35	 253	 263	 983	1034	 990	 995	 979	 805	 862	
 81	  35	 261	 266	 973	 439	 912	 817	1672	  75	 668	
 82	 590	 960	 989	1088	1103	1481	1597	1154	1064	 992	
 83	  60	 256	 285	1059	 491	 906	 962	 967	 936	 886	
 84	  20	 113	 119	 995	1026	 224	 446	 925	 868	 880	
 85	   2	 485	 586	  87	 224	 463	 790	 712	 756	 303	
 86	   4	  96	 117	 127	 505	1019	 240	 999	 238	 467	
 87	 189	 254	 272	1096	1008	1023	1033	 491	 876	 906	
 88	   7	  53	  63	 120	 254	 513	 506	 511	 507	1010	
 89	  18	  30	  33	  36	  69	 276	 538	1068	1061	1063	
 90	   1	  40	  72	  80	 155	 313	 304	 307	 596	 597	
 91	   6	  30	 266	 535	 547	1062	1066	1055	1014	1031	
 92	1618	1558	1506	1201	1122	1623	1514	1104	1599	1158	
 93	  40	 213	 463	 497	 317	 716	 529	 642	 171	1022	
 94	   2	 291	 319	 326	 542	 562	  12	  60	 123	 452	
 95	   7	  59	 311	 576	 263	1026	 911	 114	 433	1618	
 96	   6	  58	 119	 508	 519	 526	 532	 533	1043	1045	
 97	  18	  28	  61	  66	 541	1049	1056	1060	1057	1052	
 98	  24	  51	 253	1003	1031	 914	 957	 398	 442	 885	
 99	 649	 838	1022	 878	 656	1396	1524	1530	1537	1555	
100	 165	 233	 490	 525	 404	 925	 790	 596	 664	 640	
101	 453	 896	1029	1078	1455	1136	 967	1002	 424	1673	
102	  23	  58	 284	 291	 568	 550	 240	 250	  48	  53	
103	  16	  27	  30	  61	 264	 525	1032	1021	 128	 499	
104	 104	 247	 489	 545	1066	1075	1036	 960	 987	 973	
105	 361	 464	 516	 985	1026	 956	 960	 965	 969	 797	
106	   3	  68	 129	 273	 519	1047	1028	1036	 515	1020	
107	   4	   8	 603	  96	 227	 249	 506	1011	 490	 924	
108	1388	1122	 104	 115	 987	1024	1027	1030	 992	 994	
109	  10	 133	 527	 571	 586	 558	1048	1010	 892	 962	
110	  37	  57	 251	 267	 530	 542	 543	1074	1068	1070	
111	 162	 801	 935	 567	 768	1485	1347	 596	1213	1223	
112	  60	 207	 923	 946	 955	 416	 444	 800	 846	 398	
113	  14	  30	  32	 250	 263	 525	 526	1044	 519	 520	
114	  12	  30	 126	 267	 533	 536	1054	1057	1056	1032	
115	  18	  36	  67	 138	 541	1066	1070	1077	1071	1051	
116	   6	 109	 246	 255	1081	 536	1031	 248	1007	1015	
117	  16	  30	 119	 271	 524	1070	1054	 513	 516	1032	
118	   1	   6	   8	  16	  34	  67	 133	 534	1061	1058	
119	  61	  62	 261	 285	 574	1109	1110	1094	 555	1076	
120	 376	 801	1026	 840	 585	1300	1541	1612	1323	1388	
121	  18	  62	 138	 260	 537	 538	1065	1067	1066	 539	
122	   3	  65	 119	 128	 263	1037	1042	1050	1044	1038	
123	   2	   6	  60	 249	 263	 524	1051	1040	 513	1030	
124	 112	 446	 525	 986	1019	1031	1022	1025	 918	 967	
125	  43	 120	 519	 573	1092	1099	1064	1070	1081	 524	
126	  11	  27	  58	  60	 250	 521	 523	 517	 518	1028	
127	   6	  27	  30	 247	 512	1024	1025	1030	1031	1027	
128	   3	  30	  33	 138	 287	1098	1105	 552	 556	1090	
129	  22	  82	  60	 114	 502	 981	 456	 946	 955	 960	
130	  13	  72	  79	 615	1196	1138	1158	  80	 318	1125	
131	   2	  31	  58	  62	 510	 519	 511	 514	1024	1014	
132	  18	 400	 454	 803	 848	 882	 817	1631	  37	 345	
133	 139	 214	 225	 495	1030	 468	 488	 951	 955	 469	
134	   6	 221	 253	 494	1024	 983	1004	 922	 947	 964	
135	   7	  30	 119	 126	 263	1052	1053	 266	 524	 520	
136	  11	  29	  63	 255	 260	1039	1046	 518	1027	 987	
137	   6	  25	 130	 256	 263	 267	 522	1026	1027	1029	
138	  18	 113	 119	 266	 536	1043	1028	1000	1003	1007	
139	  67	 104	 112	 123	1013	1030	 494	 495	 987	 465	
140	 123	 225	 971	1013	 450	 910	 790	 827	 840	 794	
141	   6	  29	  30	  60	 128	 264	 530	1058	 518	1050	
142	   6	 130	 247	 516	1004	1007	 927	 954	 956	 933	
143	  44	 206	 481	 489	 507	1009	1016	1020	 494	 927	
144	  26	 148	 548	 259	 993	 473	 928	 897	 323	1518	
145	 112	 128	 285	1121	1159	1168	1125	1068	 130	1034	
146	   3	  55	  59	 504	 516	 525	 526	 987	 988	 235	
147	   2	   7	  59	  61	  62	  63	 254	1044	 516	1038	
148	  18	 113	 123	 266	 271	 531	 536	 538	1058	1055	
149	 376	 456	 464	1026	1045	 960	 981	 797	 533	 677	
150	1293	1388	1472	 408	 318	 169	 513	  12	 603	  64	
151	   8	  21	  23	  77	 315	 318	 322	 630	 631	 316	
152	   6	  27	  60	 137	 139	 282	1082	 543	1071	 532	
153	  18	 103	 256	 996	1022	1043	 997	1003	1005	 967	
154	  28	 111	 113	 126	 267	1042	1053	1024	 256	 257	
155	  41	  61	 512	 993	1037	 961	 975	 395	 408	 840	
156	  36	 120	 247	 262	1019	1037	1038	1023	 986	1002	
157	  27	 104	 263	 989	1022	1046	1024	1028	1032	1033	
158	   3	 130	 284	 586	1091	1079	 541	1033	 252	 498	
159	  21	  51	  60	 498	 502	 944	 945	 949	 106	 112	
160	  39	  60	 141	 287	 549	 553	1068	 539	1041	1051	
161	  53	  60	  61	  67	 530	 502	 487	 492	 493	 495	
162	1472	 851	 814	1191	1388	1463	1293	  34	 500	 521	
163	  37	 103	 253	 254	 256	1036	1019	1020	1022	 502	
164	   8	  13	  30	 247	 527	1027	1031	 506	 507	1020	
165	  39	  53	 114	 518	 985	 998	 992	 232	 481	 486	
166	 114	 388	 944	 946	 955	 426	 890	 781	 799	1658	
167	   2	  51	 248	 510	 522	1048	1024	 251	 485	 976	
168	   6	  16	  34	 128	 130	 264	 266	 267	1055	1058	
169	  18	 115	 119	 247	1024	 994	1001	1010	1002	 936	
170	  26	 114	 225	 493	 520	1038	 495	 497	 503	 499	
171	  60	 102	 114	 946	 955	 398	 444	1673	 647	 760	
172	  17	  27	 251	 492	1016	1029	1042	1034	1021	 503	
173	  26	  27	 224	 251	1020	1035	1044	 497	 502	1010	
174	   6	  33	 136	 152	 562	1111	 537	 541	 263	1021	
175	   6	 424	 525	1015	1024	1031	1032	1034	 957	 973	
176	  18	  29	  30	  33	 527	1051	1055	1059	 530	1044	
177	 287	 556	 964	1049	1057	1077	1086	1087	1003	1004	
178	 242	 321	 949	 408	 411	1307	1308	1309	1310	 397	
179	  60	 207	 237	 507	 987	 999	 481	 955	 946	 416	
180	   2	   6	  15	 128	 132	 528	 532	 534	1058	1051	
181	 143	1130	1440	1470	1528	  75	 131	1166	 272	 914	
182	   6	  16	  60	  61	 262	 264	1031	1023	 128	1005	
183	  46	 444	 932	1029	1034	1042	 457	 880	 810	 821	
184	   1	 154	 285	 602	1098	 541	 263	 513	 465	 897	
185	  41	  61	 128	 261	 262	 263	1043	1045	1037	1040	
186	 110	 114	 130	 263	1066	 520	1031	1032	1006	1008	
187	   2	  15	 126	 130	 132	1046	1049	 522	1036	1037	
188	   6	 109	 261	 548	1065	1088	1067	1068	1072	1027	
189	  11	 109	 298	 565	1094	1113	 996	1038	1039	1043	
190	 139	 207	 530	1029	 946	 225	 444	 453	 923	 416	
191	 104	 115	 119	 500	1027	1031	1032	 982	 996	1003	
192	  18	 454	 955	 999	1022	1002	 804	 853	 889	 903	
193	 189	 250	 277	 820	 826	 315	 408	1454	 316	1024	
194	 171	 478	 638	1618	 762	  24	 379	 270	 641	1160	
195	   6	 112	 247	 516	 532	1049	1063	1064	1030	 936	
196	 170	 244	 247	 262	 519	1019	1024	 495	 504	 999	
197	  72	 112	 968	1029	1059	 995	 827	 917	 936	 862	
198	 225	 276	 860	 943	 976	 299	1414	 304	 667	1248	
199	  17	 126	 242	 502	 513	 518	 519	 516	1026	 507	
200	  44	 255	 544	 575	 584	1104	1070	1088	1009	 259	
201	1388	 984	  14	 162	 635	1201	 586	 606	  90	 305	
202	 105	 470	 790	 826	 268	 651	1472	1604	1552	 119	
203	  17	 120	 231	 247	 529	1050	1018	 476	 484	 978	
204	  12	  26	  33	 261	 264	 265	 532	 534	1040	 526	
205	  39	  57	  61	 120	 513	1030	1034	1037	1040	1035	
206	  27	 251	 927	1013	 935	 415	 906	 794	 843	 849	
207	 207	 467	 530	 220	 651	1388	1175	1217	1646	 302	
208	  92	 221	 246	 259	 513	1007	 934	 808	 895	 810	
209	  33	  51	 115	 128	 519	1026	1011	1012	 490	 999	
210	   6	  61	 497	 537	 560	1080	1081	1070	1078	1036	
211	  38	 124	 130	 249	 259	 515	1031	1032	1012	1026	
212	  35	  57	 236	 251	 262	 519	 522	 524	1033	1034	
213	   3	  59	 126	 139	 552	1087	1091	1092	1068	1071	
214	   1	  32	  72	 145	 293	 295	1098	 564	1071	1076	
215	  24	  30	 531	 532	 543	1068	1055	1011	 998	1000	
216	  34	  74	 278	 285	 545	 555	1070	 536	1039	1029	
217	 112	 261	 972	1023	1045	1060	 979	 988	 409	 453	
218	   3	  30	 268	 990	 994	 470	 954	 442	 826	1643	
219	  30	  57	 242	 253	 513	1030	1038	1033	1034	 493	
220	 189	1175	1303	1455	1360	1414	1430	1433	1196	1292	
221	  10	  60	 136	 539	1088	1095	 507	 126	 946	 949	
222	1347	 113	 119	  84	1455	1175	1485	1600	  74	 316	
223	  57	 247	 962	1013	1066	1070	1018	 963	 980	 986	
224	 750	   3	  59	  66	 266	 543	 550	1087	 546	 547	
225	   3	  57	 114	 246	 256	1029	1034	1023	 247	 999	
226	  17	 113	 119	 126	 267	 529	 518	1032	 519	1021	
227	  27	 128	 131	 503	1027	 507	 518	1006	1000	 491	
228	  29	 392	 501	1026	 419	 432	 801	 840	1617	1624	
229	   3	  49	  59	 248	 255	 519	 507	 498	 501	 504	
230	  19	  61	 279	 293	1068	1078	1029	1044	1030	 510	
231	  35	  52	  61	 503	1030	1037	 977	 979	 987	 468	
232	 101	 120	 126	 262	 535	1056	 270	1027	 490	 512	
233	  18	  30	  60	 266	 545	 554	1078	1084	1079	1070	
234	 125	 597	 628	 652	 239	 748	 804	 831	 763	 325	
235	   2	   4	   9	  66	 274	 542	1065	1047	1048	 131	
236	  18	  24	  62	  67	 548	1081	1091	1061	1063	1065	
237	  53	 104	 263	 518	 532	1044	1045	1028	 992	 998	
238	  34	 115	 918	 992	1010	1027	 933	 964	 937	 445	
239	   3	  18	  66	  68	  70	 284	 287	 289	 571	1109	
240	  27	  60	 114	 493	1045	 494	 502	 225	 483	 981	
241	 897	1213	  27	 114	 251	 516	1026	1029	1013	 493	
242	  19	  59	 462	 489	 504	 513	 493	 495	 494	 987	
243	 104	 109	 470	 500	 993	 940	 217	 883	 929	 931	
244	  38	  73	 153	 160	 307	 301	1014	 141	 270	 514	
245	  18	 115	 119	 247	1024	 987	 994	 999	1002	1001	
246	  25	 113	 271	 293	 562	1046	1051	1059	1014	1038	
247	  18	 115	 119	 999	 936	 782	 853	 882	 903	 854	
248	  30	  57	 130	 272	 531	 533	 537	1045	 532	1032	
249	  17	  57	 138	 145	 559	 567	1107	1110	1109	 568	
250	  61	 232	 266	 548	 550	 552	1036	1055	 998	1015	
251	  13	  53	 129	 274	 546	 547	1070	1059	1042	1029	
252	   6	  27	  57	 243	 251	 516	1034	1039	 517	 508	
253	   6	   8	  34	  67	 279	 547	 549	1071	 537	1049	
254	  18	 593	1472	1475	1511	1257	1513	1141	1516	1368	
255	  18	 103	 251	1068	 505	 989	 956	 207	 444	 459	
256	   6	  35	  37	  74	 563	1119	1123	1107	1111	 285	
257	  20	  53	 259	 262	 528	1044	1052	1024	 503	1014	
258	  21	  49	 251	1013	 463	 949	 470	 935	 940	 106	
259	  41	 113	 119	 262	 524	1043	1053	1046	1001	1013	
260	  16	  28	  63	 126	 249	1030	1019	 240	 493	 495	
261	   2	  51	  59	  62	 254	 513	 514	 504	1009	1010	
262	  41	 254	 281	 530	1097	1037	1023	 843	 898	 368	
263	   6	  15	  31	  66	 139	 291	1086	1089	1080	1060	
264	   1	   3	  30	  32	 126	 128	 541	1075	1077	1072	
265	  30	 785	 955	 971	 910	 912	1678	1680	 330	 334	
266	  30	 108	 818	 906	 839	1658	 330	 334	 389	 769	
267	  14	 114	 292	 541	 571	1057	1061	 517	 524	1037	
268	 322	 935	1210	1122	1251	1347	 801	  53	 368	1158	
269	   2	   4	   8	 603	1091	 123	 520	 462	 934	 910	
270	   1	   3	  33	 133	 140	 283	 550	 555	 552	 284	
271	  53	 293	 305	 311	 539	 544	 975	 364	 773	 865	
272	  20	  63	 120	 261	1023	1042	 262	 512	1016	1003	
273	   4	  96	 956	 994	 400	 414	 837	 842	1644	1669	
274	  18	 108	 126	 261	 267	1057	1064	1066	1062	1038	
275	  19	 119	1010	1080	 857	 884	 891	 892	 350	 359	
276	 177	1064	1122	1458	1463	 927	1449	1104	 867	1541	
277	 840	 911	1026	1243	1323	1612	1329	1342	1366	1389	
278	  11	  14	 113	 255	1026	 999	 119	 979	 464	 466	
279	  88	 526	 576	  90	1676	 190	 856	 481	 789	1139	
280	  69	 123	 541	 567	1127	1074	1028	1044	 269	 501	
281	  29	 392	 501	 432	1617	1624	  25	 518	1028	1039	
282	  40	  63	 927	 999	1020	1010	 944	 450	 855	 794	
283	  35	 103	 242	1004	 960	 978	 438	 868	 894	 915	
284	  61	 233	 481	 497	 516	1039	 510	 491	 492	 829	
285	 103	 104	 465	 492	1018	1036	1026	 494	 500	 983	
286	   3	   7	  68	 150	 293	 304	 575	 582	1091	 550	
287	   6	  34	  61	 262	 267	1053	1059	 525	1044	1033	
288	   4	  27	  31	  33	 521	 534	 536	1058	1053	1033	
289	 220	 434	 460	 517	1040	1015	 467	 481	 979	 936	
290	  18	 139	 275	1095	 510	 528	 481	 487	 500	 170	
291	   4	  40	 152	 593	 298	1094	 541	  63	  72	 465	
292	  11	  19	  37	  71	 285	 557	1086	1077	1080	 547	
293	   7	 150	 153	 628	 569	1028	1035	 385	 673	 746	
294	   4	 270	1042	1048	1084	1104	 473	 913	 963	 972	
295	  10	  15	  63	  69	  73	 147	 583	1118	 296	 578	
296	   5	  16	  71	 134	 287	 290	1091	1097	1093	1087	
297	   2	  33	 292	 554	1069	 525	 552	 531	  61	 264	
298	  24	 129	 268	 280	 287	1095	1080	 284	1047	 273	
299	 211	 259	 310	 317	 264	1014	 213	 227	 449	 825	
300	   1	  56	 121	 209	 216	 222	1617	1624	   8	  22	
301	  40	  42	 573	 616	1127	 274	 524	 939	 206	 243	
302	  16	  27	 925	1038	 951	 102	 434	 855	 404	 829	
303	 217	 606	1252	1028	 436	 827	1293	1201	1526	1449	
304	 189	 494	 927	1010	 795	 374	1319	1458	1598	1463	
305	  38	  61	 145	 299	 305	 591	1127	 559	 569	1077	
306	  21	  57	 115	 128	 260	1034	1036	1040	 512	 513	
307	  46	 141	 271	 558	1065	1061	 507	 529	 535	1019	
308	  14	 135	1079	  95	 483	 953	 895	 180	 207	1511	
309	  14	  28	  57	  63	 126	 513	1034	1037	 249	 505	
310	  12	  56	  63	 128	1026	1034	 982	 994	 998	 918	
311	   1	  61	 151	 319	1147	1127	 286	 123	 268	 529	
312	   2	   9	  10	 136	 142	 144	 597	1145	1682	 300	
313	  63	 120	 147	 568	1070	 251	1014	1016	 477	 939	
314	 143	 269	 550	 438	 480	 911	 217	 361	 846	1595	
315	  37	 104	 253	 267	 538	 543	1062	1058	1045	1046	
316	  18	  27	 265	 266	 523	 530	1053	1056	1051	1029	
317	   5	   7	  15	 124	 255	1012	 241	 501	  29	 232	
318	  54	  73	 129	 139	 292	 549	 275	 279	 528	 529	
319	   3	  49	  63	 120	 251	1035	1038	1041	1011	1020	
320	  21	 224	 262	 535	1033	1050	1036	1018	1020	1021	
321	   1	 129	 273	 280	1059	1041	1044	1048	1052	 490	
322	   6	 115	 130	 263	1033	 995	 927	 962	 977	 413	
323	 243	 253	 261	 525	1058	1059	1061	1063	1015	1025	
324	   6	   8	  61	 128	 260	 537	 540	 543	 538	 539	
325	  11	  17	 291	 554	1058	1065	 519	 529	 242	 255	
326	  35	  55	 293	 564	1112	1126	1077	 552	1009	1014	
327	 180	 555	 578	 186	 258	 767	 265	 237	1652	 194	
328	   8	1077	 420	 444	 792	1506	 651	1388	1191	1265	
329	  27	 102	 256	1000	1037	1057	1046	1005	1027	 941	
330	  18	  27	  64	 145	 557	1088	1099	1072	 285	1062	
331	  18	  33	  67	 506	 521	 527	 530	1045	1037	1041	
332	  43	  59	  62	 141	 287	1107	 560	 522	 526	 533	
333	  53	  61	 467	 487	 492	 495	 493	 969	 207	 220	
334	 140	 550	 172	 227	 705	 731	 157	 329	 325	 568	
335	  76	 101	 468	 499	 513	1028	 950	 971	 102	 408	
336	 422	 986	 721	1393	1511	1347	1360	1537	1541	 600	
337	  18	 103	 115	 522	1022	1042	1043	1024	1032	 996	
338	  17	  24	 240	 507	 529	1045	 518	 519	1017	1020	
339	  49	  67	 159	 295	 300	1035	 552	1028	 495	 542	
340	   6	  60	 251	 254	 522	1032	1043	1682	1033	1034	
341	   4	  26	  62	  63	 507	 515	1037	1029	1016	 484	
342	  21	  60	  68	 144	 150	 151	 307	 583	 306	1121	
343	  24	  63	 142	 153	 158	1126	1091	1101	1110	 147	
344	  15	 132	 284	 305	 307	 310	 585	 576	 569	1088	
345	  91	 128	 158	 591	1122	 285	1060	1026	 138	 507	
346	  52	 873	 915	 939	 960	 189	 224	 810	 833	 846	
347	  61	 277	 525	 554	 575	1090	1059	1065	 535	1006	
348	  27	  30	 128	 499	 513	1038	1005	 936	 959	 974	
349	   2	  31	  60	  63	 521	1034	1042	1036	1040	1017	
350	  18	  24	 115	 129	 517	1039	1047	1026	1034	 252	
351	   3	  26	  56	 120	 251	 520	 523	1052	1046	1041	
352	   6	  30	  34	 507	 532	 537	1040	 998	1025	1006	
353	   3	  53	  63	 120	 512	1044	 502	 231	 236	 969	
354	   2	   3	  38	 151	 152	 584	 591	1132	1136	1113	
355	 464	1673	1056	1307	1612	1308	1410	1309	1362	1310	
356	 365	 507	 999	 839	 584	1358	1472	1555	1616	 634	
357	  34	  49	  60	  61	 130	 522	 526	1058	1053	1055	
358	   2	  51	 125	 247	 256	 521	1043	 510	 248	 239	
359	 372	 494	 927	 801	 840	1612	 585	 711	1458	1541	
360	 149	 254	 262	1023	1060	1068	1071	1067	1033	1037	
361	  24	  67	 138	 287	 552	 559	 561	1092	1089	 553	
362	   3	  52	  63	 120	 507	 518	1035	1028	1020	 246	
363	  17	 126	 162	 310	 322	 606	 315	 544	 562	 129	
364	 376	 912	 585	 711	 743	1530	1541	1471	1300	1406	
365	 615	 971	1028	1454	 910	1678	1680	1054	1042	1293	
366	   1	   6	   8	 126	 131	 261	 523	1043	1044	 262	
367	  30	 113	 119	 251	1027	1044	1053	 256	1020	 990	
368	  16	  57	  67	 127	 264	 521	 524	 525	 526	1044	
369	  35	 214	 456	 487	1030	 488	 499	 994	 990	 458	
370	   8	 121	 479	 520	 949	 229	 473	 925	 862	  95	
371	  19	  59	 488	 533	1040	 995	1009	1018	1019	1001	
372	   6	  13	  59	 253	 524	 528	1053	1026	1030	1036	
373	  27	  33	  67	 301	 583	1135	 562	 570	1091	1082	
374	  56	 121	 151	 547	 549	1064	 246	 969	 887	 107	
375	 767	 892	 924	1034	 957	1059	1326	1485	1558	1599	
376	  30	 108	 256	 989	 999	 459	 954	 966	 935	 938	
377	  20	  60	 114	 256	1021	1046	1025	1027	 494	 502	
378	  41	 268	 609	 363	 895	 768	1347	1541	 571	1170	
379	  47	  67	 131	 283	 562	1077	1057	1062	 271	 272	
380	 389	1026	 585	 825	1389	 646	1243	1323	1348	1370	
381	  11	  14	  32	 266	 277	 278	 554	1088	1089	1087	
382	   5	   6	  14	  65	 130	 532	1047	 263	 524	 527	
383	   3	  53	  61	 126	 129	 539	1060	1064	1061	1051	
384	  53	  61	 492	 493	 494	 927	 969	 201	 906	 207	
385	   2	   9	  66	  68	  69	 291	 135	 548	 258	 274	
386	  54	 104	 917	1030	 927	 112	 851	 883	 889	 862	
387	  70	 299	 568	1150	 300	 988	 997	 928	 951	 129	
388	   5	  29	  59	 130	 524	 526	1052	1044	1047	1031	
389	  17	  55	  73	 155	 158	 609	1144	 597	1127	1133	
390	   4	  30	  64	 502	 510	 516	 521	1042	1020	 506	
391	  20	 140	 259	 272	 545	1070	1078	 547	1067	1060	
392	  18	  60	 115	 261	 545	1066	1073	1077	1078	1076	
393	 211	 386	 428	 433	 651	 739	 175	 606	 511	 549	
394	  37	 130	 556	1080	 986	1024	 995	 853	 906	 958	
395	  19	  29	 119	 253	 266	 534	1053	1055	1046	1052	
396	 314	 839	1004	 872	 877	 900	 882	 883	 352	1326	
397	   8	  28	 119	 130	 535	 545	1078	1081	 546	1073	
398	   3	  63	 270	 280	1077	1098	1102	1087	1088	 541	
399	1215	 142	 627	1178	1052	1089	1111	 514	 515	 977	
400	 494	 927	 609	1319	1458	1463	1507	1080	1186	1110	
401	 159	1000	 304	 420	 724	1163	 236	1386	1410	  19	
402	   6	  30	 126	 535	 539	1061	1004	1021	1025	 962	
403	  34	  60	 119	 267	1026	1027	1030	 502	 992	 999	
404	 392	 432	1235	1617	1236	  62	  63	 251	 257	1043	
405	1094	1319	1362	1377	1618	1511	1237	1266	1599	  93	
406	 137	 162	 164	 569	 257	 839	 385	 723	1414	 685	
407	 481	 902	1046	1087	 924	 928	 615	 789	 821	 854	
408	  27	  63	 251	 504	1042	 985	 461	 491	 463	 468	
409	 167	 250	 260	 568	1066	1085	1092	 525	1016	 870	
410	  29	  60	  61	 490	 510	1020	1026	 491	 497	 501	
411	  19	 253	 533	 986	 870	 887	 908	 888	 892	 320	
412	   2	 133	 240	 258	 265	 268	 266	 520	1027	1003	
413	  27	  57	  67	 260	1034	1040	 997	1013	 998	 119	
414	   6	 224	 464	 500	1015	1031	1043	1032	1022	1024	
415	  16	  57	 120	 244	1011	1023	 246	 993	1000	 247	
416	  24	 175	1233	 568	  60	 109	 213	 835	 203	 204	
417	1070	 625	 773	1267	 733	 999	1104	 838	 644	 886	
418	  22	  50	 238	 464	 481	 971	 911	  98	 423	 885	
419	  24	  63	 128	 129	 260	 517	1034	1038	1040	1039	
420	  30	  51	 260	 261	 262	 524	1043	1032	1038	1035	
421	   3	  13	 130	 268	 532	 539	1056	1006	 494	 997	
422	  80	 103	 512	1036	1057	1060	 207	 461	 929	 940	
423	 464	 512	1056	 878	 653	 738	1511	1616	1520	1149	
424	  18	 400	 481	 992	1020	1043	1022	1024	1027	 994	
425	 178	 247	 345	 436	 791	 755	1511	 382	 709	 632	
426	 107	 460	 533	1034	 984	 998	1003	 846	 924	 940	
427	   4	  14	  29	 120	 124	 127	 125	 252	 250	 123	
428	  72	 510	 945	1039	 165	 393	1485	 285	 596	1223	
429	  33	1191	1234	 910	1678	1680	1293	1527	 641	 322	
430	   1	  60	 536	 537	1040	1045	1051	1041	1006	1021	
431	 599	 912	 677	 743	1471	1530	1357	1106	 799	1190	
432	  30	  61	 233	 510	 521	 525	1037	1038	1039	 993	
433	  20	 101	 119	 126	 512	1031	1044	1032	1034	1017	
434	  27	 103	 258	 263	 520	 522	 524	1042	1044	1029	
435	  33	 157	 323	1191	 588	 513	1026	  47	 242	 466	
436	  29	 126	 498	 553	1079	1052	 236	 243	 944	 461	
437	  60	  63	 136	 562	 570	 554	1026	1035	1045	1037	
438	  18	 114	 115	 128	1023	1037	1033	 512	1002	1005	
439	  57	 110	 114	 986	1020	1034	1040	 120	 974	 232	
440	   5	   7	  14	  60	  63	 127	 128	 261	 525	 523	
441	   9	  16	  17	  34	 509	 517	1037	1027	1029	 511	
442	  30	  71	  72	 143	 569	 286	  73	 526	 133	 506	
443	  11	  28	  29	  31	 125	 518	 519	1028	1022	  61	
444	  37	 397	 915	 987	1024	1027	 992	1000	 970	 446	
445	  20	 278	 487	1028	 436	 949	 872	  85	 382	 755	
446	  61	 232	 503	 994	 940	 965	 942	 943	 813	 865	
447	  44	 481	 547	1018	 486	 389	 414	 790	 808	 806	
448	  12	  56	 237	 240	1019	1030	 505	 239	 934	 952	
449	  22	  50	 239	 256	 267	 536	1059	1062	1063	1050	
450	   8	  68	 175	1191	 293	  62	1644	1669	 200	1534	
451	   3	  26	  29	 122	 254	1067	 520	1046	 240	 249	
452	   5	  24	 137	 576	 578	1112	1094	1101	1080	 527	
453	  43	 140	 278	 539	1088	1005	1009	 843	 350	1466	
454	 689	1055	 701	1161	  29	 304	 572	1092	 148	 541	
455	  48	 139	 164	 203	 450	 414	 772	1524	1449	1336	
456	 139	 554	 935	 987	 356	 382	 441	1644	1667	1669	
457	   3	  38	 150	 307	 319	 312	 591	 576	1095	 291	
458	  53	  72	 279	 287	 292	1118	1091	1101	 544	1079	
459	  34	 236	1001	1033	1086	1005	 456	 916	 953	 345	
460	  21	 128	 260	 265	 266	 536	 537	1043	 512	1012	
461	  18	 400	 913	1002	1021	1024	1022	 935	 958	 454	
462	   3	   6	 120	 128	1022	1041	1046	1049	1025	1026	
463	   2	  60	 247	 552	1036	 995	1017	 109	 837	 876	
464	  26	 107	 114	 262	1033	1045	1039	1003	 481	 493	
465	  90	 126	 487	1020	 507	 427	 447	 895	 429	 162	
466	   3	   5	  39	  71	 140	 283	1070	1071	 544	1059	
467	  20	 113	 263	 505	1022	1043	1025	 996	1003	 933	
468	  19	 136	 141	 554	 565	1082	1069	1042	1053	1061	
469	  32	  55	 114	 250	 509	1039	1043	1047	1028	 253	
470	 103	 112	 489	1035	1050	 936	 971	 978	 939	 415	
471	  16	  61	 246	 247	1013	1025	1033	1031	1018	1020	
472	 102	 136	 162	 596	 610	 616	 620	1166	1153	1155	
473	 104	 112	 466	 499	 524	1036	1018	1022	 500	1002	
474	  63	 481	 562	1141	1160	1144	 568	 569	1073	 525	
475	  18	  53	  61	 487	1024	 492	 994	 999	 493	 973	
476	 236	 251	 262	1005	1029	 954	 966	 990	 960	 456	
477	 110	 413	 468	 512	1030	1042	 987	 994	 927	 974	
478	  24	 224	1028	1066	 854	 931	 171	 361	 420	1527	
479	  53	 114	 302	 313	 578	1079	 544	1051	1060	 116	
480	   3	  24	 245	 273	1029	1047	1036	1039	 515	 519	
481	  26	 104	 123	 259	 270	1051	1058	1056	1033	1034	
482	  36	 783	 910	1019	 912	 938	 839	1624	1676	1678	
483	  17	 119	 493	1043	 441	 874	 901	 902	 813	 846	
484	  86	 224	 277	 289	 558	1066	 535	1037	 516	1012	
485	   4	  96	 117	 127	 238	  99	 443	 196	 423	  64	
486	 172	 986	 568	1502	 262	1541	1458	1463	   4	 315	
487	  69	  73	 145	 315	1127	1131	1082	 278	 542	 544	
488	 772	 825	1502	1552	1634	1648	1554	1185	1199	 997	
489	  19	  50	 235	 242	1056	 519	 520	 239	 999	1010	
490	 103	 112	 978	 802	 870	 915	 918	 878	 810	 166	
491	  74	 126	 242	 256	 262	1043	1046	 513	 518	 519	
492	 224	 420	 964	 996	1022	1003	 848	 878	 324	 335	
493	  53	 112	 139	 141	 297	 564	 570	 560	1070	 144	
494	  36	 113	 236	 253	 263	 267	 992	 994	 998	1004	
495	   3	  16	 147	 149	 567	 583	 570	 571	 577	1098	
496	  21	  29	 132	 133	 138	 278	 542	 537	 518	 529	
497	1511	 987	1144	 359	 361	1646	1667	1670	1477	1538	
498	 131	 261	 274	 553	 575	 976	1009	 890	 161	 377	
499	   4	  29	  33	 126	 273	 278	 547	1079	1072	1074	
500	 147	 272	 479	 978	 886	 207	 764	 345	 663	1307	
501	 320	 489	 936	 821	 883	 352	 745	1333	1444	1384	
502	  35	  54	 469	 497	1041	1048	1050	 487	 926	 942	
503	   1	   6	  17	  18	 144	 569	 575	1107	1108	 290	
504	 126	 491	1121	1155	1156	 493	 910	 924	 931	 386	
505	 649	 850	 694	 726	1093	1212	1193	 587	1068	1489	
506	  30	 533	1042	 901	 957	 928	  93	 114	 223	 773	
507	   8	  13	  14	  31	  63	 128	 263	 530	1058	 527	
508	 103	 123	 287	 544	 547	1023	1037	1038	 958	 994	
509	 464	1307	1308	1309	1310	1362	  35	 110	 247	1048	
510	 494	1010	1070	1455	1463	1507	1458	1080	1186	1292	
511	   1	  56	 121	 494	 927	 209	 216	 222	1617	1624	
512	  18	 110	 115	 980	1019	1026	1036	 982	 994	1003	
513	  35	  52	 247	 503	1027	 979	 992	1001	1004	1002	
514	 110	 129	 279	 292	 300	 307	 305	 575	1065	 531	
515	1106	1414	1455	 189	1096	1175	  15	  29	  62	 124	
516	  53	 107	 114	 490	1021	 491	 992	 998	 974	 481	
517	  10	  30	 114	 497	1024	 507	1010	 994	 116	 119	
518	  32	  35	 241	 256	 266	1052	1053	 522	1044	1035	
519	   1	   7	  14	  15	  62	 127	 255	 521	1038	1039	
520	  29	  57	 114	 493	 513	1026	1034	1008	1020	 501	
521	 165	 611	 741	  84	1284	1155	1156	 130	 279	 545	
522	   6	 103	 115	 253	 256	1038	1019	1023	 986	 997	
523	   2	   3	  15	 130	 262	 532	 536	1073	1064	 263	
524	 104	 255	 299	 555	1088	1057	 260	 525	1025	 998	
525	 253	 261	 266	 267	 439	 442	 901	 884	 891	 853	
526	   6	  50	  61	 253	 258	 521	 525	1037	1039	 510	
527	  38	  70	 131	 287	 535	1038	 971	 986	 111	 255	
528	  35	 108	 130	 256	 267	 532	 534	1055	 522	1031	
529	 119	 814	 851	1189	1388	1463	1558	1599	1467	1514	
530	  94	 113	 120	 262	 270	1023	1004	1008	 252	 253	
531	   5	  14	 122	 240	 249	 254	1038	 513	1026	 489	
532	   7	 126	 138	 281	 285	1138	 574	1122	1125	1126	
533	 155	 609	 224	 469	 628	 647	 251	 327	1108	1074	
534	   2	  35	 130	 256	 266	 267	 532	1065	1057	1038	
535	  15	 117	 277	 565	 575	 578	1072	 551	 552	1016	
536	   2	  27	 132	 137	 284	 290	1103	1081	1082	 138	
537	 205	  73	1171	 552	1143	 559	1074	  56	 449	 951	
538	 224	 966	 979	1012	1063	 980	 700	 803	1604	1168	
539	  27	 404	 493	1021	1027	1045	1050	1051	1053	1033	
540	  37	 454	 955	1000	1057	1021	 970	 804	 888	 899	
541	  35	 126	 991	1022	1063	1079	1068	1007	1008	1010	
542	 345	 535	 536	1030	1007	 837	 864	 364	 413	 765	
543	 158	 259	 264	 268	 513	 934	 346	 384	 810	 246	
544	 494	1070	1303	1458	1463	1507	1319	1110	1186	1215	
545	 464	 915	1024	1080	1108	1357	1511	1555	1528	  18	
546	   6	  59	 119	 505	 519	1043	1051	1055	1046	1048	
547	  32	  55	  61	 246	 254	 518	 521	1039	1028	 507	
548	  34	  36	 246	 548	 564	1109	1064	1068	1070	 261	
549	  18	 104	 119	 253	 985	 999	 922	 947	 964	 958	
550	   4	  26	 115	 247	 518	1039	1048	1043	1022	1028	
551	 105	 129	 307	 325	 331	1179	1078	 262	 504	 513	
552	   6	  16	  34	 260	 525	 530	 536	1061	1064	1050	
553	   6	  27	  32	 130	 136	 273	 277	1081	1082	1078	
554	 224	 932	 965	1034	1018	 952	 312	1604	 681	1291	
555	  18	  32	  60	  65	 521	 536	1045	1024	1033	 507	
556	   3	 112	 119	 126	 129	 262	 532	1049	1051	1047	
557	  11	  56	 120	 250	 526	 535	 537	1058	1047	1051	
558	   1	   3	  31	  62	  64	 512	 516	 518	1036	1024	
559	  34	  57	 244	 539	1031	1059	1034	 998	1021	1024	
560	  18	 915	 359	 782	1511	1573	1530	1550	1434	1445	
561	  85	 155	 578	1191	 581	 356	 436	 382	 756	1399	
562	  59	 115	 119	 267	 534	1059	 999	1030	1000	 491	
563	  41	  61	 114	 128	 512	1029	1037	1019	 999	 232	
564	  18	  63	 115	 130	 256	1046	1019	1029	1031	1032	
565	  16	  27	  62	  63	 130	 260	 262	1043	 261	1038	
566	  67	 562	1012	1039	1082	1085	1095	 934	 941	  80	
567	   1	  27	  29	  33	 541	1076	 131	1044	1045	 531	
568	  49	 253	 954	 406	 871	 905	 918	 876	 877	 822	
569	  18	 457	 536	1000	1040	1027	 936	 970	 992	 995	
570	  33	  96	 227	 249	 521	 506	1011	 490	 963	 924	
571	  30	  57	 242	 253	 513	1024	1025	 493	 497	 478	
572	  18	 400	 454	 512	1021	1022	1002	 909	 955	 958	
573	 129	 236	 251	 262	1029	1008	 954	 445	 456	 864	
574	  12	  98	 248	 499	1021	1042	1045	 503	 507	 985	
575	 149	 253	 980	 986	1019	1027	 995	 394	 861	 341	
576	 422	 848	 850	 882	 904	1643	 534	 766	1592	1620	
577	  19	 259	 269	 573	1056	 513	 528	 514	 516	 517	
578	  36	 935	 963	 985	 971	1682	 314	 666	1485	1486	
579	  18	 108	 243	1007	1010	 961	 991	 972	 824	 875	
580	  18	  29	 247	 503	 519	1048	1050	1054	1041	 516	
581	   1	   3	  64	 256	 260	 511	 516	 518	1037	1030	
582	  30	 108	 239	 522	1036	1045	1059	1046	1051	1037	
583	  26	  55	 119	 248	 259	1036	1039	 512	1022	1024	
584	 103	 424	 832	1258	1336	1502	1513	1427	 996	1043	
585	  27	  67	 242	 261	 266	1053	1029	1033	1035	 499	
586	  45	 466	1026	 956	 170	 414	 772	1389	1419	 316	
587	1454	1412	  52	  57	 248	 253	 537	 539	1067	 529	
588	  14	  18	  73	  77	 302	 583	1121	1126	1127	 573	
589	   9	  49	 251	 501	 518	1039	1045	1040	1013	 462	
590	   2	   3	  34	 128	 514	 524	 530	1046	1048	1049	
591	  17	 136	 251	 512	 525	 526	1011	 485	 499	 501	
592	  13	  37	  75	 331	 345	1176	1193	1170	1145	 594	
593	  60	  61	 542	1060	1008	1030	 114	 128	 261	 971	
594	  21	 104	 251	 254	 260	 263	 522	 525	1045	1043	
595	 138	 422	 948	1034	1045	1040	 968	 982	 997	 998	
596	  75	 115	 973	 782	 882	 899	 359	 691	1456	1539	
597	  40	 213	 463	 497	 171	 178	 716	1520	 317	 642	
598	 374	 999	1616	1634	1648	1658	 634	1358	1465	1530	
599	  17	  27	  30	 250	1016	1038	1044	1021	1029	 491	
600	  43	 106	 251	 263	 535	1059	 266	1030	1019	 500	
601	 336	1046	 426	1511	1121	1122	1506	 888	1092	 961	
602	  75	 115	 119	 130	1032	 987	 999	1003	 990	 247	
603	  18	 113	 115	 255	1022	1032	 256	1003	 995	 119	
604	  42	 104	 119	 131	 258	 517	1027	 506	 509	 511	
605	  34	  60	  61	 128	 264	 538	1065	1070	1066	1060	
606	  86	 126	 584	1113	1142	1158	1127	 946	 998	 336	
607	 236	 251	 456	 990	1019	1029	1039	1002	1005	1008	
608	  26	  71	  72	  73	 143	 147	 286	 558	1076	1078	
609	 176	 407	 474	 494	 986	 927	 941	 444	 790	1674	
610	  74	 249	 974	1027	1067	1033	1034	 981	 983	 986	
611	   3	  49	 233	 248	 255	 516	1042	 519	1028	 498	
612	  30	 108	 999	 818	 837	 158	 330	 369	 389	 769	
613	  16	  27	  34	 128	 256	1032	1022	1028	1029	 499	
614	   6	  60	 253	 499	1026	 500	 505	1004	 995	 999	
615	   6	  36	 126	 138	 139	1072	1083	1074	1057	1066	
616	  60	 801	 840	1673	 376	 398	 760	1628	1485	1541	
617	   4	  32	 127	 524	 537	 542	 547	 525	 526	 530	
618	 128	 270	 301	 558	1060	 466	 513	 986	 890	 322	
619	  18	 103	 119	 263	 266	 534	1061	1053	 516	1032	
620	  14	  26	  34	 270	1046	1073	1054	1057	1019	1032	
621	 361	 516	 519	 537	 987	 573	 794	 832	1667	1670	
622	 572	 982	1052	1122	1318	1472	1643	1511	1347	1528	
623	   6	 247	 936	1001	1024	1032	1003	 983	 987	 989	
624	  75	 115	 536	 970	 225	 903	 946	 908	 899	 348	
625	  18	  53	 115	 544	1068	1044	 119	 264	 491	 967	
626	  60	 502	 923	1026	 840	 139	 376	 760	1541	 675	
627	  21	  29	 266	 547	1098	1060	1085	 280	1050	 517	
628	   3	  16	  57	  63	 127	 517	 520	1041	1044	1680	
629	  16	  34	 139	 270	 537	 547	 549	 551	1083	1071	
630	 114	 224	 253	 530	1064	1084	 498	 963	 967	 225	
631	  20	  27	  60	  61	 251	 519	1039	 510	1020	1013	
632	 166	 261	 522	 540	1072	1085	1077	1046	1020	 486	
633	   6	  60	 267	 502	 522	1053	1055	1030	1032	 505	
634	 320	 889	 352	 766	1592	1628	1384	1449	1485	1127	
635	 371	 414	 502	 516	1026	 994	 956	 969	 837	 842	
636	  34	  35	  60	 256	 261	 262	 263	1027	1030	1031	
637	 110	 126	 501	1042	 518	 427	 432	 162	 382	 392	
638	  35	 533	 539	1059	 963	 982	1000	 964	 838	 893	
639	   2	  15	  32	 132	 270	 277	1086	 263	 525	1047	
640	   9	  17	  18	 263	 271	 537	1071	 528	 532	1056	
641	   1	 214	 249	 253	 521	 527	1043	1048	1036	1038	
642	   5	 150	 289	1144	 291	 563	1080	 268	 510	1020	
643	 112	 136	 149	 573	1109	1070	 530	 554	1035	 263	
644	 589	1010	1360	1414	1106	1454	1455	1292	1430	1433	
645	   3	  61	  65	  71	 283	 289	 290	1087	 285	 542	
646	 494	 927	1080	1458	1463	1507	1110	1186	  12	  56	
647	  16	  57	 120	 524	1025	1036	1049	1051	1033	 993	
648	  28	 165	 294	 588	1160	 591	 282	1014	 496	 502	
649	 130	 256	 921	 990	1022	1031	1032	1003	 947	 958	
650	 790	1511	1245	  28	  76	 328	 629	 631	 616	 150	
651	 162	1628	 567	 768	1485	1347	 596	1223	 801	 361	
652	   4	  25	  30	 495	 507	 518	1039	1020	1026	1028	
653	 571	 870	1524	1368	 917	 701	 741	1238	1138	 359	
654	  53	  61	 140	 292	 570	1101	1079	 544	1065	1070	
655	 823	  79	 162	 660	 665	 678	 631	 161	 320	 285	
656	 180	 237	 265	 193	 254	1020	 225	 458	 463	 221	
657	 456	 464	 942	 981	 960	 965	 797	 808	1624	 533	
658	  17	 242	 513	 519	1005	1020	1029	 964	 427	 447	
659	   8	  64	 287	 292	 574	1098	 293	1090	1011	1054	
660	1347	 264	1019	 497	 510	 524	 922	 202	 404	 433	
661	   2	   3	 123	 278	 289	 551	1063	 535	 545	 546	
662	   1	   3	  62	 126	 128	 257	 513	 514	1028	1020	
663	   6	 104	 128	 278	 557	1087	1093	1084	 532	 536	
664	   8	  29	  62	 139	1095	 281	  64	 133	 268	1012	
665	 110	 140	 261	 554	1060	 969	1018	 243	 951	 444	
666	   9	 136	 268	1030	 257	 469	 902	  29	 835	 875	
667	  18	  32	  60	 250	 530	 534	1049	1042	1045	1047	
668	  18	  25	 253	 501	 518	 985	 473	 485	 933	 936	
669	  29	  32	  68	 272	 549	 552	1051	1022	1023	1024	
670	  18	 267	 500	1039	1053	 936	 983	 424	 454	 902	
671	  34	 115	 263	 525	 543	 551	1078	1064	1050	 487	
672	 108	 398	 818	 837	1628	 158	 369	 769	1541	 711	
673	   6	  49	 113	 251	1013	1028	1042	1032	 989	 996	
674	 112	 130	 532	1055	 947	 967	 438	 440	 906	 921	
675	  76	 101	 123	 251	 494	 499	 231	 485	 971	 926	
676	   3	  30	  66	 253	 267	 532	1059	 533	1047	1048	
677	  19	  65	 130	 255	 262	 266	 267	 532	1035	 256	
678	   6	 101	 253	 512	 983	 999	 985	 464	 947	 922	
679	 108	 126	 253	 261	1008	1010	 500	 972	 986	 224	
680	  53	 101	 119	 491	 518	1030	1036	1018	1021	1024	
681	 263	 799	 912	 360	 677	 743	1471	1357	 599	1106	
682	 444	1191	 934	 430	1104	1122	 372	 867	  37	 490	
683	  18	 103	 247	 252	 256	1062	1068	 532	1049	1043	
684	 533	 896	1034	 656	 796	1383	1409	1422	1406	1078	
685	   7	  50	  56	 121	 251	 504	 505	 224	 238	 479	
686	  14	  27	  32	  67	 270	 534	 535	 536	1059	1682	
687	 166	 400	 502	 516	1026	 969	 414	 374	 767	 770	
688	   1	  14	  15	  61	  62	  63	1035	 252	 510	1026	
689	   6	 119	 493	 495	1022	1043	1046	1024	1025	1027	
690	 304	 453	1066	 458	 389	 724	1676	1122	1225	1326	
691	  24	 113	 120	 129	 517	1033	1039	1017	 252	1004	
692	 437	 737	1318	1604	1362	   6	 259	 261	1024	1041	
693	  60	  67	 548	 993	1006	1007	1016	 109	 120	 477	
694	  10	 259	 272	 551	 577	1101	1112	1082	1093	1087	
695	   8	  57	 114	 502	 516	1040	1034	1008	 232	 955	
696	  17	  53	  63	 256	 512	 513	 521	1040	1021	1022	
697	  18	 106	 115	 128	 133	 537	 542	 544	1062	1068	
698	   9	 118	 123	1040	1084	 257	 985	 226	 464	 936	
699	 374	 634	1476	1130	1155	1156	1472	  58	  64	 262	
700	 353	 901	1620	 587	1347	1520	1159	1247	1277	1289	
701	  17	  30	 115	 128	 254	 262	 522	 523	1040	1034	
702	  36	 494	 938	 999	 839	1634	1648	1658	1664	1682	
703	  34	 104	 927	 985	1022	1043	1032	 990	 996	 997	
704	  18	  24	 119	 129	 267	 273	 546	1068	1060	1055	
705	   4	  26	 263	 279	1059	1078	1088	1068	 533	1041	
706	  17	  33	  59	  65	 256	1031	 504	1018	 489	 493	
707	  25	  31	  36	  71	 290	 582	 577	 580	 561	1098	
708	  91	 206	 247	1019	1084	1086	1021	 971	1001	 822	
709	  18	  73	 263	1044	1095	1100	 977	1019	 988	 242	
710	  13	  15	 130	 132	 266	1043	 252	 508	1000	 954	
711	   2	   7	  15	  33	 315	 591	 595	 300	 305	 307	
712	  10	  27	 129	 271	 283	1088	1092	1082	1083	1085	
713	   3	  59	 233	 248	 255	 519	 507	 498	 504	 239	
714	 130	 247	 256	1001	1031	1010	 438	 440	 906	 908	
715	 114	 129	 143	 154	 545	 546	1048	 281	 531	 535	
716	  27	  32	 133	 586	1144	 590	 592	 595	1132	1127	
717	   5	   6	  16	  61	 264	 538	1063	1058	 128	 521	
718	 189	 795	1010	 911	1644	1669	 361	1303	1455	1534	
719	 253	 497	 953	1060	 966	 807	 918	 838	 309	 398	
720	  53	  63	 120	 240	 254	1044	 224	 493	 467	 476	
721	   6	 439	1007	1064	1017	 875	 960	 971	 898	 899	
722	 365	 481	 507	 971	 885	 584	 675	1594	1155	1221	
723	 253	 394	 980	1027	 888	 910	1676	1678	1680	 341	
724	  60	 106	 114	 251	1013	 927	 934	 945	 444	 794	
725	  17	 104	 120	 128	 253	 523	1036	1040	1034	1012	
726	 135	 479	  27	 251	 253	 512	1024	1029	1013	 983	
727	  51	 619	 627	 975	1011	1034	1012	  60	 246	 471	
728	  35	  60	 114	 253	 256	1026	1038	1029	1031	1032	
729	   8	  13	  14	  15	  62	  63	1035	1038	1026	1028	
730	 374	1634	1648	 551	1476	1554	 558	 613	 637	1294	
731	  19	 263	 534	1025	1051	1067	1068	1033	1038	 942	
732	   3	   7	  56	  63	 506	 513	1035	 516	 510	 120	
733	   2	  18	  62	 138	 536	 539	1059	1043	1049	 265	
734	   6	 426	 951	1030	1035	 981	 441	 442	 904	 444	
735	  18	 115	 119	1024	 936	 822	 854	 899	 903	 915	
736	 987	1664	1667	1670	1122	1387	1477	1538	1144	 814	
737	 104	 112	 263	 987	1024	1030	 927	 970	 397	 862	
738	  53	 114	 280	 571	 513	1014	 518	 447	 481	 507	
739	  14	  58	  65	 263	1027	1031	 992	1000	1009	 120	
740	 162	 801	 935	 166	 768	1485	1347	1377	 567	 596	
741	   3	 114	 949	1028	 866	 887	 287	 411	 787	1604	
742	  75	 397	 915	 994	1000	 927	 970	 832	 851	 888	
743	  18	  27	 120	 254	 512	 521	 526	1046	1044	 513	
744	  60	 801	 935	1621	1628	 162	 166	 361	 768	1304	
745	  36	 244	 249	 263	 530	1051	1062	1063	 536	1043	
746	 146	 236	 957	 987	 853	 854	1667	1670	 348	 359	
747	   4	   7	  41	 154	 159	 322	 318	 603	 313	1118	
748	  17	 119	 126	 519	1065	 529	1040	1020	 505	 507	
749	  41	 123	1079	 928	 120	 244	 833	1511	 197	 212	
750	  27	  49	  59	  61	 249	 516	 521	1038	 251	 512	
751	  41	 126	 280	 281	1091	1107	1119	1097	1066	1068	
752	  35	 425	 499	 503	1040	1048	1045	1002	 938	 942	
753	  46	 446	 522	 533	1055	1060	1061	1023	1025	1027	
754	 464	 512	 938	 800	 878	 843	 653	 738	1508	1616	
755	 374	 456	 960	 999	 981	 797	 801	 839	 376	 392	
756	  57	 114	 261	 270	 280	1070	1076	 543	1067	1052	
757	 509	1111	 422	  84	1397	1423	 394	1223	  37	 292	
758	  89	 258	 331	 333	 647	 628	1052	 172	 365	 739	
759	   6	  27	 130	 250	 256	1031	1042	1044	1032	1022	
760	1095	1155	1476	1527	1156	1235	1254	1236	1530	1082	
761	  34	 102	 115	 130	 267	 532	 533	 534	1052	1031	
762	 162	 422	 985	 989	 996	 999	 867	 901	1620	1628	
763	  30	  33	  76	 140	 144	 290	 553	1079	 544	1070	
764	 102	 219	 251	 532	1080	1030	 981	 987	 468	 900	
765	   4	  27	  63	  67	 128	 260	 262	1040	 519	1036	
766	 412	 471	 531	1063	1101	1069	1007	 939	 987	 720	
767	   6	 221	 251	 253	1021	1045	1024	1029	1004	1007	
768	   6	  60	 494	 536	1063	1000	1030	 947	 970	 983	
769	 308	 446	 933	 937	 964	 967	 791	 850	 868	 799	
770	   1	   3	  16	  63	 133	 134	 267	 538	 539	1065	
771	  17	  30	 128	 129	 133	 533	 536	 538	 539	1064	
772	  41	  60	 225	 999	 232	 207	 444	 416	 839	 840	
773	  66	  67	 129	 300	 562	1097	1079	 542	 544	1065	
774	  67	 246	 574	 589	1113	1012	1023	 262	 953	 464	
775	  31	  51	  56	  60	  63	1039	 510	1020	1010	1014	
776	  82	 104	 119	 132	 270	1082	1061	 524	1023	 960	
777	   4	   8	  58	 122	 126	 519	1040	1031	1035	1037	
778	 626	 861	1005	 890	 683	1353	1484	1562	1563	1584	
779	  18	 104	 247	 996	1001	1015	1002	 978	 851	 899	
780	  18	 107	 115	 251	 500	1008	1015	 992	 998	1003	
781	 162	 220	 247	1001	1014	1017	1002	1004	1009	 919	
782	1476	1554	1634	1648	 911	  15	 112	 242	 255	1087	
783	  43	 101	 469	 499	 519	1030	1041	 503	 994	 487	
784	 374	 456	 464	 985	1045	 999	 942	 960	 981	 965	
785	 115	 119	 942	 994	1045	 960	 965	 973	 981	 456	
786	  46	  57	 277	 296	 551	1090	1068	 968	 998	1019	
787	  27	 470	 934	1013	1673	 387	 391	 396	1618	 658	
788	 420	1244	1012	 779	1673	 791	1443	 325	 701	 645	
789	  18	  30	 247	 490	1031	1036	1040	1042	 492	 497	
790	  43	 548	 638	 843	 278	 730	1600	 236	 604	1211	
791	   3	  30	 231	 247	 512	1035	1041	1021	1022	1024	
792	  18	 113	 119	 250	1022	1040	1046	1043	1024	1032	
793	  75	 263	 803	 889	 899	 903	 600	 782	1466	1545	
794	  22	  54	  63	 258	 517	 525	1046	1043	1022	1031	
795	  53	 871	 928	 307	 364	 789	 346	1267	 979	1045	
796	  68	 296	 594	 619	1176	1012	1062	 199	 250	 909	
797	 247	 908	 957	 973	 987	1001	1002	1615	1621	1664	
798	  35	 515	1074	1122	  53	 401	1511	 311	 650	 696	
799	 256	 422	 933	 989	 992	 996	 949	 960	 964	 799	
800	 107	 394	 497	1033	 916	 953	 963	 580	 675	 730	
801	  35	  54	 456	 487	1020	 495	 499	 468	 951	 971	
802	 113	 119	 526	 532	 533	 534	1055	1024	1027	1035	
803	  33	 249	 490	 985	1045	1011	 951	 960	 963	 423	
804	   5	 273	 307	1155	1156	 517	1028	 387	 455	 462	
805	  27	  38	  39	 576	 257	1014	 492	 941	  55	 421	
806	 328	 853	 354	 722	1539	 740	1480	1511	1231	1620	
807	  13	  30	 282	 284	1058	1092	1059	1068	1065	 509	
808	  10	  27	  57	  60	  63	 126	 519	1037	 513	1028	
809	  16	  60	 225	 499	 502	 945	 398	 444	 846	 408	
810	   2	  29	  60	  61	  62	 254	 524	1044	1045	1046	
811	  26	  29	 501	1010	 944	 951	 212	 426	 432	 434	
812	 360	 481	 489	 507	1020	 912	 971	 799	 885	1610	
813	 128	 192	 240	 994	1019	1030	 464	 952	 467	 201	
814	   6	 107	 256	 989	1015	1024	1025	 991	 999	1000	
815	   2	  32	  61	 142	 567	 581	1110	1091	1092	 291	
816	  17	 102	 462	 489	 513	 493	 494	 466	 468	 940	
817	 110	 130	 967	1019	1038	 438	 889	 906	 279	 667	
818	 162	1628	 567	 768	1485	1347	1377	 596	 609	1213	
819	  20	  60	 112	 489	 505	1026	1030	 493	 500	 502	
820	 365	 507	 971	1094	1318	1609	1610	1369	1250	1257	
821	  16	  18	  61	  65	 139	 536	1061	1062	1063	1064	
822	  17	 126	 466	 507	 513	 518	 519	1020	 481	 487	
823	  10	  38	 524	 561	 577	1079	 994	1051	 120	 272	
824	  44	 206	1009	1016	 802	 864	 825	 843	  67	 344	
825	  84	 113	 501	1062	1083	1089	1091	 503	1027	 966	
826	  18	 112	 254	 276	1059	1037	 256	 266	 513	1000	
827	 456	 464	 960	1045	 981	 797	 808	 545	 723	1069	
828	  16	  53	 126	 249	 522	1054	 523	1044	 507	1012	
829	 549	1155	1454	1156	1541	 686	1201	1158	1472	1357	
830	  14	 219	 536	1027	1080	 994	 870	 887	 892	  19	
831	  18	  59	  60	 530	1049	1053	1057	 115	 119	 982	
832	  39	 224	 232	 486	 502	1035	 985	 926	 949	 956	
833	  85	 139	 300	1108	1157	 536	 563	 549	 889	 354	
834	  26	  33	  61	 510	 524	1029	1039	1001	1020	 233	
835	   5	  14	  15	  31	 126	 273	 546	1075	1068	1071	
836	  17	  26	  62	 247	 256	 524	1044	1051	1045	1037	
837	  17	 104	 119	 128	 522	 523	1034	1040	1036	1026	
838	  11	  37	  68	 133	 269	 527	1032	1037	 523	 263	
839	 115	 262	 986	 903	 181	 359	 728	 782	1600	1604	
840	   5	  26	 136	 138	 141	 296	 562	 289	 556	1088	
841	  16	 840	 950	 999	1026	1634	1648	1658	 169	 372	
842	   8	 250	 405	1644	1646	1669	  70	 732	1534	1399	
843	 182	 490	 223	1512	1652	 312	 333	1307	1308	1309	
844	  75	 117	 247	1002	 987	 915	1664	1667	1670	 361	
845	  29	 392	 393	 432	 419	1155	1156	1235	1236	  63	
846	   5	 324	 602	 644	 648	1191	 589	 227	 864	 935	
847	  23	  52	 278	 285	1066	1039	1050	 510	 519	 528	
848	  17	  26	  29	  33	 141	 289	 561	 563	1103	1104	
849	  26	 104	 114	 251	 261	 516	1036	1040	1038	1027	
850	   6	  32	 246	 267	 532	 533	1049	1027	1039	1031	
851	  43	 110	 135	 542	 538	1040	1013	 253	 965	 967	
852	  17	 126	 242	 507	 519	 529	 513	1020	 466	 487	
853	  14	  63	 114	 120	 251	 525	1046	1019	1020	 240	
854	 251	 512	1005	1067	1113	 943	 984	 667	1414	1192	
855	   2	  26	  57	 123	 510	1032	1034	1017	1027	 248	
856	  72	 114	 233	 490	 510	1039	1020	 491	 497	 492	
857	  37	 112	 115	 247	 983	1001	 459	 967	 970	 976	
858	   8	  13	 112	 506	1030	 913	 917	  24	 104	 219	
859	   5	  51	  63	 259	 516	 521	1046	 493	 502	1013	
860	  74	 115	 995	1033	1055	1058	 811	 883	 914	 933	
861	  57	 105	 120	 123	 130	1040	1046	 252	 513	1034	
862	  10	  30	 138	 144	 301	 304	 582	1116	1118	 579	
863	   8	 434	 491	 519	 526	 533	 528	1044	1035	 502	
864	  90	 157	 307	1127	 541	 264	 278	1012	 507	 518	
865	  17	  53	 126	 507	 519	1044	1019	1020	1021	 466	
866	  17	 101	 123	 251	 254	1038	1039	 510	1013	 492	
867	  20	  61	 130	 136	 138	 290	1076	 553	 555	1072	
868	 120	 271	 291	 307	 581	1088	 537	 547	 554	 548	
869	 178	 259	 931	 987	1041	1004	 980	 434	 461	 872	
870	 128	 263	 453	 486	 890	 903	 158	 221	 413	 864	
871	  18	 112	 261	1053	1063	 983	 990	 995	 454	 459	
872	  30	 927	 955	1010	1038	 189	 785	1360	1414	1458	
873	  26	  63	 493	 497	1029	 941	1621	  33	 353	 724	
874	1158	1673	 119	1388	1122	1191	  53	 253	 513	 521	
875	   3	  53	 130	 270	 544	1060	1067	1072	1062	1063	
876	  17	  57	 120	 126	 128	1025	1034	1040	1036	1026	
877	  18	  53	 119	 128	 264	 267	 268	1059	 524	1050	
878	   3	 122	 255	1034	1047	 260	 525	 982	 123	 248	
879	 146	 244	 256	 983	1018	 989	 914	 947	 962	 970	
880	  53	1039	1122	 193	 466	1511	1646	1558	 729	1600	
881	   7	   9	 154	 159	 160	 318	 589	 298	 300	 307	
882	 149	 293	 535	 548	1098	1051	1066	1067	1057	1009	
883	  25	 125	 300	 301	 566	 569	 528	 540	 129	 132	
884	  12	 106	 117	 491	1017	1035	1045	1036	1024	 992	
885	  30	 110	 129	 522	 537	1072	1058	1059	 525	1042	
886	  41	 502	 541	1026	 507	 524	 525	 987	 882	 935	
887	   6	  16	  67	  70	 148	 293	 295	 574	1108	1107	
888	 424	 456	 464	 985	 942	 960	 796	 911	 797	 808	
889	  19	 276	 321	 602	1109	 278	 295	1025	 525	 478	
890	  24	 109	 252	 273	 284	1072	 536	1043	1049	1026	
891	  30	  51	 236	 261	 262	 524	1052	1053	1055	1042	
892	   5	   9	  38	 158	 163	 313	1144	 591	 597	1127	
893	  18	 422	 512	1003	 950	 984	 457	 876	 913	 798	
894	 155	 259	1040	 473	 321	 750	 815	 354	 692	1287	
895	  18	  30	 115	 119	 973	 936	 108	 854	 882	 903	
896	  26	 150	 232	 436	 823	 358	 755	 772	 338	1406	
897	  16	  34	  38	 141	 292	 578	1119	 573	1103	1095	
898	  61	 101	 467	 492	1037	1042	 985	 969	 971	 201	
899	  91	 278	 974	1033	 458	 949	 862	 164	 408	 792	
900	  24	 252	1012	 160	 192	 193	 300	 596	 473	1029	
901	  19	  32	 126	 278	 281	1067	1081	1070	 539	1059	
902	   6	  60	 247	 522	1029	1048	1004	 922	 983	 928	
903	  27	  62	 255	 277	 563	1088	1093	1033	1051	1057	
904	  10	  27	  30	  61	  63	 519	 521	 523	1050	1037	
905	 567	 801	1628	 596	 768	1485	1127	 935	1347	 166	
906	   5	  30	  63	 502	1042	 988	1013	 231	 493	 974	
907	   2	  17	  60	 130	 272	 279	 556	 557	1100	 551	
908	 224	 251	 533	 460	 940	 833	 846	 564	 758	 774	
909	   3	  24	  57	 245	 515	1025	1032	1036	1039	1027	
910	 104	 112	1030	 851	 888	 917	 643	 700	 775	1560	
911	 160	 266	 997	1034	1070	 825	 844	 856	 304	 353	
912	   6	 112	 949	1025	1027	 981	 986	 426	 438	 903	
913	  88	 118	 268	 564	1086	1103	1057	 257	 263	 955	
914	   6	  30	  57	 247	1013	1018	 972	 979	 981	 984	
915	 154	 193	 225	 254	 458	 160	 332	 728	 762	 353	
916	 105	 159	 323	 982	 993	1028	 108	 243	 250	 806	
917	   2	 103	 500	 512	1029	1036	 990	1001	1002	 921	
918	   2	  54	 496	  33	  67	  68	 279	 542	1074	 541	
919	  59	 281	 547	 460	 972	 879	 363	 757	 838	 759	
920	1110	1507	1080	1377	   7	  14	  15	 124	 255	 507	
921	  34	 422	 960	1059	1067	1086	1088	1089	 981	 998	
922	 256	 525	 534	1086	 967	 398	 424	 771	 806	1628	
923	  41	  99	 494	 507	 520	 997	1028	1003	 953	 968	
924	  60	  67	 270	1016	1023	 490	 985	1012	 986	 989	
925	   3	  52	 120	 251	 256	1035	1044	1041	1034	 502	
926	 376	 456	 464	 981	 960	 797	1624	 545	 675	 723	
927	  19	 456	 488	 533	1057	1064	1034	1038	 952	 985	
928	   3	  30	 119	 126	 262	 519	 522	 524	1043	1038	
929	  24	 252	 256	 989	1024	 997	1012	1000	1001	 924	
930	   3	  57	 239	 273	1047	 515	 519	1028	1020	 246	
931	  12	  53	  56	  60	  61	 114	 487	 502	 492	 474	
932	   1	  58	 139	 300	 595	 280	 554	 568	1079	 561	
933	 345	 862	1063	1080	1186	1288	 899	 263	1380	 296	
934	  49	  57	 140	 571	1063	 271	 538	1044	1030	 526	
935	 372	 453	1002	1026	1029	 840	 911	 585	1323	1463	
936	   2	   5	  62	 139	 272	 277	 550	 535	1059	 264	
937	  18	 115	 119	 126	 519	1024	 994	 242	 481	 973	
938	  18	  32	 241	 270	 536	1063	1076	1064	1062	 516	
939	  36	  51	  61	 512	 522	 526	1043	1024	 996	1019	
940	 189	 848	 996	1084	1015	 882	 953	 345	 390	1611	
941	   6	  17	 126	 247	 253	 518	 519	 507	 513	1020	
942	   3	  28	  58	 254	 262	 531	1061	1062	1049	1050	
943	  24	 141	 153	 293	 562	 554	1076	 270	 539	1044	
