  1	 114	 733	 793	 851	 868	 811	 814	1589	1500	1193	
  2	 127	 251	 484	 519	 543	 511	 479	 481	 483	 909	
  3	  50	 511	 174	 478	 172	 275	 486	 483	 496	 186	
  4	  28	  55	  64	 127	 250	1016	 248	 228	 237	 483	
  5	1053	 954	 741	 467	 279	 285	 851	 886	 887	 865	
  6	 114	 993	 851	1449	1589	1599	1463	1499	1467	1252	
  7	  12	1053	1125	1137	1055	1084	 445	 887	 899	1550	
  8	  19	  50	 119	 262	 522	 511	 514	 516	 246	 492	
  9	  15	  28	  64	 117	 483	 470	 199	 216	 222	 202	
 10	  50	 114	 127	 571	1103	1121	1084	 522	1053	1055	
 11	 221	 968	 387	  39	1421	 700	1166	 490	 432	 463	
 12	  14	  33	  64	 128	1039	 512	 248	 487	 475	 478	
 13	 390	1449	1193	 320	 353	1175	1589	1512	1599	 856	
 14	  12	  33	  64	 128	 129	 522	 512	 516	1021	 251	
 15	 408	 511	 486	 509	 516	 517	 522	 519	 428	 492	
 16	  22	  59	 133	 534	1093	 538	1053	1055	1059	 134	
 17	 487	 143	  99	 483	 192	 498	 176	 531	 578	  98	
 18	  57	 251	 315	 316	1099	1129	1084	 460	 469	 942	
 19	 187	 478	 483	 521	 133	 433	 631	 474	  50	 582	
 20	 657	 484	 275	 173	  76	 135	 181	  50	 177	 520	
 21	 659	 663	 174	 528	 962	1643	1368	1194	 485	  48	
 22	 814	 851	1053	 865	 954	 868	 886	1500	1268	 315	
 23	  12	 256	 278	 292	 297	1080	 279	1019	 519	 460	
 24	  22	  64	  67	 134	 137	 537	 528	1039	 136	 262	
 25	 315	 513	 322	 750	 126	  50	  89	 484	1063	 519	
 26	 962	1368	 772	 136	 514	 520	 606	  12	 478	  98	
 27	 134	 479	 272	 528	 484	 647	 654	 632	 514	 208	
 28	 114	 251	 516	 519	1007	1020	 430	 462	 915	 936	
 29	   9	 246	 483	 173	 176	  42	 487	 250	  13	 150	
 30	  12	  14	 124	 126	 129	 236	 483	  50	 223	 100	
 31	  23	  48	  56	 515	 474	 485	 199	 216	 211	  86	
 32	  89	  98	 176	 603	 269	 313	  56	 127	 318	  23	
 33	 174	 204	 250	 302	 318	 127	 313	 603	  12	  22	
 34	  14	 124	 126	 236	 474	 197	 133	 170	 185	 191	
 35	 174	 313	   1	  79	 210	 196	 204	 746	   7	  31	
 36	 328	 117	 748	 119	 814	 851	1463	1558	1599	1467	
 37	 114	 408	 510	 519	 945	 430	 919	 169	 173	 193	
 38	   9	 135	 483	 516	 487	 515	 429	 469	 480	 430	
 39	  15	  50	 471	 204	 215	 845	 393	 182	 333	 751	
 40	 483	 173	 176	 487	 196	  71	  97	 248	 588	  99	
 41	  48	 114	 525	 464	 921	 923	 189	 693	1211	1240	
 42	 114	 488	 513	 984	1039	 968	 170	 187	 750	1473	
 43	 492	 512	 886	 887	 915	 653	 793	 811	 851	 868	
 44	  60	 113	 984	1084	1007	 114	 945	 119	 467	 902	
 45	  64	 129	 480	 498	 514	 520	 483	 429	  98	 173	
 46	 340	 187	 427	  23	 705	   9	  12	 182	 315	 180	
 47	 179	 305	 357	   9	  12	  64	  50	 302	 172	 223	
 48	  10	  14	  61	 127	 129	 268	 530	 255	 511	 502	
 49	 543	1368	1643	 868	 814	1512	 851	1367	 150	1628	
 50	  96	 181	 195	 475	 265	 318	 175	 172	 127	 210	
 51	 486	 116	  50	 109	 161	 582	 172	 685	 478	 751	
 52	  12	  64	 127	 511	 520	 246	 248	 480	 483	 474	
 53	  14	 427	 467	 503	 518	 523	 507	 479	 432	 837	
 54	  12	  52	  61	 506	 528	 510	 515	 479	 484	 959	
 55	  28	  55	 127	 496	 511	 975	 228	 471	 480	 197	
 56	  12	 954	1053	 408	 745	1446	1473	1268	 169	 741	
 57	 116	 262	 500	 522	1065	1039	 510	 429	 450	 467	
 58	  12	 114	 516	 543	1001	1019	 883	 968	 887	 888	
 59	 302	 512	1137	1184	1143	 963	 968	 483	 834	 937	
 60	  12	 113	 126	 302	1084	1019	 114	 119	 479	 483	
 61	  11	  28	  55	 216	  99	 197	  22	 655	 750	 143	
 62	1367	1428	1500	1512	 851	1053	 644	 114	1466	1252	
 63	 479	 528	 647	 632	  86	 514	 659	 200	 663	 212	
 64	 793	 851	 868	 886	 811	 814	1589	1268	1282	 887	
 65	  45	  64	  67	 136	 277	1055	1063	1041	1053	1045	
 66	 478	 511	 657	 486	  50	  12	 172	 356	 150	  73	
 67	  12	 126	 127	 129	 248	 474	 482	 199	 228	 209	
 68	  89	 126	 129	 511	 236	 242	 169	 191	 750	 659	
 69	  45	 128	 262	 506	 511	 512	1022	 513	 469	 488	
 70	 304	1084	1174	1463	1268	1019	1121	 966	 921	1473	
 71	  58	 114	 516	  83	  89	 179	 302	 208	 509	 515	
 72	  50	 270	 562	1037	1045	1053	1055	1007	1022	 429	
 73	  48	 479	 480	 519	 520	 527	 483	 178	 192	 673	
 74	 305	 191	 179	  89	 357	 315	  64	 657	 170	 514	
 75	  12	 134	 511	 515	1019	 223	 432	 156	 172	 198	
 76	 199	 262	 522	 432	 886	 887	 814	 851	 865	 868	
 77	  45	  50	 127	 272	 492	 114	 150	 478	 199	  48	
 78	  28	  31	 246	 496	 517	 482	 485	 204	 216	 423	
 79	  56	  59	  64	 124	 520	 126	 512	1005	 242	 498	
 80	  15	 124	 474	 228	 182	 187	 654	 484	   4	 163	
 81	   8	 134	 511	  70	 176	 194	 789	 276	 640	 663	
 82	 571	 851	 868	 886	 811	 814	1449	1463	1512	1268	
 83	 107	 262	 279	 467	 954	 851	 886	 887	 868	 316	
 84	  17	  67	 133	 511	 512	 513	 236	 492	 963	 975	
 85	 114	 262	 320	 634	 791	 851	 868	1643	 814	1463	
 86	  12	  50	 238	 223	  64	  83	  89	 750	 180	 660	
 87	 315	 512	 868	 945	 963	 887	 915	 408	 733	 793	
 88	  14	  97	 124	 126	 242	 236	 474	 197	  79	 170	
 89	  11	  56	 134	 268	 272	 530	 507	 515	 510	 511	
 90	  57	 251	1064	1126	1131	1143	 256	 512	 543	1019	
 91	  30	  59	  60	 127	1019	1041	 251	1005	1007	 114	
 92	 390	1282	1643	1367	1428	1512	1449	1368	1262	 114	
 93	   1	  12	 210	 248	   7	 508	  70	  98	 191	 147	
 94	 838	1193	1262	1268	1398	1467	1512	1428	1449	1367	
 95	1268	1019	 945	 718	 114	1193	 242	1473	 169	 984	
 96	  12	  64	 516	 528	 114	 427	 429	 168	 169	 199	
 97	  12	 134	 248	 268	 529	1019	 497	 510	 993	 959	
 98	  70	 116	 124	 248	 509	 514	 515	 510	 511	 496	
 99	 114	 242	1101	 170	 190	 602	 640	 484	 134	1019	
100	 483	  96	 487	  50	 346	 902	 324	 196	  64	 210	
101	 170	 208	 517	 527	 187	 744	 136	 394	 342	1446	
102	 390	 272	  12	1007	 315	 302	1053	 937	 312	1589	
103	 258	 582	  12	 286	 603	 269	  50	 248	  56	   1	
104	 651	1065	1170	 177	 500	  64	 156	 463	 478	 489	
105	 318	  22	 313	 191	 170	 144	 474	 316	 659	 515	
106	 169	 501	 205	 302	 657	 502	 518	 213	 127	 170	
107	 603	 127	  56	 340	 272	 237	 119	 814	 851	1463	
108	  89	 199	 313	 318	 603	 520	 205	 168	 269	  14	
109	 114	 489	1070	1131	 493	 189	 429	 740	 750	 190	
110	 347	 429	 954	1053	 728	 170	 516	 522	 492	 851	
111	 127	 603	  56	 216	 357	  79	 237	 179	   9	 732	
112	  98	 318	 316	  22	 357	 174	 172	 170	 317	  64	
113	  12	  50	  22	  89	 180	 750	 288	 310	 333	 315	
114	 276	 432	 503	 505	 529	 601	1217	 709	 178	  12	
115	  12	 114	 134	 519	1065	 256	 497	 511	 512	 513	
116	 543	 863	 615	1463	1121	1174	 318	 484	 515	1070	
117	  12	  64	 134	 272	 534	1065	1067	1070	 511	 513	
118	  11	  28	  60	  64	 272	 528	 529	 527	 127	 129	
119	  12	  57	 511	 512	1043	1007	 114	 242	 497	 919	
120	  89	 100	 236	 520	 242	 474	 199	 133	 183	 185	
121	 106	 212	 543	1036	 952	1005	 432	 709	 716	 771	
122	   8	  28	 485	 497	 520	 504	 488	 493	 494	  50	
123	  14	 126	 236	 520	 528	 478	  89	 173	 134	 316	
124	   9	 213	 514	  48	  86	 603	 515	 661	 433	 663	
125	 811	 851	1019	 868	 954	 886	 887	 814	1199	1268	
126	  12	  48	 227	 497	 514	 522	 516	 517	 519	 502	
127	   1	  15	  28	  31	  64	 257	 515	 121	 496	 117	
128	 320	1131	1643	1174	1368	 114	1449	1262	1172	 697	
129	 357	 498	 515	 242	  98	  12	 132	  83	  79	 475	
130	  12	 279	 313	 612	 318	 606	1136	 953	1020	1045	
131	  11	  97	 127	 515	 236	 242	 474	 197	 223	 133	
132	  96	 114	 516	 135	 302	  87	 208	   8	 526	 475	
133	 100	 302	  12	 317	 305	  64	 483	  96	  98	  50	
134	  15	  50	  64	 121	 496	 117	 480	 483	 228	 471	
135	 487	 223	 272	 479	  98	 180	  64	 156	1019	 124	
136	  83	 131	 133	 498	 511	 520	 528	 519	 236	 479	
137	   1	   7	  64	 126	 132	 133	 527	 520	 127	 129	
138	   5	  51	  64	 135	 528	1053	1055	 530	1037	 503	
139	  89	  98	 237	 238	 100	 135	 183	 186	 603	 302	
140	   1	  14	 124	 126	 242	 236	 474	  97	 197	 133	
141	  89	  98	 470	 496	 220	 136	 185	 196	 394	 342	
142	   9	 191	 269	 172	 286	 246	  25	  99	 127	 427	
143	  22	  50	 246	 100	 174	 357	 763	 257	 318	 603	
144	 397	 469	 429	 811	 814	 851	 868	1427	1193	1344	
145	 500	 513	 954	1019	1268	 445	1467	 945	 169	 837	
146	   5	  96	 471	 181	 332	 265	 302	 628	 472	1047	
147	   1	  97	 124	 236	 474	  11	 170	 191	 659	 133	
148	  50	 134	 246	 510	 519	 248	 496	 963	 483	 430	
149	  14	  97	 124	 242	 498	 236	 474	  98	 133	 170	
150	  89	  98	 176	 186	 318	 204	 603	  56	 285	1012	
151	  45	 127	 149	 165	 315	 320	1172	 316	 615	1159	
152	  12	  26	  64	 135	 279	1055	 137	 272	 528	 531	
153	  89	 114	 129	 511	 516	 474	 480	 223	 427	 272	
154	  22	  48	 467	 503	 529	 530	 837	 168	 171	 192	
155	 483	  25	 173	 176	 487	 515	 269	 132	 100	  71	
156	 127	 479	 488	 510	 174	 429	 651	 435	   1	 156	
157	   7	   8	 250	 496	 520	 528	 498	  56	 211	 429	
158	  12	 272	1019	 695	1449	1500	1512	1159	 646	 251	
159	   8	 100	 131	1073	 238	 475	  12	  98	 789	 176	
160	  10	 114	 134	 272	1065	1073	1070	 528	 534	 492	
161	  98	 137	 531	 433	 192	 317	  11	 305	 515	 302	
162	 762	 318	 197	 185	 302	 134	 170	 187	  98	 427	
163	 480	 657	  50	 169	 114	 603	 302	 181	 285	 660	
164	   5	  15	 228	 250	 511	 241	 975	 478	  50	 222	
165	 100	 246	 408	 328	 333	 173	  12	 879	  50	 194	
166	 327	 332	 546	 597	 245	 323	 127	 180	  79	 181	
167	 478	 483	 504	 514	 684	 432	  25	 185	 631	 582	
168	  12	 106	1019	 427	 462	 392	 479	 373	 627	 156	
169	   7	  64	 238	 223	 228	  89	 169	 750	 660	 129	
170	   5	   7	  28	 125	 117	 228	 471	  55	 210	 216	
171	 100	  12	  64	  50	 317	  98	 357	 223	 498	  89	
172	  12	 357	  64	 181	 480	 191	 127	 196	   8	 100	
173	   1	   7	 117	 508	 196	 222	  11	  71	 147	 328	
174	 489	 492	 522	 851	 868	 886	 887	 653	 733	 793	
175	 133	 470	 474	 504	 482	 483	 484	 485	 191	 660	
176	  12	  59	  64	 512	1005	 474	 993	 482	 483	 959	
177	 114	 543	 601	1367	1512	1643	1368	1428	1449	1467	
178	 169	 522	 954	 644	 811	 851	 868	 887	 814	1467	
179	  12	  15	  50	 845	  22	 164	 185	 191	 393	 660	
180	  23	  52	 127	 134	 268	 511	 516	 483	 487	 114	
181	 511	 194	 527	 187	 423	 750	 480	  87	 177	 521	
182	  50	 429	 498	 430	 432	 318	 603	 205	 746	 496	
183	  83	 205	 470	 435	  89	 191	 220	 696	 180	 657	
184	 522	 791	 814	 851	 868	1599	1628	1643	1463	1589	
185	   1	 134	 242	 498	 511	1039	 510	 475	 479	 488	
186	   9	 106	 122	 952	 427	 470	 154	 269	 664	1170	
187	   6	  13	 126	 127	 132	 530	 522	 512	 242	 487	
188	  12	  61	 272	1042	1061	1065	 506	1007	1019	 432	
189	 114	 251	 512	1063	 989	 256	 919	 960	 853	 896	
190	 208	 517	 582	 606	  91	 479	1019	 206	 408	 429	
191	  22	  48	  83	 174	 183	 190	 134	 318	 168	 285	
192	  12	 124	 129	 470	 473	 202	 215	 223	 216	 845	
193	 190	 429	 492	 522	 493	 502	 509	 463	 886	 887	
194	 811	 814	 851	1512	1449	1367	1193	 886	1589	1467	
195	  83	 131	 480	 528	 208	 474	 199	 633	 479	  23	
196	   1	  28	  31	  64	 133	 517	 126	 478	 236	 470	
197	 279	 502	 522	1053	 851	 954	 868	 886	 887	 811	
198	 390	 851	 868	 886	 814	1643	1368	1367	1446	1449	
199	 150	 242	 498	 172	  14	 169	 346	 305	  42	 286	
200	   6	  64	 272	 296	 524	1055	1058	1019	 242	 267	
201	1368	1643	1591	1367	1159	 169	 838	1599	 538	1313	
202	 483	 519	 183	  56	 318	 603	  64	  22	  50	  98	
203	  22	  98	 478	 511	 135	 196	 275	 269	 486	 186	
204	 178	 479	 481	 519	 483	 484	 863	 604	1463	 606	
205	 511	 483	  64	 879	 333	  96	 176	 487	 197	   9	
206	  15	 218	 431	 144	 151	 651	 265	  50	 471	 285	
207	1194	1368	1643	1367	 189	 426	1589	1036	1599	1099	
208	  64	 474	 483	  22	 318	 443	  12	 520	 462	 357	
209	  12	 427	 483	 169	 191	 313	 654	 137	  87	 237	
210	  12	  57	 126	 285	1093	 529	 543	1059	 262	 512	
211	 316	 659	 170	 242	 137	 179	 133	 144	 187	 190	
212	  11	  50	  56	 474	 483	 488	  96	 178	 381	 746	
213	  19	  59	 256	 285	1064	 534	 543	 262	 518	 528	
214	 315	 851	 989	 867	 915	 952	 967	 919	 868	 316	
215	  19	 113	 492	 543	1019	 522	 114	 119	 483	 487	
216	 113	 119	 127	 522	 478	 492	 915	 851	 868	 886	
217	  48	 462	 275	 498	 434	 392	 194	 432	 151	1019	
218	 427	 170	 272	 228	 137	  50	 200	 196	 183	 223	
219	   8	  12	  59	 509	 511	 514	 237	 238	 482	 483	
220	   7	  28	 228	 483	  55	 210	 216	 222	 196	 197	
221	 113	 114	 511	1053	1019	 119	 474	 489	 224	 445	
222	 954	 279	 811	 814	 851	 868	1268	 736	1427	1467	
223	 190	 409	 576	 490	 969	 504	 808	 705	 946	 285	
224	 481	 863	1121	1463	 272	1019	 144	 495	 750	 450	
225	   9	  12	  15	 127	 511	 517	 246	 248	 496	 474	
226	  64	 223	  83	 178	 750	 272	 315	 170	 663	 660	
227	  23	 479	 528	 183	 199	 647	 657	 153	 484	 511	
228	  14	 124	 236	 515	 242	 474	 185	 268	 316	  10	
229	 170	 474	 316	 197	 659	 515	 242	 124	 137	 133	
230	  27	 129	 267	 279	 292	 285	1058	 511	 522	1020	
231	   9	  50	 511	 246	 302	 170	 216	 258	 655	  87	
232	  60	 113	 279	 522	 119	 886	 915	 887	 814	 851	
233	  12	  57	  61	 529	 543	1070	 541	 120	 127	 262	
234	 543	1084	1367	1286	1589	 408	1599	1449	1398	 805	
235	   6	  61	 126	 131	 529	 516	 519	 483	 493	 505	
236	 114	 242	 268	 493	 968	 251	 487	 489	 856	 872	
237	   6	 262	 529	1005	 942	 962	 408	 896	 913	 915	
238	 480	 272	 185	 318	 435	 275	   9	   8	 193	 186	
239	  23	  60	  64	 285	1097	 547	1066	1069	 130	 262	
240	  11	  12	 116	 127	 511	 515	 242	 498	 475	  98	
241	 304	 172	 318	   9	 150	 246	  22	 258	  98	 174	
242	 483	 318	  12	  64	 487	 187	 427	 511	 248	 298	
243	  48	 543	 644	 127	 190	 648	 213	 114	1024	 958	
244	 113	 543	1063	 902	 119	1449	1589	1599	1463	 644	
245	  95	 111	 216	 864	 419	 272	 117	 527	  28	 125	
246	1368	1643	 114	 879	1589	  12	1467	 272	 318	 603	
247	  83	 129	 483	 223	  89	 169	 660	 315	 126	 268	
248	 126	 129	 169	1012	 475	 223	 272	  14	 729	 864	
249	  12	  59	  64	 302	1084	1093	 543	1070	1058	 272	
250	  43	  57	1019	 492	 856	 886	 896	 863	 408	1428	
251	  48	 127	 136	 262	 272	1019	 482	 505	 506	 492	
252	  14	  50	  64	 126	 127	 515	 246	 248	 249	 236	
253	   6	 113	 126	 272	 519	 129	 512	 481	 963	 114	
254	 522	 851	 868	 954	 886	 887	 811	 814	 331	1268	
255	 169	 516	 507	 813	   9	  50	 298	 419	1073	 114	
256	  57	  60	 272	 279	 285	 516	 522	 523	 519	 520	
257	  12	  56	 478	 511	 528	 479	 483	 498	 228	 427	
258	 172	 204	 228	 471	 215	 845	 393	 182	 651	 751	
259	  48	 114	 127	 262	 528	 506	 513	1019	 478	 489	
260	  50	 172	 651	 275	 182	 195	 204	 228	 282	  15	
261	  11	  14	  28	 248	 249	  56	 475	 483	 226	 228	
262	 467	1129	  60	 450	 127	 213	 246	 750	 523	 313	
263	  45	 113	 127	 538	1073	1084	 964	 971	 119	 479	
264	   8	  28	  33	 127	 128	 129	 527	 529	 530	 510	
265	 182	 274	 318	 651	  22	 385	  56	  28	 313	 845	
266	 496	 172	 170	 474	 527	  88	 659	 242	   1	 318	
267	 113	 114	 534	1080	1105	 989	 119	 968	 445	 887	
268	1368	1643	1428	1282	1591	 851	1268	1467	 838	1512	
269	 543	1368	1643	 814	 791	1463	 851	1367	1240	 868	
270	   5	   8	  64	  67	1069	1097	1075	 134	 135	 533	
271	 814	 915	1053	1131	 851	 899	1463	1473	1193	1367	
272	  48	 116	 132	 526	 529	 480	  83	  98	 191	 171	
273	   9	 246	 150	 172	  50	  42	 471	 250	  13	 123	
274	  12	  28	  60	  64	 272	 532	1069	 527	 528	1039	
275	 207	1240	 513	 189	  12	 486	 945	 479	 318	  52	
276	 390	1053	1268	1367	1449	1512	1467	 113	 119	1080	
277	  57	 114	 242	 269	 236	 408	 316	 690	1344	 338	
278	  15	  64	 124	 126	 242	 498	 234	 236	 483	 474	
279	1129	 851	1154	1252	1499	1524	 834	 331	1268	 114	
280	 318	1067	1070	1131	 644	 785	 834	1428	1467	 689	
281	 318	  22	 515	 313	 132	 174	 172	 144	 275	 511	
282	  12	  50	 127	 238	 483	 223	  64	  83	 180	 185	
283	   4	  12	  64	 507	 527	1039	1053	1041	 511	 124	
284	   9	 246	 150	  42	  12	 172	 269	  89	 286	  50	
285	 474	 483	 211	 134	 632	  56	 269	  96	 762	 527	
286	 242	 315	 567	 589	 946	1019	1032	 346	 408	 624	
287	   8	  64	  65	 129	 272	 534	1058	 527	 528	 262	
288	  16	  33	 248	 260	 528	1058	1007	1020	1024	 251	
289	   4	 657	  83	 603	 268	 318	  12	 578	  22	 181	
290	 445	 513	1053	 954	1446	 207	 166	1019	1059	1007	
291	 149	 899	1053	 320	 882	1473	1268	1282	 113	 119	
292	  12	 113	 262	 534	1070	1084	1039	 272	 511	 522	
293	1368	1643	 814	 868	 851	1367	1589	1159	1512	1449	
294	  64	 114	 429	 936	 962	 169	 205	 834	1643	1589	
295	  12	 113	 272	 295	 302	1097	1065	1067	 522	1053	
296	  59	  60	 131	 136	1084	1064	 511	1021	 512	 513	
297	 695	1449	1512	1467	 335	 740	1063	1599	  12	 408	
298	  19	  61	 262	 543	1058	 512	1005	 251	 464	 500	
299	 733	 791	 814	 851	 868	1643	1589	1368	1449	1398	
300	 119	 814	 851	1122	1357	1463	1558	1599	1467	1500	
301	 114	 589	1137	1159	 397	 887	 902	1311	1400	1428	
302	 127	  89	 475	  11	 268	 286	 147	  12	 895	  22	
303	 390	1053	1174	 814	 851	 868	1268	1367	1628	1159	
304	  28	  98	 228	  99	 210	 216	 197	 174	 257	 292	
305	1368	1463	1643	1428	 615	1599	1240	1449	 883	 888	
306	  50	 127	 483	 498	  79	  83	  96	  89	 171	 132	
307	 113	 119	 543	1019	 492	 856	 886	 887	 297	 412	
308	 149	 320	1211	1080	 341	 883	1268	1428	1280	1367	
309	 258	 286	 603	  64	  50	 117	 357	 289	 119	 814	
310	   9	 269	 515	 318	  12	 603	 286	 124	 238	  50	
311	  64	 262	1131	1159	 494	1036	 962	 966	 114	 242	
312	  16	 127	 533	 583	 585	1143	 587	 589	1126	1097	
313	 251	 522	 962	 791	 811	 851	1643	 814	1589	1449	
314	 316	 511	 394	 750	 640	 652	1169	 945	  64	 478	
315	  19	 109	 275	 279	 517	 522	 519	1007	 484	 497	
316	  56	 126	 242	 236	 316	  10	  97	 285	 170	 648	
317	  12	  50	  64	 315	 272	 318	  22	 172	 144	  79	
318	 316	1036	 602	 838	1599	1240	 207	 464	1073	 921	
319	 326	 304	 127	 119	 814	 851	1463	1558	1599	1467	
320	 221	1067	 346	1467	  12	 304	 315	 694	 511	 530	
321	 313	 488	 529	 613	 616	 648	 318	 470	 178	 510	
322	   8	  15	 461	 511	 480	 484	 427	  45	 178	 187	
323	  45	 262	 484	 513	 492	 959	 960	 966	 432	 896	
324	   8	  15	  64	  66	 132	 133	 265	 538	1058	 531	
325	 320	 571	 397	1428	1449	1463	1367	1053	1512	 883	
326	 251	 277	 279	 522	 467	 886	 887	 718	 745	 811	
327	1084	1449	1160	1398	1211	1278	 547	 968	1143	1001	
328	 522	 793	 814	 851	 868	1282	1589	1449	1466	 811	
329	  33	 429	 497	 517	 522	 430	 868	 886	 887	 806	
330	   6	  16	  64	 534	1080	1088	1101	1086	 547	1055	
331	  48	 116	  83	 192	 276	 332	  14	 127	 346	 646	
332	   6	 113	 262	1055	 272	1019	 114	 119	 489	 962	
333	  15	  51	 462	 215	 427	 402	 781	 794	  33	 170	
334	 320	 543	1063	 851	1499	1512	1599	1367	1428	1463	
335	   9	  89	 179	 357	 147	 302	 508	 475	 268	 286	
336	 114	 517	 213	 661	 490	 750	 487	 504	 169	  64	
337	  14	  28	  64	 124	 510	 518	 116	 479	 483	 484	
338	  12	  14	 131	 519	 528	 492	 503	 430	  73	 137	
339	 113	 315	1022	1084	 534	 888	 936	 114	 119	 851	
340	  14	  28	 480	 515	 520	 485	 223	 427	  86	  96	
341	 119	 814	 851	1122	1357	1463	1558	1599	1467	1500	
342	  60	 543	 851	1428	1499	1252	 968	 838	1063	1599	
343	 113	 315	1021	1143	1022	1080	 464	 534	 887	 915	
344	 262	1159	1449	1589	1599	1643	1463	1174	1368	 113	
345	 114	 887	1053	1084	 320	 811	 814	 851	 868	1449	
346	 114	 279	 868	 886	 811	 814	 851	1169	1268	1467	
347	 397	 445	 522	1084	1053	 486	 492	 954	 851	 915	
348	  64	 127	 133	 239	 450	 196	 676	 271	 302	 318	
349	 137	 202	 470	 473	 144	 174	 192	 751	  47	 357	
350	  59	 124	 236	 510	 513	 242	 492	 493	 445	 169	
351	   1	  12	  14	  60	 124	 126	 522	 524	 523	 518	
352	 114	 136	 492	 506	 513	 952	 160	 192	 340	 653	
353	  98	 174	 272	 302	 318	  96	 285	 173	 181	 183	
354	 512	 896	1097	 700	 851	1628	1451	1524	1479	1499	
355	  11	  15	 234	 515	 471	 218	 431	 403	 845	  22	
356	  12	  50	 238	 223	  83	  89	 180	 185	 191	 357	
357	   8	  12	  15	  61	  64	 132	 527	1058	 523	 517	
358	 135	 199	 427	 191	 633	 193	 603	   8	 475	 660	
359	   1	  14	 124	 126	 515	 242	 236	 474	  97	  98	
360	 114	 483	 512	 543	1063	1036	 853	 856	 152	 690	
361	  57	 114	 262	 543	 511	 968	 483	 838	 887	 851	
362	   1	 127	  64	 357	 272	 318	 603	  96	  22	 181	
363	 811	 814	 851	 868	 886	 532	1449	1512	1367	1268	
364	   1	  14	 124	 125	 126	 515	 248	1016	 242	 487	
365	 302	 357	  64	 134	 305	   9	 520	 651	 173	 180	
366	   9	  64	 121	 258	 516	 237	 241	 239	 100	 114	
367	  11	  26	  64	 124	 127	 515	1019	 466	 468	 474	
368	  28	 657	 127	 474	 199	  12	 511	  23	 478	 156	
369	  11	  12	 127	 496	 510	  50	 427	 197	  22	  89	
370	 543	 644	1449	 615	 432	 178	 169	 127	 135	 192	
371	  30	 134	 242	 504	 519	 525	 528	1039	 511	1020	
372	   1	  15	 125	 127	 511	 474	 496	 480	 210	 433	
373	 114	 513	1067	1084	 327	 837	 838	1449	1467	 613	
374	1282	 242	 968	 915	 189	 488	 494	 966	 921	 695	
375	 659	 124	 205	 485	 496	 172	   8	 482	 197	 318	
376	 223	 176	 427	 298	 272	1073	  50	 710	 238	 285	
377	  12	  15	  64	 248	 511	 520	1016	 496	 483	 487	
378	 522	1154	 814	 851	 868	 887	1512	1252	 320	 899	
379	  12	 114	 127	1080	 534	1055	1020	 474	 954	 868	
380	 902	1174	1449	1129	1199	1428	1628	 450	 316	1131	
381	  12	  57	 251	 522	 543	 519	1019	 114	 915	 851	
382	 173	 504	 178	 606	 646	 480	 156	   8	  60	  48	
383	  12	  59	 127	 517	 529	 531	 519	 523	1020	1011	
384	  98	 127	 318	 603	 285	 272	 173	 183	  22	 515	
385	 998	1367	1500	1413	1428	1193	 320	1512	1159	 149	
386	 302	 187	  71	 211	 705	 427	  64	   9	 588	 182	
387	 532	1084	1367	1428	1449	1193	1512	 464	 921	  60	
388	  12	  64	 234	 498	 520	 246	 483	 496	 480	 100	
389	 114	 320	 793	 851	 886	 814	1524	1463	1499	1367	
390	   1	  55	 228	 257	 496	  99	 210	 216	 195	 196	
391	  41	 114	 262	1053	 492	 522	1007	 497	 445	 954	
392	  12	  59	  60	  64	 126	 262	1039	 522	1019	 483	
393	 171	 522	 624	 467	 811	 887	 814	 851	 868	 793	
394	  12	 242	 513	1053	 984	1019	 445	 921	 945	 954	
395	  12	  48	 483	 510	 528	 516	 519	 522	 484	 492	
396	   1	 204	 239	 435	   8	  22	 186	 174	 367	 270	
397	  50	 113	 119	1053	 445	 915	 851	 868	 279	 397	
398	 316	 954	1019	 968	 342	 838	1398	1427	1142	1159	
399	 207	 629	 434	 316	 312	1053	1086	 937	 953	 723	
400	  98	 302	 318	 285	 183	  22	 132	 174	 515	 272	
401	 397	 571	1053	 954	 644	 502	1084	 527	  50	 968	
402	  86	 114	 127	 262	 528	 507	 478	 492	 993	 484	
403	   8	 134	 239	 528	 479	 435	  23	  98	 199	 172	
404	  79	 204	 210	 174	 746	  31	 742	  89	 125	  24	
405	 390	 613	1084	 169	 114	 127	 190	1039	 427	 510	
406	 114	 962	1129	1368	1643	  50	 888	 883	 224	 610	
407	1174	1268	1428	1643	1500	1367	1368	1467	 838	1599	
408	  71	  96	 127	 248	1016	 483	 487	  97	 455	  99	
409	  57	 251	 262	 543	 320	 838	1643	1421	1428	1463	
410	 191	 170	 474	 197	 659	 515	 185	 242	 124	 137	
411	  32	  57	 134	 278	 525	 535	1036	 510	1007	 249	
412	   8	 114	 248	 516	 430	 462	 919	 834	 160	 169	
413	 169	 199	 511	 520	 174	 183	 191	  98	 318	 179	
414	   8	 475	 479	  12	  23	  89	 191	 180	 175	 357	
415	  22	  98	 483	 496	 511	 498	 208	 427	 173	 651	
416	  12	 315	1193	1227	1262	 320	 601	1129	1055	 113	
417	 613	 695	 671	1467	 838	 740	 341	 883	 888	1375	
418	  15	  50	 117	 234	 471	 218	 431	 845	 393	 403	
419	   9	  12	  64	 127	 511	 479	 480	  50	  98	 187	
420	  22	  59	 474	 496	 511	 480	 202	 423	 427	  48	
421	 126	 131	 136	 519	 248	 493	 487	 489	 213	 227	
422	  41	 114	 262	 543	1039	 511	 512	 514	 435	 887	
423	  12	 433	  93	 192	 357	 285	  47	  64	 531	 137	
424	  12	  50	  64	 125	1016	 237	 479	 483	 487	  99	
425	 114	  12	 512	1589	 242	1021	1467	 603	 408	 887	
426	 114	 408	 488	 512	 851	 887	 896	 178	1499	1524	
427	   5	  96	 471	 181	 332	 333	 265	 628	   7	 472	
428	  64	 127	 483	 313	 603	 173	 121	  96	  50	 176	
429	 814	 851	1643	1368	1428	1449	1628	1262	 899	 644	
430	  41	  50	 262	 513	 529	 484	 492	 432	 887	 435	
431	   1	  15	 248	 255	1016	 487	 455	 483	 928	  50	
432	 194	 483	 762	  50	 172	 174	 487	 427	  56	  14	
433	  28	 116	 463	 497	 509	 517	 522	 510	 514	 516	
434	  87	 116	 124	 509	 517	 241	 203	 433	 208	 168	
435	 543	1500	1591	1467	 408	 114	1099	1313	1466	  12	
436	  12	 124	 493	 525	1070	 530	 494	1019	 251	 488	
437	 114	 149	 571	1131	1053	 251	 886	 915	 397	 408	
438	  12	  28	  64	 517	 527	 483	 485	 496	 169	 172	
439	 191	 427	 318	 182	 275	 313	 137	  12	 272	 654	
440	  48	 134	 190	 652	 316	  12	 648	 509	  64	 100	
441	 483	 487	  12	 269	  50	  97	 343	 657	 127	  64	
442	 445	 842	1053	1282	1449	1512	1268	 114	 492	1467	
443	  15	  50	  64	1016	 483	 487	  99	 218	 223	 455	
444	  12	 111	 479	  64	  82	 191	 161	 134	 298	 310	
445	 205	 114	  60	1070	1135	1174	 646	 589	 169	 489	
446	 302	  96	 181	 265	 628	 471	   5	  12	 127	  50	
447	 114	 445	 513	1053	1019	 842	 954	 887	1170	1467	
448	  50	 127	 603	 121	  56	 216	 289	 357	 237	 179	
449	  41	  64	 262	 514	 531	1039	 483	 100	 221	 433	
450	 113	1019	1189	1021	 119	 512	 887	 915	 733	 811	
451	   9	 220	 476	 172	 274	 596	 651	 275	 280	 289	
452	  74	 512	1021	 320	1589	  12	 880	 676	 119	 113	
453	 954	1174	1240	 169	1268	 114	1467	 478	  64	  50	
454	 397	 467	 571	1053	 954	 214	 429	 899	 675	 157	
455	 793	 868	 886	 814	 851	1268	1019	1159	1467	1599	
456	 114	1097	 851	1463	1643	1154	1367	1368	1589	 408	
457	  50	 119	 296	 315	 316	 318	 320	1143	1122	1129	
458	 543	 868	1019	 886	 644	 793	 814	 851	1428	1499	
459	 136	 434	 487	 469	 156	 199	 394	 175	 342	 657	
460	 134	 479	 511	 528	 959	 960	 896	 919	 192	 357	
461	 124	 127	 135	 357	 285	 318	 527	  56	 193	 663	
462	   9	  15	  64	 125	 127	 527	 511	 228	 485	 471	
463	 543	 522	 851	 868	 624	 791	 793	 806	 811	 814	
464	  33	  56	  59	 504	 517	 529	 518	 522	 524	 519	
465	 606	1463	 529	 519	  14	 507	1039	 170	 615	 604	
466	 606	1039	 170	 432	 190	 478	 469	 318	 180	  50	
467	  23	 134	 474	 528	 479	 156	 175	 192	 199	 179	
468	  45	 114	 278	1053	1064	1093	1055	1057	 967	 253	
469	   8	  50	 480	 519	 178	 181	 194	 318	 498	 255	
470	   8	 127	 211	  23	 340	 699	   9	  98	 511	  50	
471	  67	 117	 472	 496	 216	 405	  70	 756	 161	 265	
472	  22	 152	 315	 318	 611	1153	 612	 601	1053	1073	
473	  50	  64	 527	 172	 197	 357	 269	 318	 275	 193	
474	  12	 296	 315	 320	 634	1176	 601	1143	1058	1080	
475	 169	 483	  12	 498	 135	 132	  87	 210	 181	 193	
476	  12	 432	 480	1019	1053	 949	 954	 445	 842	  99	
477	   7	  64	 124	 246	 511	 483	 197	 427	   9	  22	
478	 279	 851	1021	 865	 868	 887	 320	 791	 814	1643	
479	 522	 887	1053	 915	 814	 851	1129	1174	 315	1131	
480	  45	 432	 484	 506	 492	 923	 189	1240	 474	  48	
481	  10	  12	  14	  61	 130	 537	 530	 127	 128	 520	
482	  64	 483	 172	 275	  50	 173	 182	 176	 195	 487	
483	  98	 169	 699	 511	 154	 463	 174	 483	  93	 191	
484	  12	  64	 272	 534	1058	 511	 522	1019	1022	1007	
485	 127	 272	 603	  56	 216	 340	 511	 732	   9	 318	
486	 543	 644	 654	 156	 792	 650	 511	  12	 435	  42	
487	 733	 887	 923	1007	 793	 811	 814	 851	 868	1591	
488	 279	 522	 851	 915	 954	 868	 390	 811	 814	1041	
489	  12	  50	  58	 127	 527	  55	 210	 216	  98	 196	
490	 135	 127	  55	 249	 511	1010	 746	 478	  50	  19	
491	 132	 134	 427	 528	  22	 169	 484	 275	 515	 709	
492	  96	 114	 481	 519	 863	 169	 170	1463	 302	 604	
493	 113	 119	 279	1073	 522	 467	 500	 915	 923	 921	
494	  45	 116	 474	 506	 513	 483	 484	 492	 498	 203	
495	   6	  57	 302	 587	1105	1057	1070	 547	1007	1020	
496	 408	1282	 272	1019	 285	1240	 844	1199	1589	  12	
497	 390	 532	1137	 638	 242	 676	 278	1589	1467	 887	
498	 851	1097	1252	1499	1512	 190	 653	 603	 525	1473	
499	  19	  57	 126	 529	 543	1020	1039	 251	1005	 487	
500	 114	 902	1021	 952	 320	 771	1428	 644	 664	1170	
501	  10	  59	  61	 133	 528	 530	1039	 262	 507	 512	
502	  11	  54	 117	 298	 332	 302	   1	  62	 196	 333	
503	  12	  59	 272	 296	1084	1055	1064	 511	 528	1037	
504	 113	 114	1142	1154	 119	 342	 851	1499	1524	1589	
505	 633	1073	 272	 661	 479	 286	 640	 475	  12	   8	
506	 114	 149	1053	 966	 695	1428	  60	 320	 464	  12	
507	   1	   7	  15	  31	 127	 527	 124	 511	1016	 508	
508	  57	 114	 127	1019	 492	 952	 962	 242	 251	 479	
509	  15	 218	 515	 431	 845	 132	 164	 393	 144	 151	
510	  22	  28	  98	 216	 174	 292	 318	 527	 272	 285	
511	  98	 250	 483	 318	  64	 285	  96	 173	 183	 176	
512	  14	 117	 124	 236	 242	 483	 474	 197	 228	  98	
513	   1	  28	 234	 258	 511	 496	 239	 478	 462	  50	
514	  12	 149	 543	1019	 492	 887	 320	1449	1589	1467	
515	  28	  55	 527	  99	  64	 174	 257	 313	 318	 292	
516	 181	 196	 408	  56	  12	 318	  50	 143	 255	 699	
517	   7	  98	 197	 223	  89	 169	 180	 750	 272	 315	
518	  22	 116	 134	 511	 483	 408	 462	 433	  50	 176	
519	 119	 814	 851	1122	1357	1463	1558	1599	1467	1500	
520	   9	  98	 116	 498	 511	 475	  79	  83	 132	 150	
521	 492	 851	 865	 954	 868	 886	 887	 811	 814	1400	
522	  59	  64	 474	 498	 478	 480	 483	 211	 213	  83	
523	  12	  28	 117	 127	 129	 511	 237	 488	 242	 480	
524	 543	 612	1134	 952	 644	 713	 718	 723	1063	1599	
525	  70	 241	 475	 419	 176	 313	 479	 134	 318	 357	
526	 186	 429	 498	 523	 520	 515	 538	 132	 183	 603	
527	 114	 127	1042	 464	 924	 947	 949	 834	 872	 160	
528	  12	  50	 133	 262	1039	 509	 511	 246	 497	 478	
529	 250	 196	  22	 603	  12	  50	  71	  11	 588	  64	
530	  45	  51	  65	 126	 519	 511	1007	 251	 483	 484	
531	   1	  14	 124	 126	 508	 515	 242	 236	 474	  97	
532	  64	 114	 285	1134	1143	 534	1053	1064	1055	1019	
533	 279	1070	1131	 793	 811	 851	 868	 887	 814	1174	
534	   9	  56	  64	 134	 267	1058	 520	 258	 511	 515	
535	  61	  64	1007	1073	1121	 126	 262	 510	 479	 493	
536	  12	 114	 279	 285	1097	1103	1058	 522	 984	 998	
537	1643	1428	1282	 814	 851	1512	1463	1449	1467	 320	
538	 397	 445	 954	1053	1199	 966	 190	 165	 170	1266	
539	  57	 203	 242	 509	 510	 511	1014	 251	 488	 497	
540	 134	 479	 528	 182	 484	 659	 526	 647	 654	 357	
541	 262	1137	1282	  42	 837	  98	 199	  50	  12	 537	
542	 522	 851	 868	 814	1449	1512	1174	1268	1199	 887	
543	 851	1129	1643	1368	 493	 984	 113	 119	 315	1439	
544	  98	 174	 318	 285	 183	 132	 515	 191	  69	 170	
545	 279	 492	1070	 500	 851	 886	 868	 741	 793	 811	
546	   8	  28	  31	 127	 265	 516	 258	 511	 241	 246	
547	  12	  50	  22	 603	 180	 181	 127	 746	   7	 282	
548	  12	 134	 519	 242	 478	 500	 480	 945	 169	 187	
549	 169	 427	 480	 498	 520	 483	 429	  64	 180	 182	
550	  12	  14	 234	 258	 515	 511	 471	 478	  98	 223	
551	 114	 320	 601	1159	1189	1080	 492	 547	1019	1021	
552	 182	 469	 317	 606	 212	  48	 511	 302	 197	 180	
553	  50	 114	 128	 272	 529	1020	 488	 510	 512	1019	
554	 114	 492	1070	 945	 772	1131	1174	  50	 430	 315	
555	  43	 127	 128	 528	 242	 496	 479	 216	 148	 169	
556	  10	  30	  59	 127	 129	 527	1039	 257	 519	 498	
557	  12	  56	 479	 510	 511	 480	 488	 100	 657	 659	
558	  12	  64	 258	 479	 483	 427	  89	 171	 181	 191	
559	  89	 134	 474	 483	 487	 489	 493	 213	 448	 190	
560	 481	 543	 615	1463	 644	1121	 511	 705	 604	 272	
561	 543	1084	 791	 814	 868	 851	1367	 394	1446	1499	
562	 131	 487	 520	 178	 190	 258	 381	 124	 498	 490	
563	  25	  50	 127	 246	 510	 517	 482	 485	 216	  64	
564	 203	 519	 344	 268	 197	  22	  11	 186	  28	 511	
565	  23	  59	 474	 514	 480	 483	 100	 428	 210	  48	
566	 114	 851	 868	 886	 814	1428	1643	1129	1240	1368	
567	  48	 114	 488	 528	 493	 512	 497	 962	 235	 479	
568	 511	 543	 644	  98	 380	 519	 479	 484	  14	 487	
569	   8	 432	 492	 511	 513	 474	  89	 192	 690	 543	
570	 170	 298	 474	 316	 659	 242	 124	   1	 137	 191	
571	  12	 515	 179	 127	  98	  50	 498	 313	 478	 509	
572	 127	 285	 318	 527	 193	 182	 526	  14	 268	 153	
573	 527	 186	 506	 508	 134	  22	 483	 169	  56	 275	
574	   5	  12	 238	 242	 515	 498	 511	 471	 475	  96	
575	  86	 213	 523	 659	 661	  48	 520	 178	 515	 434	
576	  23	 127	 474	 199	 175	 657	 425	 156	 179	 647	
577	  48	  64	 152	 292	 570	 279	 522	 127	 923	 851	
578	 427	 134	 483	 651	 275	 132	 124	  87	  79	 216	
579	 170	 430	 500	 968	 364	 993	 283	 131	  64	 525	
580	  54	 478	  89	 169	 194	 486	 186	 487	 367	 265	
581	  98	 479	 134	 191	 357	 272	 528	 197	 484	 302	
582	  48	 474	 492	 513	 157	 169	 741	 178	 543	 644	
583	   9	  56	 127	 506	 514	 517	 474	 479	 482	 485	
584	 168	 199	 520	 523	 179	 182	 183	 657	 705	 710	
585	 182	 203	 526	 234	 197	 200	 631	 465	 732	 699	
586	 152	 463	 522	 492	 915	 851	 886	 868	 624	 733	
587	 310	 715	1101	   1	 508	 277	  82	 318	 272	 129	
588	  59	 251	1019	1050	 495	 736	 661	 315	 189	 302	
589	   1	  12	  15	  31	 125	 255	 248	1016	 117	 237	
590	 133	 242	 474	 483	 170	 181	 659	  19	  10	 512	
591	 492	 511	 968	 543	1463	1121	 481	 604	 919	 479	
592	 113	 119	 315	1080	 522	 114	 814	 851	 868	1524	
593	 114	 481	 512	1065	 863	 921	 968	 945	 189	 221	
594	 427	 223	  98	  96	 603	 272	  28	 485	 196	  83	
595	  19	1282	 887	 715	 313	1073	 223	  23	 515	  12	
596	  22	 483	 169	 302	 318	 173	 183	 176	 515	 487	
597	  15	  50	 182	 195	 651	 689	 274	 628	 275	 215	
598	  12	 195	 238	 223	  64	  89	 180	 185	 191	 750	
599	   1	  31	  58	 127	 517	 246	 248	 496	 482	 485	
600	  41	 114	 137	1019	 492	1007	 221	 886	 887	 814	
601	 522	 851	 868	 814	1643	1368	1449	1512	1463	1240	
602	   1	  64	 126	 129	 511	 478	 483	 487	  99	 443	
603	 169	 472	 483	 510	 187	 685	 763	 689	 275	 281	
604	  12	 185	 657	 318	  79	 474	 199	 195	 506	  96	
605	  41	 114	 262	 543	1070	 495	 962	 311	 394	1643	
606	  12	 119	 296	1129	 311	 913	 962	1005	 923	 113	
607	 127	 213	 174	 180	 657	 606	 481	 186	   7	 265	
608	  45	 481	 513	1042	 519	 838	 863	 872	 169	 192	
609	 174	 427	 191	 275	 654	 173	   9	 182	   1	 210	
610	 408	 478	1019	 887	 896	 272	 601	  61	 921	 464	
611	   9	 246	 172	 179	 357	 302	 258	   7	 127	 508	
612	   9	 181	  22	 427	 182	 174	 318	 223	  12	 272	
613	   4	 129	 466	 469	 479	 483	 474	 853	  98	 169	
614	  22	  64	 132	 498	 520	 230	 479	 480	 427	 429	
615	 127	 249	 512	 522	 543	 851	 915	 853	 868	 887	
616	   9	  14	 124	 127	 515	 242	 511	 236	 474	  97	
617	 511	 543	  42	 856	1428	 276	 160	  12	 497	 522	
618	 492	 872	 962	 842	1643	1282	1368	 601	1467	  12	
619	  12	 124	 127	 129	1042	1046	 509	 516	 522	 517	
620	  14	  26	 270	1070	 480	 500	 510	 487	 963	 959	
621	 114	 497	 851	 868	 887	 221	 394	 791	 811	 814	
622	 445	1367	1449	1643	1368	1427	1512	1467	 114	 984	
623	 136	 429	 478	 511	 430	 187	 194	 285	 483	 496	
624	 136	 497	 522	 528	 543	1019	 851	 868	 887	 791	
625	 408	 606	1463	 615	 644	1121	 129	1211	 543	 126	
626	  12	  14	 124	 126	 242	 236	 474	  98	 133	 170	
627	 634	 863	1121	1449	1463	1512	 689	1589	 543	 295	
628	   7	  15	 117	 127	 257	 258	 515	 228	 234	 483	
629	  47	  64	 251	 262	 279	1053	1055	 522	1019	1022	
630	 152	 517	1007	 189	 657	 872	1039	 602	 190	1101	
631	 483	  64	  12	 318	  98	 173	  96	 100	  22	 316	
632	 114	 429	 532	1053	1067	 984	1019	 445	 478	 954	
633	  89	 272	 179	 124	 206	 223	 408	 429	  91	  98	
634	 262	 450	 495	 543	 962	 601	1368	1591	1643	 606	
635	 150	  42	 250	  13	 286	 480	 603	 191	   9	 498	
636	   4	   8	 117	 127	 134	 515	 511	 248	 250	 125	
637	 133	 242	 316	 169	 173	 304	 650	 354	 331	 329	
638	  50	 272	 479	1019	1059	 493	 962	 879	 408	1368	
639	1039	 315	 316	 647	 251	 856	 785	 408	1449	 127	
640	  12	  64	  67	 133	 136	 275	 272	1053	1055	 527	
641	   9	 479	 496	 519	 272	 340	 318	 498	  86	 238	
642	 114	 517	 316	 390	 879	 342	 169	 838	  12	 984	
643	 113	 119	1001	1097	1105	1019	 522	 968	 868	 888	
644	  22	  55	 483	 210	 275	 292	 313	 318	 527	 228	
645	  19	  57	 278	 528	 543	1070	 529	 512	 522	1019	
646	  22	  98	 318	 285	 183	 515	 132	 750	 174	  69	
647	  45	 250	 469	 510	 528	 488	 175	 199	1404	 589	
648	 390	1137	 601	 242	 512	1589	1159	1021	 641	1019	
649	  12	  56	 126	 246	 248	 195	 443	  69	  83	 179	
650	1512	1121	1463	 114	1449	1589	 838	 966	 178	 327	
651	 272	 603	  56	 216	 357	 191	 170	 474	 316	 285	
652	 213	 660	  12	  70	 421	 603	  64	  89	 258	 315	
653	 390	 954	 811	 814	 851	 865	 886	 868	1367	 315	
654	 426	 445	 522	1053	1019	 478	 851	 886	 887	 868	
655	 114	1428	1467	 169	1449	 251	 603	1473	 427	 302	
656	  50	 218	 119	 851	 814	1122	1357	1463	1558	1599	
657	  83	 116	 498	 515	 242	  98	 303	 427	  79	 357	
658	 114	 430	 497	 517	 945	 851	 656	 675	 772	1499	
659	 114	 488	1036	1063	 493	 513	 952	 968	 896	 919	
660	 522	 814	 851	 868	1137	1449	1463	1268	 320	  12	
661	  12	 113	 262	 278	1019	 119	 962	 429	 838	 408	
662	   9	 100	 197	 268	 117	 293	1012	 313	   7	  64	
663	 114	 962	1019	1021	1174	1589	1643	1368	1473	 494	
664	  61	 493	1070	 160	1463	1121	1131	1174	 887	 479	
665	1174	1282	 242	1067	 515	 340	  12	 313	 886	 169	
666	 315	 344	 791	 814	 851	 868	 793	1428	1499	1449	
667	  50	  64	 242	 251	1039	 511	1020	 480	 408	  89	
668	   9	 169	 313	 318	 182	 485	  22	 127	 357	  98	
669	 276	 492	 814	 886	 915	 851	 856	 868	 570	 733	
670	 302	 606	 481	  56	  55	 134	 150	 604	 318	 131	
671	 169	 272	 512	 962	1019	 429	 315	1368	1589	1643	
672	   9	 238	 283	 419	 300	 182	 473	   7	 202	 285	
673	   9	 194	 480	 496	 511	 205	  96	 172	 179	 187	
674	 100	 131	 133	 450	 179	 365	 747	 697	 302	 645	
675	 204	 208	 483	 647	 237	   1	 276	 191	 170	 474	
676	  48	 213	 478	 509	 510	 516	 517	 519	 482	 492	
677	   5	   8	  64	 483	 487	  99	 218	 226	 100	 210	
678	 137	 429	 480	 498	 180	 192	 654	 182	  47	  22	
679	  23	  32	 513	1039	 114	 211	 223	 844	 214	 189	
680	   9	  50	 127	 474	 482	 483	 199	 228	 209	 408	
681	   1	  96	 118	 248	1016	 487	 237	 483	 455	  97	
682	 532	 814	 851	 868	1193	 601	 887	1589	 793	 644	
683	  33	 114	 481	 514	 522	 492	 497	 511	 502	 199	
684	  33	 134	 279	 516	 517	 522	 489	 510	 492	 493	
685	 511	 127	 272	 246	 119	 814	 851	1357	1463	1558	
686	  23	  56	 126	 129	 272	 533	 534	 537	1058	 528	
687	  79	 246	 150	 174	 258	 313	 746	 286	  42	  31	
688	   1	   7	  31	 121	 125	 127	 252	 117	 118	 234	
689	   1	  58	  64	 127	 129	 483	  98	 216	 223	 218	
690	 489	 762	1073	 968	 169	 478	 272	  64	 966	 921	
691	  22	  30	 124	 127	 510	 519	 511	1020	 491	 501	
692	  14	 288	 318	 248	 298	  50	  11	 125	 218	 176	
693	 962	1368	1428	1643	1019	1449	 856	 484	  89	 205	
694	  12	  64	 126	 512	 528	1005	 988	 993	 113	 119	
695	 150	 204	 246	 258	 746	  42	  31	  79	 250	  89	
696	  12	  64	 126	 127	 510	 496	 236	 242	 100	 223	
697	  12	  16	  64	 134	 135	 272	1073	 531	 534	 258	
698	 262	 445	 467	 397	1368	1643	 356	 834	1268	 408	
699	  83	 129	 315	 750	 699	 272	 727	 180	 603	  12	
700	 190	 490	 199	 163	 528	 136	 659	 197	 274	 504	
701	  12	 100	 117	 246	 517	 248	 482	 483	 485	 216	
702	  12	  97	 116	 124	 238	 483	 462	  98	 223	 427	
703	   8	  14	 132	 239	 485	 975	 204	 435	  50	 174	
704	  57	 114	 484	 512	 492	 922	 165	 169	 408	1203	
705	  12	 129	 262	 278	 521	1053	 500	 510	 221	  41	
706	  89	 117	 470	 196	 660	 742	 746	 282	 302	 732	
707	  41	 547	1021	 902	 316	 856	1428	 320	 644	1193	
708	 315	 468	 480	 603	 486	 318	 514	 482	 435	 709	
709	 344	 512	 517	1021	 851	 915	 865	 886	 899	 887	
710	 114	 512	 522	 543	 968	 814	 887	 915	 851	 853	
711	  57	 149	 315	1080	1097	 547	1021	 886	 984	 887	
712	  12	 250	 275	 542	 993	  43	 409	 720	1446	 166	
713	 498	  98	  12	 132	  64	  83	  79	 150	 357	 116	
714	 136	 478	 292	 342	 394	 686	1446	 316	1169	 518	
715	 834	1053	1174	1268	 945	1467	 170	 445	 429	 921	
716	 113	 114	 296	1105	 119	 913	 947	 793	 814	 851	
717	   9	  56	 511	1019	 206	 220	 223	 432	 846	  12	
718	  11	  12	 127	 258	 234	  99	 431	 197	  22	 172	
719	 467	 520	 190	 484	 663	 450	 133	 211	 430	 511	
720	  97	 124	 127	 236	 474	 133	 170	 191	 659	 137	
721	 124	 136	 279	1053	 522	1019	 214	 492	 954	 851	
722	  50	 180	 357	 603	  56	 628	 182	 284	 174	 515	
723	  86	 121	 478	 213	 215	 393	 172	 182	 742	 751	
724	  12	  98	  64	 174	 318	  22	 127	 302	 285	 100	
725	 133	 236	 242	 515	 474	 170	 659	 282	 316	 603	
726	  22	 191	  83	 313	 603	  64	 173	 427	 480	  99	
727	 390	 793	 814	 851	 868	1019	1086	1589	1159	 114	
728	 357	 479	 134	  64	 318	 185	  12	 127	 176	 100	
729	  50	 172	 651	 275	 182	 195	 204	 228	 282	 742	
730	  83	 127	  89	 315	 116	 223	 487	 699	 176	 191	
731	  50	 497	1070	 160	 772	 652	 657	1131	1174	1135	
732	 258	 286	 318	 988	  22	  64	 515	 313	 132	 272	
733	  48	 432	 492	 543	 157	 192	 644	1007	 114	 408	
734	  98	 497	 514	 945	 156	 652	 205	 381	  51	 318	
735	 169	 483	 318	  64	 193	 170	 603	 144	 187	 313	
736	  89	 100	 197	 199	 183	 191	 357	 313	 318	 603	
737	 178	 479	 519	 528	 484	 302	 478	 515	 647	 498	
738	 113	 119	 522	 851	 592	 814	1589	1643	1463	1500	
739	  89	 430	 134	 173	 190	 176	 357	 272	 528	 603	
740	 127	 511	 603	 246	 272	 197	 318	  64	  56	   9	
741	  50	  67	 954	 114	 445	 842	 394	 397	 728	1446	
742	  83	 479	 134	 185	 750	 315	 528	 197	 484	 659	
743	  12	 127	 479	 191	 357	 285	 603	 528	 193	 484	
744	 272	 178	 197	 528	  56	 427	 357	  48	 191	 238	
745	 169	 528	 315	 170	 129	1016	 632	 514	 366	 131	
746	  12	  52	 134	 262	 269	1053	 513	 478	 489	 492	
747	  19	 149	 296	 603	1143	1159	1171	 256	 522	1005	
748	 149	 434	 488	 489	 479	 320	1589	 346	 616	 648	
749	 814	1053	 851	 868	 945	 644	1473	 887	1105	 888	
750	 483	 127	 173	  96	 176	 487	  71	 248	 191	  95	
751	 394	1282	1449	1512	 114	 169	  60	1169	1473	 741	
752	  54	 310	 651	 127	 182	  62	  50	 288	 215	 333	
753	  86	 248	 487	1016	 455	 619	  15	 699	 756	 504	
754	  93	 433	 192	  47	 357	 285	  50	 531	   9	 194	
755	  12	  14	 124	 126	 242	 498	 236	 238	 474	 475	
756	1368	1643	 430	 160	1268	 661	 169	1019	1159	  98	
757	 114	 513	1053	 954	 842	1282	  52	1159	  12	 612	
758	  60	 113	 320	1160	1189	1193	1080	 114	 543	1021	
759	   7	   8	  64	 124	 129	 258	 520	 126	 498	 249	
760	 129	 131	 315	 126	 180	 304	 132	  12	 794	1009	
761	  14	 223	 482	 511	 531	 517	 485	 496	 651	 686	
762	  98	 127	 238	 520	 199	 132	 176	 183	 190	 135	
763	 127	 129	 131	1070	 492	 519	 977	 479	 481	 487	
764	  45	 429	 495	1041	1053	 481	 954	 842	 863	 187	
765	  22	 100	 124	 515	  98	 191	 357	 134	  56	 511	
766	 814	 851	1428	1643	1368	1199	1628	 533	 811	 898	
767	  12	  50	 480	 510	 514	 132	 173	 180	 663	 318	
768	  48	  53	 480	 528	 186	 735	 750	 511	 659	 478	
769	   9	  55	 480	 509	 427	  22	 173	 187	 193	 286	
770	   8	  12	  33	  64	  65	 134	 135	1067	 532	 534	
771	 168	 213	 262	 514	 528	 523	 498	 221	 429	 430	
772	  12	  50	 238	 483	  98	 223	  64	  83	  89	 185	
773	 279	 851	 868	 886	 644	 791	 814	1463	 771	1499	
774	 390	1368	1643	1282	 114	 492	 886	 733	 851	 868	
775	  89	 300	 258	 191	 170	 474	 316	 659	 357	  98	
776	  12	 114	1041	1053	 851	 954	 868	 886	 887	 279	
777	  48	 127	 129	 246	 248	 430	 435	 443	  89	 171	
778	 661	 434	 302	 114	  60	 286	 750	  48	 778	 192	
779	 169	 478	 483	 511	 975	 177	 392	 486	  67	 127	
780	  12	  50	 461	1039	 963	 200	 430	 169	 192	 642	
781	  23	  48	  59	 127	 496	 474	 483	 199	 211	 134	
782	  12	 111	 310	 282	 233	 281	 689	 742	 385	 272	
783	   7	  54	 250	 475	 222	  89	 127	  62	 603	 282	
784	  50	 195	 238	 242	 515	 498	 475	 196	 210	 223	
785	 116	 242	 272	 127	  14	 346	 268	 305	 340	 303	
786	 114	 512	 513	 543	 965	 872	 190	 407	1589	1467	
787	 651	 182	 318	  89	 204	 275	 172	  22	 215	 195	
788	 522	 793	 814	 851	 868	 887	1203	1589	1427	 898	
789	  89	 135	 176	 433	  56	1012	  12	 603	  50	 184	
790	1131	1174	 532	1169	1019	 114	 512	1589	  12	1467	
791	  22	  28	  64	 496	 511	 478	  50	  55	 210	 216	
792	 657	 514	 435	  98	   8	 135	  12	 474	 199	 223	
793	  45	 484	 492	 506	 513	  48	 169	 187	 746	 157	
794	  12	  56	 125	 528	 242	 484	 479	 111	 223	 199	
795	 653	 851	 865	 868	 887	 522	 791	 814	 570	1449	
796	  45	 613	1190	 169	 170	1268	1099	1466	 921	1266	
797	  79	 478	 496	 511	 174	 486	 186	 116	 265	 735	
798	 390	 436	 163	 315	 259	 541	 166	 984	 686	 173	
799	  11	  14	 124	 126	 515	 498	 236	 242	 474	 197	
800	  98	 191	 511	 479	 134	 100	  22	 318	 124	 170	
801	   1	  15	  50	  54	  11	  82	 357	  64	 298	 603	
802	  89	 209	 248	 520	 504	 174	 332	 153	 298	  31	
803	   9	  98	 116	 242	 515	 498	 475	 197	  79	  83	
804	 169	 278	1174	 954	 344	 408	 445	1643	1368	1449	
805	1174	1367	1643	1368	1268	1428	 320	 613	 408	 114	
806	 114	 834	1053	 408	1449	1463	1512	1268	 896	1473	
807	  12	 114	1019	1067	1070	 246	 251	 936	 915	 921	
808	   9	  50	 172	 179	 357	 651	 269	 305	 603	 272	
809	 127	 475	 147	 603	 100	 301	  56	 271	 216	 316	
810	   1	   7	  15	  31	 125	 127	 255	 511	1016	 246	
811	   1	  28	 127	 508	 483	  55	 210	 216	 196	  11	
812	  15	  50	 125	 248	 255	1016	 487	 455	 483	  99	
813	  50	 318	  64	  89	  22	 272	 174	 172	 197	 275	
814	  89	 181	  22	 186	 433	 144	  82	 265	 143	 313	
815	  12	 113	 512	 522	1007	 119	 984	 868	 887	 316	
816	   1	 196	 204	 210	  79	 174	 286	 313	 318	 746	
817	 179	 246	 483	 496	 443	 686	 518	 293	  12	 172	
818	 127	 234	 431	 180	 181	 603	  12	  50	  56	 315	
819	  11	  14	 124	 242	 508	 515	 236	 474	 475	 471	
820	  15	  82	 357	 257	 603	 282	  50	   1	 121	 685	
821	   6	  32	  61	 134	 528	 262	 520	 524	1021	 511	
822	 318	 169	  12	 427	  64	 480	  22	 187	 173	 124	
823	 113	 119	 149	 302	 315	1080	 296	1055	 256	 962	
824	 100	 763	  64	 483	 246	 318	 173	  22	 176	 487	
825	  83	 242	 487	 521	1053	 500	 518	 502	 430	 478	
826	  12	  60	 493	 530	1065	1073	 494	 504	 513	1005	
827	  79	 475	 498	 651	 346	 182	 305	 340	 303	 204	
828	 179	 272	  55	 171	 483	 124	 428	  89	  50	 318	
829	 127	 478	 511	 543	 644	 153	 427	 483	 603	  50	
830	  12	 114	 262	1019	 962	 851	 887	 947	 915	 865	
831	  42	  98	 474	 506	 513	 483	 432	  45	  48	 187	
832	 258	 250	 318	 879	  22	 222	 313	 117	 333	 282	
833	  74	 962	1174	1643	1368	1591	 851	1268	1428	1159	
834	  22	 132	 478	 531	 137	 169	 192	 170	  12	 486	
835	  12	  48	  61	 268	 530	 246	 250	 511	 497	 480	
836	  12	  50	  60	  64	 127	 520	 528	 522	 524	 514	
837	  12	  98	 480	  89	 100	 427	 191	 514	 474	 316	
838	  20	 114	 126	 278	 517	 528	 519	1019	 254	 504	
839	  89	 483	 887	  98	 603	 302	 433	1142	 427	1012	
840	  12	 108	 296	 547	1122	1067	1080	1070	 512	 534	
841	  14	  50	 124	 126	 515	 242	 236	 238	 474	 475	
842	 603	  50	 357	  64	   1	  12	 282	 318	 257	  98	
843	 522	 865	 868	 886	 915	 887	 733	 791	 793	 851	
844	 114	 279	 502	 513	1053	1019	 954	 429	 868	 915	
845	 318	  22	  98	 174	 285	 173	 183	 515	 132	   1	
846	 114	1268	1643	1368	 165	 119	 113	1019	 169	1189	
847	 750	 490	 304	 435	 430	  48	 318	 661	 190	 837	
848	  12	  57	  60	 285	 549	 543	1058	 510	 516	1007	
849	   1	   7	  14	  31	  64	 515	 520	 257	 510	 127	
850	   1	  12	  64	 515	 520	 528	1042	1046	 126	 127	
851	 445	 962	 589	 834	 842	1643	1174	1268	1368	 114	
852	  50	 169	 310	 427	  28	 172	 176	  64	 435	 520	
853	 174	 313	 234	  24	 357	 159	 603	  79	  50	 257	
854	1174	1368	1463	1643	 851	1599	 169	1266	 315	  50	
855	 603	 515	 176	 135	  83	 238	 186	 269	  50	  11	
856	 318	  64	  89	 313	 272	 191	 170	 474	 316	 174	
857	  56	  98	 238	 258	 483	  89	 171	 181	 191	 183	
858	  64	 187	 603	 654	 180	  23	 211	 705	   9	 182	
859	  89	 216	 175	 179	 756	 511	 100	 191	 746	 318	
860	  33	 429	 483	 502	 519	 522	 504	 510	 516	 517	
861	   7	  64	 124	 246	 258	 511	 496	 478	 197	 199	
862	  12	 113	 292	 305	1104	1060	1073	 522	 524	 529	
863	   1	   7	  31	 511	 238	 475	 483	  12	 111	 223	
864	 320	1055	1064	 445	 805	 834	 887	 850	 853	1514	
865	 150	  56	  89	 276	 179	 238	 269	 789	  12	 603	
866	  50	 218	 119	 851	 814	1122	1357	1463	1558	1599	
867	  19	  59	 127	 287	1053	1055	 954	1007	 968	 969	
868	 390	1368	1643	1174	1282	1367	1524	 851	1589	 169	
869	  42	 200	 520	 523	 527	 211	 427	 168	 180	 198	
870	 851	1252	1463	1467	1599	1193	1449	1154	 320	 119	
871	 170	  12	 469	 317	 606	 180	  23	 750	   9	 526	
872	 194	 302	 272	 483	 478	1041	 486	 945	 367	 785	
873	  12	  50	  22	 315	  79	 210	  82	 746	 298	  31	
874	 174	 603	 168	  56	  23	  28	 504	 134	 502	 528	
875	  10	 114	 129	 272	1065	1069	 528	 529	1019	 251	
876	  89	 199	 603	 191	 179	  86	 168	 654	 427	 181	
877	  71	 357	 483	 169	 275	 100	 521	1039	 474	 499	
878	 408	 962	1194	1368	1643	1463	 262	 601	 450	  57	
879	  89	 470	 496	 746	 258	 651	 676	 660	  22	  64	
880	 320	 962	 390	 811	 851	 886	 868	 814	1643	1268	
881	 390	1019	 733	 791	 851	 868	 887	 793	 811	 814	
882	  12	  64	 272	 296	1093	 513	1019	1043	1001	 114	
883	 113	 287	 528	 547	1080	 119	 416	 853	 856	1643	
884	   8	  12	  15	 498	 514	 242	 475	 479	  50	 228	
885	 606	 676	 316	 430	1067	 408	 169	 114	 959	1073	
886	 532	 962	1268	1643	1367	1368	 114	1099	1313	 408	
887	  43	 287	 511	 481	 484	 496	 915	 945	 863	  50	
888	  56	 216	 242	 248	 257	 517	 496	 498	 475	 485	
889	 320	 937	 791	 793	 851	 887	 868	 811	 814	1512	
890	  41	 114	 127	 512	1019	 851	 853	 854	 169	1449	
891	  22	  28	  64	 515	 517	 527	 528	 238	 241	 248	
892	  12	  64	 149	 315	1122	1143	1105	 296	1034	 534	
893	  24	  50	  58	  64	 516	 510	 114	 496	  98	 109	
894	 522	 543	 624	 791	 814	 851	 868	 793	1449	1199	
895	 169	 285	 527	   9	 487	  12	 269	 483	 315	 496	
896	 814	 851	 868	1268	1262	 899	 887	1467	1449	 169	
897	  12	  64	 129	 561	 567	 573	 278	1053	1055	1057	
898	 132	 289	 144	 265	  15	 471	 151	 333	 234	 845	
899	 114	 838	 394	1449	1591	1169	1131	 170	 408	 883	
900	 487	  64	 269	  99	 172	  96	  97	 304	 313	 485	
901	  50	 116	 272	 279	 522	 492	 504	 519	 510	 493	
902	 174	 427	 478	 511	 496	 429	 187	 275	 313	 510	
903	 113	 114	 534	1055	 962	1001	 963	 968	 119	 954	
904	  71	 482	 485	 517	 170	 173	 191	 285	 531	 220	
905	 272	  64	 127	  12	 657	 216	 197	 318	 275	 211	
906	  50	 137	 192	 735	 531	  47	  64	 195	 197	 185	
907	  12	  27	  60	  64	 537	 538	 539	1067	1065	1042	
908	 170	 615	1463	1121	 511	 529	1449	  60	 606	  91	
909	  22	  48	 462	 478	 199	  83	  89	 179	 190	 183	
910	 493	 660	 190	 114	 494	 602	 170	  86	 511	 469	
911	  59	 117	 127	 543	 251	 511	1012	 984	 450	 178	
912	  48	 483	 661	 317	 200	 474	 686	 434	 318	 509	
913	 791	 851	 868	 887	 793	 814	1170	1467	 297	1473	
914	   4	 200	 403	  22	 161	 328	 265	 546	  62	 318	
915	  98	 603	 174	 285	 318	 173	 183	  50	  56	 216	
916	 814	 851	 868	1282	1428	1449	1467	 543	 793	 114	
917	  93	 208	 482	 511	 517	 485	 216	 135	 187	 192	
918	1039	 485	 265	 511	 223	 272	 119	 814	 851	1122	
919	 445	 954	1053	  50	 306	 921	1211	 113	 119	 224	
920	 285	 173	 183	 132	  50	 318	 357	  69	 423	 202	
921	 270	 310	 315	 205	 342	1169	 500	 331	1268	 607	
922	 689	 960	1137	1268	1589	 512	 189	 486	  12	1467	
923	   9	  98	 127	 483	 100	  12	  89	 186	 762	 179	
924	  45	 479	 492	 543	 512	 993	 481	 887	 853	 192	
925	 318	 180	 195	  79	 210	 174	 143	 423	  11	 506	
926	  83	  98	 116	 242	 515	 498	 475	 132	 357	 150	
927	  22	  64	 275	 482	 977	 975	 223	 450	 427	 429	
928	  89	 124	 127	 511	 246	 433	  93	 174	 192	 197	
929	  48	 124	 170	 216	 150	 200	 517	 196	 523	 183	
930	 511	 193	 479	 443	 275	 495	 392	 276	1217	 601	
931	 127	 212	 510	 511	 520	 528	 512	 962	 133	 190	
932	 127	 296	 603	1129	 522	 962	 998	 887	 913	 915	
933	1368	1643	 851	 868	 811	 814	 886	1268	 887	  12	
934	  57	 113	 512	 543	 114	 119	 489	 505	 493	 945	
935	  14	 124	 236	 499	 514	 515	 516	 517	 502	 504	
936	  12	 114	 127	 262	 538	 543	 520	 511	1001	 968	
937	  12	 169	 318	  22	 174	 272	 135	 511	 191	 313	
938	  48	 428	 482	 514	 516	 519	 522	 517	 492	 509	
939	   8	  31	  64	 246	 258	 527	 515	 516	 517	 248	
940	 116	 114	 310	 969	 487	 465	  45	 292	1063	1599	
941	  22	  50	 478	 496	 511	 520	 498	 480	 429	 180	
942	   8	  15	  64	 127	 132	 527	 528	 530	 474	 488	
943	1193	1268	 114	1589	 169	 898	 813	1059	  12	1473	
