1	501	323	95	588	71	109	739	82	63	678	472	174	928	596	22	226	523	480	96	15	77	38	427	294	159	132	64	72	402	423	143	180	255	182	147	568	465	183	705	531	521	498	429	411	286	97	275	471	651	68	29	33	191	418	69	380	477	735	240	173	926	654	333	300	520	496	28	378	257	235	210	603	404	631	293	11	181	234	386	230	328	313
2	385	265	168	233	183	94	68	174	79	83	89	98	49	143	472	228	125	597	405	692	684	230	62	11	216	88	380	117	96	237	576	73	665	159	210	546	229	28	234	188	520	552	421	549	227	54	746
3	475	282	228	89	202	195	125	739
4	25	56	234	215	66	135	127	654	223	282	9	414	202	498	174	7	357	80	849	715	417	684	781	47	790	13	100	496	186
5	265	245	11
6
7	12	474	228	238	23	11	298	179	13	245	328	123	156	1011	31	654	268	926	150	175	246	323	93	209	55	183	127	151	472	289	628	24	300	569	678	471	4	647	452	135	153	790	425	109	411	657	250	307	636	235	257	96	325	229	508	122	219	210	482	708	199	72	591	54	248
8	132	191	185	631	121	478	433	180	582	187	133	521	153	56	508
9	357	127	14	275	56	64	153	58	124	210	508	182	285	763	215	276	4	526	70	198	246	340	257	356	289	527	284	268	150	663	135	318	111	11	197	655	193
10	286	137
11	288	219	7	300	31	410	746	117	433	471	357	268	182	12	125	218	403	156	153	845	232	313	2	763	271	196	260	385	49	175	431	591	233	301	281	475	654	272	550	286	64	631	393	9	642	1	569	323	448	568	5	167	625	179
12	568	156	7	628	223	210	151	64	246	195	175	655	153	654	403	169	88	11	100	50	150	265	642	24	578	328	55	1012	172	732	248	258	708	238	29	746	815	58	298	521	197	117	203	381	272	174	378	202	111	659	93	173	281	54	124	180
13	127	655	7	191	150	98	248	238	89	514	135	475	258	100	715	508	4	631	268	285	293	129
14	286	9	124	269	410	15	515
15	71	288	95	393	204	748	568	845	1	143	125	628	427	215	333	228	318	472	485	924	88	223	25	196	655	14	294	405	402	96	257	274	82	381	385	546	121	273	28	66	820	739	762
16
17	475	50	195
18
19	124
20	100	285
21
22	174	472	88	742	69	265	418	402	1	274	180	121	95	288	239	498	144	157	82	431	313	845	194	153	66	318	684	161	162	232	393	143	443	111	866	155	651	118	496	781	378	187	64	735	210	170	101	739	282	300	403	283	435	87	28	628	554	193	125	196	136	252	568	186	284	527	328
23	179	654	480	185	238	7	708	357	603	127	47	479	135	173	474	175	433	508	631	28	632	178
24	257	318	405	240	210	111	238	117	218	12	746	678	7	125	597	159	72	226	566	603	578	546
25	4	357	423	197	475	286	70	282	708	471	451	419	134	208	248	238	15	313	185	321	241	1074	143	268	479	433	515	928	218	258	511	663	100	176
26
27
28	118	174	732	566	496	527	177	705	692	511	237	204	591	300	239	431	187	83	651	211	77	208	265	64	69	526	1039	495	866	201	188	202	746	2	520	22	96	88	1	15	845	654	23	73	194	228	498	282	739	568	485
29	79	449	82	403	172	174	1	56	294	12	181	210	161	94	38	96	88	386	472	732
30
31	385	100	210	79	405	222	125	54	732	64	96	174	11	181	204	7	568	72	655	161	684	559	692	742	739	172	471	208	88	566	318	265	50	65	356	239	328	144	284	550	118	203	69	229	121	97	195	237	673	293	651	735	449	393	241	678
32	514	175	134
33	367	1	739	62	746	128	665	790	470
34
35
36
37
38	161	1	739	121	66	380	181	257	29	568	298
39	183	55	385	71	100
40
41
42	55	68	175	184	268	179	213	156	151	182
43
44	70	699	603	428
45
46
47	238	100	559	23	792	215	202	235	443	185	4	276	50
48	89	86	180	179	168	175	199	71	603	154	665
49	228	2	226	183	66	11	230	222	153	79
50	181	172	403	249	72	631	333	257	226	328	204	642	68	161	132	628	423	169	31	214	12	87	88	174	393	150	584	282	347	17	483	135	255	101	210	410	215	550	431	748	193	449	93	386	546	270	240	463	105	64	258	582	566	94	154	47
51	739	202	210	199
52	210	174	191	190
53	288	227	200	219	218	216	181	433	89	234	186	230	475	569	258	184
54	385	31	82	161	318	739	423	88	196	328	62	271	55	125	496	210	79	291	199	746	2	7	12	546	763
55	100	82	42	746	64	111	183	7	196	228	182	603	71	92	763	12	628	179	93	281	39	150	385	300	54	118	77	657	313	755	652
56	403	508	559	708	9	475	4	156	238	293	208	87	357	122	135	514	96	654	169	410	411	655	240	157	845	114	29	132	582	813	507	126	959	568	526	285	729	516	302	428	471	8	820
57
58	88	100	9	428	195	199	657	509	96	79	82	255	86	265	70	234	655	71	423	203	405	498	732	12	385	191	72	631	654	318	202	65	313
59	60	179
60	59	183
61
62	68	222	121	227	89	328	184	431	229	161	2	385	228	399	73	54	94	546	282	33	125	155	380	271	367	471	550	559	123	96	199	226
63	402	1	393	588	121	204	71	423	230	216	132	451	755	229
64	739	692	655	628	31	651	9	318	258	403	591	300	294	197	172	125	12	928	210	127	405	55	186	427	232	496	222	1	147	239	82	603	845	735	143	28	95	173	568	732	418	87	237	272	188	478	223	100	246	22	485	423	151	443	333	132	71	763	77	123	79	356	148	428	385	215	198	11	98	121	742	128	663	584	176	50	177	192	185	736
65	191	385	31	179	71	428	631	603	58
66	98	222	405	393	88	4	202	22	367	546	161	794	132	196	73	49	223	38	732	95	451	72	191	15	83	87
67	384	182	153	94	118
68	89	184	62	232	161	2	233	168	50	385	96	183	195	42	173	1	121	559	746	123
69	313	226	588	597	118	651	550	22	435	215	172	257	97	496	237	735	233	429	732	566	161	483	230	692	28	596	117	405	318	845	705	568	232	684	188	498	204	402	385	1	31	746	88	71	208	403	431	205	423	430
70	357	428	170	216	25	699	732	197	58	182	203	97	86	423	705	9	235	234	692	44	286	382	183	465	526	631	737	200	191
71	15	385	96	95	82	228	1	496	86	294	168	588	427	199	164	746	118	55	172	65	63	405	153	393	58	699	693	227	692	188	64	371	48	69	81	399	480	323	274	820	418	515	233	39	77	755
72	174	50	204	393	385	451	89	88	318	31	1	172	202	181	94	197	403	423	196	24	210	405	566	746	208	96	58	173	167	66	127	79	7	164	367
73	210	181	204	172	732	202	2	62	66	95	77	708	94	28
74
75
76	385	191	87	195
77	228	385	97	265	742	226	79	216	229	1	402	550	651	232	28	405	210	300	183	665	739	144	73	153	151	64	117	55	436	393	239	95	509	423	294	125	161	71
78
79	651	241	210	31	97	222	385	218	82	187	566	568	29	174	405	143	328	237	449	77	88	203	147	431	284	281	58	423	2	550	318	403	164	421	447	219	194	257	269	209	436	732	367	121	191	182	83	265	559	181	511	673	554	496	228	451	655	96	205	699	470	117	172	204	692	356	132	684	195	658	64	232	480	354	186	54	845	229	291	198	751	465	678	72	468	452	49
80	4	132
81	173	95	202	151	172	71	191
82	568	121	71	95	204	96	186	732	423	161	294	79	1	118	54	97	229	144	472	219	588	55	550	222	58	566	64	384	651	22	29	177	164	333	288	257	393	628	300	239	132	125	87	427	928	281	402	392	283	15	569	405	252	515	176	597	94	99	328	210
83	173	222	462	385	2	216	496	258	143	28	515	168	79	660	657	86	269	196	603	274	66	471
84
85
86	216	509	48	71	515	58	134	70	190	183	175	83	693	100	648	168
87	202	215	195	732	237	56	405	111	173	50	132	64	222	82	96	172	22	482	385	284	76	568	66
88	174	655	196	402	58	732	22	239	258	72	222	568	405	79	161	216	172	393	66	143	197	385	241	208	237	202	12	215	31	95	54	50	15	203	2	157	692	735	210	845	651	403	228	275	318	187	186	69	255	685	98	28	163	684	597	200	29	131	188	94	487
89	746	523	68	514	72	48	179	183	515	195	509	421	62	2	199	636	230	603	473	188	13	433	436	175	483	475	164	660	116	3	474	307	178	53	227	385	434	258	125	190	196
90	181	210	403	176	174
91	100	191	99
92	180	151	183	179	55	100	156	367	228	184	175	96
93	475	238	185	7	55	276	50	12	100	298	603
94	204	2	216	121	423	72	402	496	239	62	739	237	252	161	29	73	265	578	143	566	88	67	82	50
95	393	71	82	732	1	15	143	402	588	172	742	22	182	197	121	294	1028	96	735	419	705	231	229	88	81	64	627	465	651	222	946	654	501	423	73	568	546	132	194	392	111	230	692	77	66	127	418	239	969	274	257	1047
96	222	71	204	742	82	174	257	229	31	118	385	568	58	1	566	732	692	95	216	68	294	195	449	164	597	121	282	56	421	928	172	99	293	203	210	588	655	2	144	245	405	559	79	161	550	87	125	739	472	218	15	72	233	7	28	501	123	184	29	202	92	62	576	685	1188	417	150
97	79	234	222	603	550	423	202	241	175	568	82	77	385	215	69	228	98	157	237	230	732	161	521	70	159	729	286	515	191	566	1	713	210	118	724	651	125	660	480	181	597	402	520	31	735	421	183	174	382	226	739	232	549	294	845	657	705
98	845	66	298	692	427	747	97	13	2	176	655	223	521	216	475	313	448	137	231	174	631	531	219	269	1073	452	200	272	157	238	357	88	202	159	64	170	283	405	710	425
99	501	229	234	180	294	151	96	568	134	185	300	498	432	91	274	202	82	318
100	124	246	31	654	482	58	508	55	20	272	568	515	708	521	792	198	137	238	531	663	47	1010	514	659	655	12	208	185	715	357	105	134	484	509	411	523	559	632	92	293	283	64	91	421	209	183	13	234	744	443	686	191	135	177	325	448	200	479	628	428	399	4	197	528	789	86	277	566	179	747	525	144	93	647	25	39
101	431	22	50	226
102
103
104
105	100	117	50
106
107
108
109	1	202	405	588	7	257	181	174	240	742
110
111	196	195	427	202	255	132	472	1011	55	24	215	125	411	393	87	739	509	928	203	118	222	22	117	433	727	265	823	281	318	173	124	658	546	95	193	9	191	12	116	864	287	187	1028	286	480	328	934	237
112
113
114	56
115
116	124	175	181	191	483	89	222	269	171	111	258	196	428
117	148	273	732	685	281	125	1016	568	1028	298	742	405	385	161	756	147	596	293	245	326	11	472	550	755	825	252	237	300	144	402	333	118	246	322	864	226	24	288	222	195	443	358	121	126	393	496	255	403	588	566	164	225	69	272	2	926	248	455	215	111	129	179	518	79	294	748	1047	328	421	399	77	418	729	232	182	12	1012	233	625	218	686	105	319	282
118	928	121	291	300	28	69	96	222	1047	82	228	597	591	596	125	161	755	252	117	748	281	678	546	127	197	550	313	204	71	472	282	323	328	111	588	22	229	1284	31	294	97	934	568	177	471	333	55	393	245	241	298	237	174	975	742	67	186	974
119
120
121	161	300	118	82	328	239	678	732	1028	748	222	692	739	385	399	291	265	431	665	928	230	227	472	568	597	926	22	930	550	62	323	204	1047	282	252	95	132	167	333	393	186	117	96	455	94	578	781	79	8	826	63	755	717	366	197	402	229	566	742	125	255	143	468	68	235	243	31	38	164	233	546	380	270	298	176	386	435	280	185	15	569	651	720	245	210	64	423	250	226	934	219
122	56	276	7	150
123	7	928	125	288	195	265	181	475	471	300	210	472	64	222	268	96	175	62	68
124	100	9	202	116	129	14	238	286	508	151	185	428	208	111	222	223	709	509	12	19
125	742	739	117	31	402	411	748	282	472	732	405	64	410	496	298	328	123	118	685	15	258	265	252	196	111	322	11	1028	294	619	2	597	291	756	284	546	24	195	678	781	82	651	1016	232	97	121	866	96	660	423	215	172	54	300	746	3	233	62	926	470	22	676	229	77	89	280	928	148	366	225
126	117	258	286	56
127	187	13	663	182	180	150	9	172	654	23	64	208	177	301	526	4	118	7	508	928	478	257	154	162	367	72	95	655	614	751	1012	211	302	693	705	174	732	715	423
128	64	33	673
129	124	117	147	258	13
130
131	451	88	705	498
132	8	427	313	423	234	133	418	164	435	191	111	509	204	143	633	1	50	121	475	498	199	485	87	135	559	82	222	318	526	195	66	393	56	660	628	269	79	95	402	64	162	180	151	550	80	281	451	288	684	63	568	193	792	177	229	217
133	496	204	132	191	423	286	172	215	514	419	241	8	435	504	202	432
134	654	483	135	663	479	357	86	180	100	99	25	507	705	640	209	222	514	32	603	154
135	134	474	708	483	654	4	56	23	177	179	636	183	132	162	13	228	200	7	50	568	100	9	150	234	755	480	715	475	428
136	496	176	511	204	443	651	22	173	196
137	100	483	224	98	285	238	286	509	10	276
138
139
140
141	210	174	191	228
142	196
143	419	451	472	258	95	218	79	423	485	568	257	174	300	15	660	603	132	88	1	83	402	2	208	405	64	22	417	318	385	313	196	629	237	294	121	523	162	164	739	216	756	393	197	692	591	239	526	25	265	478	94	588	418	288
144	156	226	550	228	174	82	182	566	22	117	204	183	831	423	195	732	523	31	187	96	597	603	77	216	177	546	385	410	742	393	281	673	219	229	288	100	284	265
145
146
147	117	405	237	323	79	471	64	1	475	307	235	129	301	508
148	117	294	597	252	64	385	237	125
149
150	127	268	7	13	269	763	12	246	50	234	762	197	433	298	55	9	135	249	122	1010	96
151	427	12	588	197	183	238	202	92	240	411	451	7	527	99	234	423	200	172	288	523	195	180	124	864	168	198	520	81	211	298	357	77	64	1016	132	215	42	820	164	473
152	514	197	482
153	403	9	232	12	404	163	186	22	402	11	230	164	167	651	71	154	509	173	77	7	568	161	168	219	659	67	196	157	210	8	188	49
154	204	153	230	209	175	127	48	134	50
155	328	739	22	265	161	546	62	200
156	12	144	180	56	187	7	202	11	403	203	92	655	183	42	223	248	195
157	180	22	174	97	234	191	88	56	238	209	98	176	153
158
159	1	385	174	233	97	218	202	24	2	172	300	678	257	566	98	226	186
160
161	121	546	597	232	265	82	38	117	405	403	68	54	196	88	472	31	237	385	118	763	50	568	227	402	252	294	97	69	845	181	255	282	62	685	22	328	393	200	66	742	241	930	204	155	739	96	756	663	233	849	225	174	660	476	94	29	449	281	153	576	588	163	692	77	176	186
162	216	215	402	501	427	632	22	135	180	143	132	428	238	127	655	185	495	222
163	153	172	204	173	230	215	161	88	168	186
164	204	174	210	423	132	218	568	79	559	96	180	313	71	747	82	191	288	117	153	402	173	219	89	385	143	238	229	121	167	184	202	237	211	222	230	729	393	151	72	845
165
166
167	121	216	153	732	234	227	164	232	72	423	11
168	523	199	514	2	177	175	478	188	68	228	71	434	663	603	515	195	83	735	778	200	520	509	48	521	737	746	151	436	206	498	526	233	213	659	506	153	163	367	661	240	378	928	588	549	184	183	86
169	408	12	50	56	732	216
170	286	216	70	22	405	237	739	98	705
171	175	116	652
172	181	50	237	275	127	203	174	222	64	268	69	95	73	88	204	215	31	133	282	163	403	202	205	72	96	71	742	151	435	423	12	29	510	186	748	79	159	739	81	87	496	125	576	293	208	185	732	195	735	300
173	313	431	83	660	193	746	81	747	219	190	274	87	23	210	163	651	64	433	164	237	490	68	504	153	735	222	111	1	184	239	72	520	659	294	195	186	12	451	136	199
174	88	72	22	164	96	526	204	28	181	172	234	144	31	498	1	739	79	195	198	180	313	218	143	2	678	478	283	393	157	257	300	472	159	403	284	252	655	141	50	708	845	482	520	597	385	692	241	4	202	52	29	705	98	659	735	282	496	161	187	188	452	109	12	568	97	928	494	118	196	216	210	90	219	127	654
175	631	367	433	97	514	168	732	657	7	509	12	179	603	518	116	199	523	709	185	382	515	428	42	89	385	48	693	23	32	652	86	171	11	436	154	216	92	182	421	123	474	529
176	195	294	228	475	183	98	204	136	222	219	196	121	441	185	82	157	90	64	161	25
177	182	183	168	204	191	28	568	127	82	654	185	523	135	603	651	521	187	144	118	100	229	663	480	227	132	64
178	603	183	89	199	474	185	23
179	23	199	474	480	7	188	382	89	514	509	175	340	367	462	603	631	518	183	48	746	647	657	228	92	433	65	735	135	523	508	205	117	55	195	515	59	421	42	558	652	747	483	100	11
180	182	127	654	157	156	193	433	92	174	603	191	22	238	204	48	99	514	1	164	273	134	151	162	234	8	636	211	663	845	132	447	655	959	751	192	646	258	436	12
181	50	172	204	174	31	210	73	496	90	245	186	240	226	202	219	403	418	511	239	229	356	275	161	72	451	123	79	116	257	472	449	230	582	265	53	29	97	486	109	554	38	735	708	685	1	751	478	222
182	480	127	177	180	654	357	187	215	144	209	9	275	191	518	95	631	11	1	70	433	55	79	693	228	204	285	507	705	385	183	281	67	732	210	748	117	42	474	175	417	603
183	657	520	234	195	746	199	475	177	367	2	89	203	151	188	200	233	55	68	144	176	709	7	179	92	227	1	523	77	479	178	213	135	770	49	509	550	498	216	86	39	182	558	631	516	100	491	569	647	156	70	588	313	549	97	515	1012	228	627	428	60	168	665	184
184	68	219	222	62	405	210	42	201	92	173	164	230	96	385	475	168	53	183
185	23	603	659	515	197	692	8	318	485	708	93	410	258	657	100	177	175	448	501	521	99	482	616	124	517	411	216	25	47	205	199	628	480	447	219	121	176	654	162	178	172	286	823	64
186	204	82	239	498	403	211	219	550	431	181	64	739	651	153	121	240	732	393	172	1039	735	79	88	53	475	554	159	230	173	4	22	163	118	161
187	127	654	182	79	156	237	196	429	28	192	215	144	732	651	22	177	8	88	195	174	705	318	684	111	200
188	195	168	179	183	385	233	211	89	474	64	69	191	234	237	286	28	588	71	174	2	228	88	523	470	153
189
190	195	173	191	86	52	705	89
191	286	845	8	501	177	511	655	478	510	180	132	193	65	405	133	182	385	285	13	283	568	485	195	523	274	654	515	234	164	79	190	520	157	739	419	97	116	792	52	188	727	507	402	1	91	367	629	566	100	463	58	111	421	81	76	66	194	141	479	357	480	204	724	70	657	258	209
192	187	276	603	180	64
193	180	173	191	215	496	216	651	357	405	431	660	484	727	111	22	393	50	132	423	9
194	496	22	79	511	378	651	357	732	95	282	435	431	655	191	257	495	28	204	523
195	111	655	385	176	188	183	566	233	190	204	174	521	58	240	219	87	89	12	526	751	96	191	378	431	117	68	281	199	168	123	472	825	144	405	748	125	151	367	234	132	179	434	300	79	597	432	338	673	3	418	806	218	17	187	258	31	228	222	232	198	173	447	628	172	156	202	550	76
196	393	111	88	746	402	239	655	161	403	125	187	232	1016	735	496	660	55	566	300	582	222	54	11	72	143	176	15	66	357	356	294	427	678	323	197	22	1091	686	607	83	174	755	142	392	116	153	89	219	283	265	405	716	136
197	655	423	234	211	692	318	185	152	204	64	485	208	527	428	25	708	151	95	659	300	488	88	118	70	654	735	269	514	286	705	506	241	72	517	121	289	150	479	515	433	216	657	480	143	12	100	210	676	196	435	246	9	473	631	510
198	100	174	9	151	79	64	195
199	179	168	657	183	58	89	175	228	71	195	132	504	509	385	515	48	483	603	178	185	54	51	7	62	173
200	183	53	168	151	161	655	135	357	100	98	603	588	88	155	70	187	705	219
201	184	28	746
202	227	226	660	87	597	97	111	511	230	204	124	313	514	109	431	371	181	151	729	66	88	845	222	403	550	732	156	172	708	523	427	781	72	792	4	81	576	405	159	318	566	203	73	174	47	755	228	233	652	380	381	215	497	208	3	229	705	28	164	731	934	483	12	51	98	96	133	99	283	58	195	284	554	770	568	945
203	172	79	183	70	111	96	732	318	88	202	684	156	515	222	58	31	12	654	428
204	692	705	568	257	239	96	186	739	234	230	181	164	82	174	133	402	72	215	15	482	845	284	94	177	195	31	197	202	472	748	651	154	502	566	180	50	73	121	132	241	417	735	28	172	496	226	678	252	144	423	475	527	498	118	708	419	163	176	550	218	229	63	219	781	182	435	654	232	161	208	79	403	69	732	673	597	237	526	136	476	430	427	763	283	501	285	194	650	429	191	405
205	357	496	172	216	179	79	185	659	230	69	515
206	168
207
208	423	655	692	435	197	403	127	88	56	31	559	143	100	663	28	654	735	25	234	418	568	204	241	378	651	451	521	202	124	511	72	237	172	215	238	531	69	474
209	182	7	79	405	100	154	157	134	654	191
210	313	222	31	79	393	164	294	559	405	232	9	73	218	12	566	385	257	181	739	24	403	651	64	226	568	431	300	318	597	449	659	141	184	229	77	173	655	755	451	96	52	265	90	485	575	97	281	515	678	452	88	72	22	2	380	219	123	29	50	54	182	293	197	230	1	584	51	672	121	174	401	591	7	328	282	153	235	1014	82	274
211	197	265	186	357	523	28	188	482	498	514	432	474	151	180	527	506	427	164	508	127
212
213	216	183	923	168	42	699	648	482
214	50	313
215	402	651	239	204	237	748	87	182	234	69	229	97	193	451	15	4	111	172	162	9	88	684	393	663	739	483	187	47	566	660	597	496	133	117	163	356	202	705	378	527	732	403	226	125	241	50	151	208	655	484	64	781	511	474	417	284	228
216	227	402	514	162	86	381	229	237	234	692	588	520	496	77	230	213	170	421	657	70	284	88	283	96	470	83	252	300	566	167	94	1028	53	380	462	193	98	205	302	482	2	423	778	378	183	144	371	746	517	281	185	747	222	143	416	515	518	197	526	63	175	603	487	169	739	665	174	737	502	226	509
217	559	423	655	239	282	357	132
218	219	79	143	405	210	164	423	174	410	559	11	658	53	24	288	318	204	448	159	673	739	393	226	96	195	294	234	117	25	347	238
219	218	11	288	184	186	195	82	181	173	234	559	433	79	53	403	746	222	204	226	436	176	164	431	98	210	550	153	185	825	265	144	7	385	196	174	578	121	200
220	274
221
222	227	229	96	210	230	31	79	97	471	568	732	405	121	66	118	591	483	245	172	88	83	62	184	82	64	449	685	328	228	202	117	566	403	385	322	281	280	176	462	219	196	655	300	111	95	427	87	739	291	748	132	203	559	393	380	173	282	845	216	116	402	392	433	134	651	468	123	257	124	1016	628	928	195	49	164	576	323	755	260	162	1041	275	181
223	12	4	98	15	64	66	124	238	156	258
224	137
225	472	117	161	756	405	125
226	550	69	202	144	233	403	405	1	77	50	385	210	230	181	204	576	117	732	566	288	219	49	402	215	258	218	284	472	24	578	101	97	282	410	159	627	62	121	216
227	222	216	202	230	229	405	742	121	62	237	53	161	233	739	183	597	228	71	167	89	566	732	177	679	2
228	746	230	7	71	229	385	523	77	597	144	118	239	550	705	176	748	49	692	367	651	168	97	199	928	222	417	2	421	15	55	179	182	485	300	62	79	202	227	657	135	233	381	3	710	88	92	380	257	195	188	183	520	141	28	482	215
229	449	222	230	380	228	96	227	216	82	215	665	451	234	77	99	405	566	742	739	550	496	95	181	651	210	62	204	568	692	118	121	31	202	164	2	546	79	177	7	423	125	144	265	241	63	132	257
230	380	229	222	227	204	228	233	393	202	121	216	739	226	597	568	235	385	97	566	89	69	435	2	153	181	163	154	755	63	511	239	684	470	205	95	49	184	405	210	665	164	423	53	186	431	1
231	403	95	98
232	403	161	210	423	68	405	153	431	64	258	196	472	402	77	11	22	69	204	125	288	265	79	167	117	546	651	195	763	511	658	97	1188	597
233	226	367	195	2	550	405	230	385	68	183	265	69	227	470	159	188	566	284	496	588	202	228	161	328	121	546	168	746	11	96	125	117	665	71
234	204	97	443	527	132	183	197	174	216	705	215	4	568	482	381	229	403	566	451	288	751	99	219	452	357	845	498	191	402	157	241	151	58	208	483	150	195	167	180	70	188	678	100	739	265	293	473	569	53	2	135	218	504	520	655	526	1	708
235	230	248	678	147	70	300	47	121	508	7	1	210
236	286
237	255	172	651	313	285	485	402	215	216	302	79	147	482	187	69	161	117	28	248	274	227	472	273	293	265	88	756	87	97	692	403	566	845	423	405	685	64	173	1047	2	820	143	188	696	496	204	94	591	763	257	660	208	170	517	531	318	31	732	747	164	527	118	294	588	705	246	148	729	744	111
238	23	7	47	433	100	56	180	151	559	93	451	124	24	258	13	427	25	137	357	157	403	12	164	484	404	162	98	275	475	208	223	631	479	423	218	792
239	204	121	739	186	215	88	196	228	22	28	64	181	735	31	300	692	282	82	732	94	550	230	217	393	143	173	77	928	95	746
240	195	24	181	151	588	186	411	56	1	410	168	109	50
241	79	97	385	204	88	511	393	234	403	197	174	161	568	284	208	692	25	133	215	684	118	735	229	559	31
242	269	286
243	300	748	294	121	328	988
244
245	323	322	222	300	117	7	282	181	471	332	333	597	326	5	472	302	96	628	307	118	265	257	121	328	1047
246	268	100	12	7	117	150	293	1012	9	763	325	64	197	237	289
247
248	237	284	235	13	25	117	12	293	410	294	156	282	7
249	50	410	150
250	257	268	367	7	259	121	260
251
252	405	258	117	739	121	118	125	204	216	161	174	294	148	284	678	748	393	94	82	22	568	655
253
254
255	237	111	288	58	393	1	117	161	476	121	294	50	88	280	582	313	742
256
257	204	96	472	24	333	69	50	210	143	1047	423	174	597	250	79	265	82	181	9	508	651	109	237	127	159	15	228	831	751	7	222	926	38	245	1	300	194	229	95
258	655	328	143	88	729	402	64	326	735	699	252	272	125	628	232	238	83	185	126	315	284	472	421	1009	385	12	13	268	727	226	129	195	1011	660	750	25	89	116	180	403	319	223	304	50	53	191	742
259	748	310	250
260	288	11	294	323	222	250
261
262
263
264
265	427	161	2	211	22	121	77	684	566	597	423	233	125	451	651	237	5	288	31	58	357	28	257	12	79	123	210	588	431	155	181	111	232	665	234	405	763	245	143	94	219	356	229	196	144
266	680
267
268	246	286	150	172	7	11	307	250	763	42	471	9	258	269	123	13	25
269	475	515	301	294	272	340	242	357	150	197	79	303	14	132	98	268	83	305	286	116	346	498
270	121	50
271	307	288	343	298	323	11	54	62
272	302	100	269	258	300	316	117	64	98	317	11	12	305
273	117	237	180	15
274	22	237	191	173	748	476	15	696	220	99	313	83	71	95	210
275	285	172	9	283	300	182	496	181	1	88	527	473	238	748	584	222
276	285	433	9	531	357	93	122	192	137	47
277	286	100
278
279
280	222	255	121	125
281	117	328	79	685	748	118	195	471	222	472	210	864	216	111	182	55	82	161	11	132	144	393	12
282	328	291	125	245	300	121	748	25	405	172	4	96	866	118	578	161	3	239	546	50	357	174	222	22	194	62	217	755	763	721	333	226	410	117	732	559	210	28	322	248	399	307
283	423	275	191	216	174	100	22	82	655	511	204	699	202	98	196
284	204	79	216	692	248	174	468	125	258	31	252	233	293	241	9	845	473	226	328	751	628	470	87	763	357	22	202	215	144
285	275	237	276	9	191	137	182	654	20	56	427	204	13	313
286	191	14	268	304	170	307	25	739	385	133	744	331	124	474	197	277	97	515	1	137	126	655	319	316	188	70	659	10	269	11	242	591	354	236	185	329	692	111	650
287	111
288	895	15	11	550	411	219	559	546	928	271	403	53	22	234	569	255	471	596	265	410	117	260	123	313	218	226	164	82	739	448	151	399	431	232	333	393	338	588	515	625	326	132	318	144	845	143
289	511	7	319	197	9	246
290
291	118	282	121	748	125	333	591	472	471	222	628	54	79	322	597
292	300
293	117	405	56	237	96	246	100	284	475	248	234	172	845	210	31	1	13
294	176	210	82	269	483	326	739	64	756	300	71	1	619	95	742	96	393	161	1016	125	99	148	455	568	298	252	243	338	588	578	472	591	118	117	143	928	260	29	15	255	196	218	411	748	988	248	173	237	77	678	97	487	322	304
295	405
296
297
298	597	117	98	742	7	125	300	271	294	405	151	410	150	121	12	399	328	411	118	732	93	38
299
300	322	121	323	678	118	326	597	11	385	64	245	294	243	275	298	143	313	282	117	197	28	328	327	210	216	301	591	174	527	272	682	405	748	77	196	318	239	222	82	546	228	307	99	7	235	455	750	325	195	123	739	159	22	588	742	55	410	125	566	1	692	655	257	689	292	172
301	307	269	127	300	328	147	11	895
302	272	237	405	216	340	245	603	323	56	732	127
303	269
304	286	880	258	294
305	340	269	272
306
307	301	271	286	475	268	147	323	300	89	7	245	333	322	282
308
309
310	328	259
311
312
313	318	210	69	173	423	132	385	237	174	202	300	750	22	164	118	288	515	98	11	405	143	569	25	568	591	214	183	55	678	255	274	285	58	1
314
315	328	258
316	272	286
317	603	655	272
318	313	357	427	24	64	423	197	72	496	54	185	485	79	210	31	655	15	527	218	300	22	203	515	739	483	69	202	143	393	132	660	684	410	473	823	568	111	566	482	9	88	237	418	385	187	288	58	526	447	506	705	443	99
319	289	286	117	258
320
321	25
322	300	328	245	597	332	117	125	222	678	323	333	472	291	307	546	405	327	282	294	471
323	245	1	300	678	147	121	7	328	118	508	271	326	307	322	260	196	302	71	222	11	588
324
325	246	300	763	100	7
326	300	294	333	258	328	117	678	245	323	332	879	288
327	300	322
328	121	282	322	258	281	79	7	326	125	678	50	315	597	62	405	300	310	222	689	155	323	746	118	12	161	31	742	358	385	301	54	243	284	233	117	748	578	298	245	210	82	111	22	1
329	286
330
331	286
332	322	245	682	678	326
333	326	50	257	117	15	121	245	82	357	291	628	748	603	288	322	64	118	1	307	343	282	685
334
335
336
337
338	294	288	195	343
339
340	269	357	305	179	302	508	9
341
342
343	271	338	333
344
345
346	269
347	50	218
348
349
350
351
352
353
354	79	286
355
356	181	31	9	215	196	79	64	566	655	265	527	423	732
357	9	70	318	663	182	423	447	393	654	526	23	205	527	25	340	792	11	269	603	134	642	234	211	56	418	473	265	507	100	333	514	193	523	443	238	282	414	4	276	196	739	151	194	200	515	495	763	410	474	98	742	427	404	191	284	632	217	448	511	403
358	117	328	748
359
360
361
362
363
364
365	402
366	121	739	125
367	175	233	183	228	179	66	79	33	428	195	518	250	92	431	790	470	191	631	746	62	127	399	168	472	552	72
368
369
370
371	202	216	71	381	402
372
373
374
375
376
377
378	423	195	496	194	22	216	208	215	566	12	1	168	405
379
380	230	229	568	216	431	2	202	222	210	1	755	121	423	228	393	38	631	549	62
381	216	234	382	202	228	371	12	15	498
382	179	509	381	708	175	709	70	746	97	428	514
383
384	82	67	386
385	71	31	597	566	2	54	79	228	550	313	195	739	117	121	72	77	300	241	97	559	96	210	226	233	191	83	161	678	562	286	692	68	421	470	88	665	230	405	65	546	159	222	399	746	188	629	62	684	748	174	328	143	199	175	258	182	164	825	699	69	11	76	55	144	58	747	64	148	318	89	39	15	184	403	87	436	219
386	121	403	50	384	29	1
387
388
389
390
391
392	222	82	95	655	196
393	196	95	568	357	210	72	15	402	230	1028	566	63	66	88	419	294	174	111	121	255	117	215	241	82	50	22	161	729	748	71	186	1047	318	431	252	222	578	218	928	132	288	597	143	118	239	144	380	742	403	77	825	281	193	11	164	31
394
395
396
397
398
399	121	470	385	288	62	117	100	298	71	367	720	746	282
400
401	210
402	215	423	88	216	63	732	196	204	125	237	258	405	393	742	22	95	739	451	568	117	77	588	161	1	527	162	143	566	232	234	153	94	164	121	226	191	69	82	222	132	97	15	660	781	431	371	365
403	56	232	50	153	226	231	655	186	64	597	161	568	208	566	288	210	546	234	196	825	79	181	12	202	11	29	222	172	174	117	156	845	241	219	237	527	72	431	405	204	238	215	88	22	763	393	781	90	386	729	385	69	576	562	418	258	658	410	357
404	501	153	238	357	1	588
405	588	739	31	692	117	210	222	568	161	742	402	227	252	232	24	218	233	147	125	226	79	88	66	191	293	732	64	451	229	302	926	651	328	685	184	385	87	282	496	143	300	748	2	77	109	195	550	69	411	237	202	313	193	71	845	209	96	298	403	58	678	72	684	410	781	1016	265	820	15	170	455	225	82	658	230	546	322	825	566	378	295	204	790	98	196	591
406
407
408	169
409	546
410	11	125	475	763	218	288	185	546	471	56	14	318	249	298	405	144	300	357	240	50	597	411	248	226	282	403
411	288	125	111	742	151	240	100	1	405	56	185	7	410	298	294
412
413
414	4	357	514
415
416	216
417	204	228	568	143	472	4	651	182	215	96
418	132	22	423	181	357	64	208	501	1	195	117	485	318	95	143	403	71
419	143	625	393	95	603	501	204	25	1028	191	470	423	651	609	133	485	597
420
421	216	89	385	79	228	96	603	568	699	258	100	117	179	746	433	97	191	175	2
422
423	402	501	208	357	566	313	132	197	164	651	283	82	232	97	318	588	418	496	218	378	143	25	265	257	217	482	79	432	133	428	663	204	559	1	739	50	54	94	631	498	144	151	70	237	655	568	216	172	72	63	419	58	528	95	125	64	582	380	659	550	515	673	465	596	229	77	230	121	356	1135	238	167	193	603	449	485	69	127
424
425	7	98
426
427	111	132	265	318	151	480	655	98	15	496	1	64	71	603	202	739	162	238	657	222	82	204	211	196	357	285
428	58	197	70	423	514	175	367	65	708	124	162	100	64	509	436	747	506	183	382	56	652	523	44	116	203	135
429	187	69	1	204
430	204	483	69
431	173	121	186	79	202	232	746	483	210	28	195	22	62	380	403	288	101	193	393	265	219	367	11	194	50	402	597	751	69	230
432	423	588	211	195	99	479	133
433	175	238	180	11	658	475	276	219	182	173	679	179	89	111	8	150	23	197	222	53	421	25	568	603
434	168	195	89
435	208	69	132	230	474	172	204	483	22	121	194	506	133	197
436	79	219	89	168	175	77	732	428	385	180
437
438
439
440
441	176
442
443	234	117	447	501	22	526	357	663	568	64	47	100	136	318
444
445
446
447	357	79	501	443	506	180	185	195	318
448	218	185	288	98	100	11	357
449	229	79	29	222	96	210	181	161	50	31	423
450
451	143	72	215	229	402	234	405	265	238	151	25	181	210	79	208	131	66	132	63	739	173
452	234	7	210	98	174	79
453
454
455	121	294	117	300	405	591
456
457
458
459
460
461
462	83	179	216	222	509	739	515	705
463	191	50
464
465	1	588	496	95	70	423	79
466
467
468	284	121	222	79
469
470	399	385	216	233	419	79	367	588	230	763	692	720	125	651	284	665	746	188	33
471	508	222	11	546	756	245	147	288	31	25	281	410	550	291	1047	591	1	123	7	268	559	118	845	748	62	56	322	83
472	22	143	257	1	125	204	121	82	117	161	111	930	225	237	748	232	2	174	7	195	118	15	928	245	291	258	181	281	294	685	417	732	696	226	96	123	628	322	29	367	823
473	357	89	318	284	234	275	197	546	151
474	7	179	135	483	527	286	435	23	188	211	480	89	519	357	182	178	208	498	215	175	657
475	93	269	56	183	410	25	307	176	132	433	204	3	98	147	17	123	631	13	89	293	11	603	238	186	1012	184	53	508	135
476	756	597	274	255	742	204	161	866
477	1
478	168	191	174	8	64	127	143	181	509
479	603	134	23	183	657	197	100	25	708	654	238	191	432
480	182	23	179	427	1	603	708	474	97	197	79	185	135	71	604	177	191	111
481	482
482	100	204	237	654	504	234	423	216	152	211	174	657	568	485	185	481	705	708	642	318	87	520	631	663	7	606	213	228
483	484	134	294	222	498	135	431	684	137	474	69	215	318	531	234	89	116	435	708	50	199	527	202	179	647	430
484	483	100	519	496	238	193	215	654
485	496	237	197	143	705	318	185	191	15	132	228	210	482	64	501	655	419	418	504	651	423	520	28
486	181
487	216	294	88
488	197
489
490	173
491	183	654
492
493
494	174
495	28	357	194	511	162
496	485	133	194	739	136	71	205	125	423	216	28	318	181	69	651	526	427	204	523	64	83	229	275	193	405	117	705	196	465	378	215	94	233	79	22	484	174	657	237	755	172	54	520	566	4	1	568
497	202
498	186	483	174	22	234	588	132	204	423	211	1	525	4	69	183	168	506	99	58	474	381	269	28	131
499
500
501	1	423	191	404	99	588	419	447	162	443	185	95	418	485	96	204
502	204	514	216
503
504	482	199	654	173	651	603	485	133	234
505
506	447	197	708	498	514	211	168	435	428	318
507	357	134	182	191	56
508	56	471	100	9	127	715	124	323	340	179	515	257	23	13	235	7	211	147	475	8
509	86	58	89	132	175	179	382	111	100	199	168	153	183	137	428	124	462	77	478	518	216
510	191	523	661	172	520	197
511	202	191	705	28	241	289	181	194	79	654	526	136	230	208	283	215	232	495	25	357
512
513
514	216	89	168	175	603	152	523	202	179	180	100	56	428	654	197	357	211	13	32	133	506	517	528	708	134	414	502	382
515	269	100	185	89	520	603	86	191	168	83	313	318	175	97	286	203	523	210	508	199	197	288	179	357	216	423	14	183	82	25	550	462	71	205
516	183	56
517	197	185	216	692	514	237	708
518	182	175	179	367	117	216	657	509
519	484	474
520	183	216	515	603	739	191	174	168	151	659	97	496	28	1	510	173	523	482	2	228	234	737	530	485
521	100	195	97	98	1	185	168	177	654	208	12	8	526
522
523	168	89	228	514	1	510	496	211	191	175	202	177	183	100	144	357	179	151	515	143	588	657	520	428	188	194
524
525	603	498	100
526	174	357	496	195	127	9	28	443	603	132	511	168	204	216	143	56	70	318	234	521
527	234	357	197	28	402	204	300	151	474	318	403	9	215	211	275	483	237	356	705	22
528	423	514	654	100	603
529	175
530	520
531	100	1	276	483	98	237	208
532
533
534
535
536
537
538
539
540
541
542
543
544
545
546	161	597	288	763	403	471	756	118	385	742	410	66	125	300	1047	282	409	739	95	928	62	144	2	121	233	155	111	229	232	15	322	405	550	576	50	473	24	54	808	591
547
548
549	183	380	97	168	2
550	226	385	144	288	69	97	732	233	228	186	117	82	121	568	739	742	79	229	77	118	202	204	405	471	31	183	96	746	239	692	132	423	748	219	50	11	62	515	546	195
551
552	2	367
553
554	79	181	22	186	202
555
556
557
558	183	179
559	56	210	217	288	385	631	31	218	238	47	423	219	164	208	100	79	132	96	222	568	471	68	62	282	241
560
561
562	385	403
563
564
565
566	385	423	195	79	28	265	210	403	393	204	144	96	234	229	732	82	69	216	31	222	597	402	230	196	226	233	215	117	237	1074	97	202	121	72	191	318	496	378	300	227	746	356	24	159	405	94	100	50
567
568	12	204	82	739	393	117	222	405	100	97	79	15	732	380	88	403	234	121	31	143	96	402	550	191	655	210	603	177	161	164	230	1	597	294	99	64	729	417	423	229	421	69	482	208	241	95	559	318	443	313	591	118	135	569	153	715	56	174	496	132	433	38	87	22	11	735	866	252	28	202
569	288	7	313	568	183	234	82	121	11	53
570
571
572
573
574
575	210
576	226	739	202	2	172	161	222	546	403	96	578
577
578	121	282	12	294	720	393	328	226	746	24	94	576	219
579
580
581
582	196	181	8	423	56	255	50
583
584	50	739	210	64	275
585
586
587
588	405	69	1	423	95	216	151	82	501	71	402	63	240	498	432	465	117	662	118	96	294	265	233	109	732	288	470	300	188	603	523	183	161	200	237	168	143	404	323
589
590
591	222	118	64	28	300	845	291	762	628	471	294	568	237	313	739	11	143	286	210	7	455	546	405
592
593
594
595
596	117	1	118	288	69	423
597	385	161	298	69	1047	546	300	202	228	118	403	926	121	1028	265	322	230	328	476	210	96	245	566	257	2	568	227	125	148	215	756	742	174	24	144	204	930	195	393	97	410	678	763	88	431	419	82	232	291
598
599
600
601
602
603	657	185	479	654	97	514	180	23	525	520	515	480	143	568	175	357	64	168	427	419	179	178	89	55	421	177	526	144	651	333	317	302	199	655	588	200	504	44	475	216	746	24	192	48	1	83	433	65	134	423	528	182	93
604	480
605
606	482
607	196
608
609	419
610
611
612
613
614	127
615
616	185
617
618
619	294	125	742
620
621
622
623
624
625	419	288	117	11
626
627	95	183	226
628	64	12	15	258	748	50	82	7	291	591	333	55	132	245	185	284	100	472	22	222	735	195
629	385	143	191	708
630
631	175	50	559	182	8	179	423	475	708	183	98	23	367	65	13	654	380	58	11	238	482	1	70	197
632	162	100	357	23
633	132
634
635
636	89	135	180	7
637
638
639
640	134
641
642	50	357	12	482	708	11
643
644
645
646	180
647	179	7	183	483	100	650
648	86	213
649
650	204	647	286
651	79	215	237	69	64	423	204	210	496	228	265	405	82	186	28	77	229	173	193	95	177	748	153	654	22	125	1	187	419	603	194	97	208	257	732	739	88	504	222	232	31	470	121	417	136	485
652	202	175	179	428	171	55
653
654	134	23	182	180	100	187	603	357	708	127	482	7	12	135	4	191	197	208	177	514	56	657	651	95	511	204	504	521	285	1	631	11	528	659	484	491	58	479	185	28	203	209	174	663
655	197	88	258	195	64	13	208	739	403	196	191	427	708	31	692	735	568	658	12	659	100	98	318	58	210	174	222	423	96	56	79	217	200	286	15	317	485	603	180	156	392	283	215	300	194	742	162	356	127	234	686	9	252
656
657	183	603	199	58	175	216	742	185	179	654	427	482	479	228	496	83	7	197	55	523	518	97	191	474
658	433	655	218	79	111	735	405	739	232	403
659	185	197	655	100	210	174	520	286	423	168	205	654	153	173	12
660	202	173	143	747	196	215	83	193	318	132	89	699	125	97	161	402	237	770	258	684
661	510	168
662	588
663	127	357	100	134	423	168	215	208	443	161	180	9	177	64	482	25	654
664
665	121	229	385	77	2	720	265	230	216	33	470	233	48	183
666
667
668
669
670
671
672	210
673	79	218	204	195	423	31	144	128
674
675
676	197	125
677
678	300	121	1	323	739	328	326	174	751	385	204	118	235	24	322	125	7	252	332	234	210	405	742	159	313	196	746	597	79	294	928	31
679	433	227
680	266
681
682	300	332
683
684	732	265	31	215	739	483	2	22	385	203	792	69	318	405	79	4	230	241	132	88	187	660
685	117	125	281	405	222	161	237	732	472	748	88	181	96	333
686	100	196	117	655
687
688
689	328	300	748
690
691
692	204	64	405	732	739	121	208	197	216	185	98	28	228	655	96	284	385	31	237	2	69	239	174	229	88	70	79	763	241	550	517	71	143	95	470	300	161	286
693	182	175	71	86	746	127
694
695
696	237	472	274
697
698
699	258	70	421	79	71	385	660	44	283	213
700
701
702
703
704
705	204	234	511	228	28	485	95	496	1	197	70	69	174	134	182	215	482	202	187	190	237	131	527	127	1039	318	97	200	462	170
706
707
708	56	23	100	654	655	197	135	185	25	204	202	174	382	506	631	483	428	480	482	12	514	73	715	181	479	517	642	7	629	234
709	183	175	382	124
710	228	732	98
711
712
713	97
714
715	100	508	4	13	568	708	135	127
716	196
717	121
718
719
720	578	665	470	121	399
721	282
722
723
724	97	191
725
726
727	191	111	258	193
728
729	258	202	568	97	393	117	56	164	403	237
730
731	202
732	117	88	95	402	692	31	82	121	222	28	550	684	175	568	125	405	96	73	566	87	742	69	97	202	70	226	79	186	144	203	64	845	167	685	12	239	187	472	746	588	204	215	651	58	194	182	169	227	436	66	1044	237	298	710	302	739	282	172	356	29	1046	127
733
734
735	258	69	655	204	95	196	64	239	197	168	208	179	174	88	22	173	1	186	241	658	97	181	31	628	568	172
736	64
737	168	70	520	216
738
739	64	405	204	125	568	239	742	692	385	1	496	655	121	294	174	678	746	210	402	230	252	286	186	550	54	31	229	423	684	227	427	111	215	520	576	288	318	191	155	222	546	794	77	161	38	218	357	51	172	94	651	143	234	96	300	22	33	584	591	170	781	845	462	216	658	97	732	451	15	366	3	28	1135
740
741
742	1016	125	96	748	739	117	22	298	405	402	77	227	95	756	550	294	31	732	229	411	546	657	1047	597	172	476	328	161	619	121	678	300	144	393	357	655	64	118	109	255	258
743
744	286	100	237
745
746	228	89	196	183	11	739	173	55	431	179	71	385	328	219	24	168	216	732	550	12	72	28	69	125	421	233	367	566	578	603	68	382	678	771	33	693	201	54	239	470	399	2
747	173	660	98	164	216	385	428	237	179	100
748	742	121	215	125	15	204	228	291	628	282	281	472	118	274	243	405	300	988	385	195	651	393	751	222	358	252	172	333	763	685	117	845	259	328	182	550	471	294	50	275	873	689
749
750	313	300	258
751	678	234	195	748	284	257	79	180	127	431	181
752
753
754
755	117	118	210	121	202	230	380	496	282	135	196	222	63	55	71
756	476	117	294	471	742	546	237	125	1047	597	161	143	225
757
758
759
760
761
762	591	150	15	1047
763	546	410	9	161	150	845	55	11	268	246	748	692	237	325	357	265	64	470	204	403	282	1047	232	597	284	54
764
765
766
767
768
769
770	183	660	202
771	746
772
773
774
775
776
777
778	168	216
779
780
781	202	121	204	125	22	405	4	402	739	403	215
782
783
785
786
787
788
789	100
790	367	7	4	405	33
791
792	100	357	47	202	191	684	132	238
793
794	66	739
795
796
797
798
799
800
801
802
803
804
805
806	195
807
808	546
809
810
811
812
813	56
814
815	12
816
817
818
819
820	237	926	405	151	15	71	56
821
822
823	111	318	472	185
824
825	117	403	195	385	393	219	405
826	121
827
828
829
831	144	257
832
833
834
835
836
837
838
839
840
841
842
843
844
845	98	191	204	15	763	202	234	64	22	591	403	161	11	174	237	732	69	405	56	88	748	222	284	180	471	79	293	739	28	288	97	164
846
847
848
849	4	161
850
851
853
854
855
856
857
859
860
861
862
863
864	1028	117	151	281	111
865
866	282	22	28	125	476	568
867
868
869
870
871	926
872
873	748
874
875
876
877
878
879	326
880	304
881
882
883
884
885
886
887
888
889
890
891
892
893
894
895	288	301
896
897
898
899
900
901
902
903
904
905
906
908
909
910
911
912
913
914
915
916
917
918
919
921
922
923	213
924	15
925
926	1047	597	121	7	405	117	871	820	930	1	125	257
927
928	118	1	121	123	288	64	228	96	111	472	82	294	393	546	127	222	174	25	239	168	678	125
929
930	121	472	161	597	926
931
932
933
934	118	202	111	121
935
936
937
938
939
940
941
942
943
944
945	202
946	95
947
948
949
950
951
952
953
954
955
956
957
958
959	56	180
960
961
962
963
964
965
966
967
968
969	95
970
971
972
973
974	118
975	118
976
977
978
979
980
981
982
983
984
985
986
987
988	748	294	243
989
990
991
992
993
994
995
996
997
998
999
1000
1001
1002
1003
1004
1005
1006
1007
1008
1009	258
1010	100	150
1011	7	111	258
1012	12	246	117	183	475	127
1013
1014	210
1015
1016	742	117	196	294	125	151	405	222
1017
1018
1019
1020
1021
1022
1023
1024
1025
1026
1027
1028	117	121	864	393	597	95	125	216	419	1047	111
1029
1030
1031
1032
1033
1034
1035
1036
1037
1038
1039	28	186	705
1040
1041	222
1042
1043
1044	732
1045
1046	732
1047	597	118	926	257	121	756	742	546	237	393	471	117	1028	763	245	762	95
1048
1049
1050
1051
1052
1053
1054
1055
1056
1057
1058
1059
1060
1061
1062
1063
1064
1065
1066
1067
1068
1069
1070
1071
1072
1073	98
1074	566	25
1075
1076
1077
1078
1079
1080
1081
1082
1083
1084
1085
1086
1087
1088
1089
1090
1091	196
1092
1093
1094
1095
1096
1097
1098
1099
1100
1101
1102
1103
1104
1105
1106
1107
1108
1109
1110
1111
1112
1113
1114
1115
1116
1117
1118
1119
1120
1121
1122
1123
1124
1125
1126
1127
1128
1129
1130
1131
1132
1133
1134
1135	423	739
1136
1137
1138
1139
1140
1141
1142
1143
1144
1145
1146
1147
1148
1149
1150
1151
1152
1153
1154
1155
1156
1157
1158
1159
1160
1161
1162
1163
1164
1165
1166
1167
1168
1169
1170
1171
1172
1173
1174
1175
1176
1177
1178
1179
1180
1181
1182
1183
1184
1185
1186
1187
1188	232	96
1189
1190
1191
1192
1193
1194
1195
1196
1197
1198
1199
1200
1201
1202
1203
1204
1205
1206
1207
1208
1209
1210
1211
1212
1213
1214
1215
1216
1217
1218
1219
1220
1221
1222
1223
1224
1225
1226
1227
1228
1229
1230
1231
1232
1233
1234
1235
1236
1237
1238
1239
1240
1241
1242
1243
1244
1245
1246
1247
1248
1249
1250
1251
1252
1253
1254
1255
1256
1257
1258
1259
1260
1261
1262
1263
1264
1265
1266
1267
1268
1269
1270
1271
1272
1273
1274
1275
1276
1277
1278
1279
1280
1281
1282
1283
1284	118
1285
1286
1287
1288
1289
1291
1292
1293
1294
1295
1296
1297
1298
1299
1300
1302
1303
1304
1305
1306
1307
1308
1309
1310
1311
1312
1313
1314
1315
1317
1318
1319
1322
1323
1324
1326
1328
1329
1330
1331
1333
1334
1335
1336
1337
1338
1342
1344
1346
1347
1348
1350
1352
1353
1355
1356
1357
1358
1359
1360
1361
1362
1363
1365
1366
1367
1368
1369
1370
1371
1372
1373
1374
1375
1376
1377
1378
1379
1380
1381
1382
1383
1384
1385
1386
1387
1388
1389
1391
1392
1393
1394
1395
1396
1397
1398
1399
1400
1401
1402
1403
1404
1405
1406
1407
1408
1409
1410
1411
1412
1413
1414
1415
1416
1417
1418
1419
1420
1421
1422
1423
1425
1426
1427
1428
1430
1431
1432
1433
1434
1435
1437
1438
1439
1440
1441
1442
1443
1444
1445
1446
1449
1451
1454
1455
1456
1458
1459
1460
1461
1462
1463
1464
1465
1466
1467
1468
1469
1470
1471
1472
1473
1474
1475
1476
1477
1478
1479
1480
1481
1483
1484
1485
1486
1487
1489
1493
1495
1496
1498
1499
1500
1501
1502
1503
1504
1506
1507
1508
1509
1510
1511
1512
1513
1514
1515
1516
1517
1518
1520
1521
1522
1523
1524
1526
1527
1528
1529
1530
1531
1534
1535
1537
1538
1539
1540
1541
1544
1545
1548
1550
1552
1554
1555
1556
1558
1559
1560
1562
1563
1564
1566
1568
1569
1570
1571
1572
1573
1574
1575
1577
1578
1582
1584
1585
1586
1587
1588
1589
1590
1591
1592
1594
1595
1597
1598
1599
1600
1602
1604
1605
1607
1608
1609
1610
1611
1612
1615
1616
1617
1618
1620
1621
1622
1623
1624
1628
1629
1631
1633
1634
1636
1639
1640
1641
1643
1644
1646
1648
1649
1651
1652
1658
1659
1664
1667
1669
1670
1672
1673
1674
1676
1678
1680
1682
