1	363	13	868	773	345	303	846	474	344	896	933	267	653	293	823	913	339	346	455	749	222	758	643	177	197	671	889	178	488	815	533	457	870	450	429	453	504	416	269	102	263	244	378	606	738	493	757	184	452	60	95	215	221	151	500	425	332	747	94	417	826	216	727	92	521	566	328	194	291	682	543	279	715	804	498	903	934	276	397	442	246	435	592	232	472	22	660	484	380	892	899	694	778	919	600	253	867	307	495	862	8	545	621	44	213	663	766	295	537	716	622	805	292	661	315	883	343
2	234	416	463	537	378	344	624	104	931	569	486
3
4
5	92	222	429	13	653	727	804	650	881	648	276	606	125	488	846	880	642	472	868	601	102	407	198	405	660	798	749	200	303	60	497	83	246	622	453	774	44
6	184	870	409	363	854	234	524	437	293	666	889	325	894	452	360	650	339	90	189	178	639	85	456	537	361	389	313	561	592	916	479	601	308	305	194	806	407	892	59	271	823	94	381	327	222	535	292	883	840	504	115	468	763	297	886	385	738	474	805	198	627	543	538	710	338	62	568	121	704	82	745	795	455	269	867	7	250	846	214	747	429	136	716	334	868
7	263	943	823	601	22	851	854	457	70	125	346	709	379	493	292	527	896	56	62	293	378	271	454	592	738	94	660	276	194	806	468	216	389	10	933	766	664	254	864	815	347	13	749	92	407	405	8	629	296	466	291	610	537	658	279	198	398	339	394	425	280	144	506	579	167	538	554	474	846	600	406	16	870	892	158	903	480	345	663	299	222	606	214	250	328	327	747	200	826	230	653	387	532	508	64	130	727	622	313	72	632	330	913	890	6	830	836	919	880	556	776	41	654	942	751	593	77	683	551	716
8	13	7	268	197	757	293	455	346	474	425	328	896	177	479	303	1	56	72	92	600
9
10	276	474	201	379	234	94	7	738	293	455	932	504	452	533	537	747	387	200	416	788	749	661	90	405	870	296	378	250	407	301	62	347	426	389	710	503	650	627	601	840	263
11	474	95	514	59	660	542	378	326	650	194	65	327	524	249	303	864	880	407	44	56	291
12	216	889
13	1	397	773	629	216	600	721	5	85	601	83	823	933	379	484	197	901	391	896	577	8	710	493	774	660	343	22	378	458	666	60	363	932	566	776	624	7	299	727	222	256	455	346	683	830	463	684	521	267	894	862	215	457	716	561	254	843	345	645	328	479	450	293	815	621	536	542	152	144	393	14	82	532	43	347	329	87	76	848	881	198	545	903	313	315	669	758	537	416	788	49	697	181	860	213	210	676	292	619	617	437	110	389	269	326	271	653	303	643	174	429	889	487	488	654	478	57	795	125	184	474	392	615	880	836	709	178	464	230	194	682	844	749	766	433	151	381	193	592	533	339	606	351	15	747	214	295	938	738	23	64	232	916	586	395	913	126	892
14	889	13	406	503	894	194	747	354
15	637	416	13	334
16	592	429	94	870	864	271	551	417	533	59	846	43	130	435	398	276	346	7	334	943	916	405	716	757	437	543	504	715	457	889	293	821	343	886	194	468	303	850	151	87	919	833	709	201	561	42	269	64
17
18	62	345	343	291	916	666	64	606	378	244	330	95	271	158	299	806	854	458	82	305	868	90	622	262	437	435	654	665	354	280	851	275	566	601	188	23	360	235	387	187	592	232	269	805	207	253	198	894	933	495	533
19
20
21	276	255	181	303	130	222	592	655	109	479	406
22	194	650	7	95	506	92	13	757	429	276	222	267	738	87	407	435	301	271	823	457	308	303	864	846	653	830	425	70	749	279	1	326	796	405	899	892	592	497	896	664	59	479	638	125	379	328	848	747	347	766	264	268	37	537
23	62	308	334	49	407	269	373	239	92	276	452	806	650	561	158	249	194	389	291	727	924	94	830	854	18	878	751	638	13	435
24	339	303	417
25	804	178	848
26	919	624	416	145	533	181	378	92	606	634	141	222	655	294	178	393	101	674	303	276	872	595	790	938	109	59	699	447	201	174	717
27
28	435	504	92	472	416	749	774
29
30
31	567
32
33
34
35
36
37	279	757	92	435	484	301	892	521	22	774	425
38	130	222	378	416	43
39
40
41	94	606	407	425	7	77	387
42	864	87	43	200	541	788	661	881	256	95	222	484	271	311	330	882	210	290	70	896	303	346	922	293	328	554	301	608	398	429	653	648	56	903	474	296	880	618	64	16	846	542	536
43	311	533	880	738	889	606	200	882	42	64	455	916	109	130	933	293	661	727	435	332	417	85	885	249	653	268	201	318	16	178	497	398	896	521	660	870	75	593	690	774	892	665	450	207	886	457	407	145	654	92	222	13	786	648	236	815	545	301	57	210	87	542	453	618	756	125	70	379	541	826	95	487	543	336	394	151	254	468	790	374	253	620	840	807	463	38	864	393	939
44	650	738	660	276	268	363	82	622	653	601	472	200	269	416	535	588	102	303	417	864	354	222	339	757	854	788	387	293	115	158	398	299	435	1	798	826	627	326	897	11	870	5	796
45	624	549
46
47
48	892	271	524	450	537	454	198
49	269	758	334	561	23	276	389	805	592	345	711	342	363	343	385	880	379	655	291	308	883	293	889	13	537	707	92	622	773	267	478	823	330	429	500	271	551	474	840
50
51
52
53	194	263
54	624	94	332	294	880	130	58
55
56	393	291	174	378	200	429	92	497	880	102	7	109	346	447	896	453	592	650	846	276	506	194	178	826	807	786	394	621	545	933	455	64	943	474	119	405	379	892	435	660	398	593	910	293	326	42	622	796	663	738	889	198	454	457	690	416	83	290	130	8	222	870	268	709	332	757	254	345	11
57	416	648	881	624	738	788	43	533	332	301	13	892	642	721	487	847	548
58	916	308	343	279	342	682	536	497	886	92	551	514	805	303	378	158	286	429	276	940	537	758	864	472	650	290	262	188	823	54
59	249	60	592	738	826	447	694	436	361	457	919	663	606	435	790	916	347	379	222	766	16	643	394	92	854	847	6	271	622	709	521	210	118	198	216	669	463	892	11	843	91	527	538	75	397	207	244	293	299	758	880	506	882	301	682	174	345	851	290	474	593	274	194	197	795	403	867	554	478	666	352	605	250	425	22	26	476	455	145	308	343	267	472	325	276	69	552	802	468	128	710	268	313	77	634	498	864	422	894	665	505	499	360
60	299	328	313	59	13	694	1	506	916	268	325	429	457	790	409	766	455	269	804	606	85	94	380	848	601	868	177	830	5	293	922	892	370	389	92	350	354	244	391	326	840	823	346
61
62	18	94	385	407	23	854	457	194	622	592	601	389	269	7	758	806	458	479	92	276	868	933	339	468	561	291	766	293	378	343	916	805	463	387	892	280	297	271	504	249	493	658	455	262	943	279	664	346	216	380	894	345	6	727	606	757	158	10	250	429	694	748	833	686	773	406	660	804	347	447	453	328	442	498	936	666	299	788	751	610	450	308	405	650	416
63	624	592	916
64	293	345	864	435	749	43	916	758	889	328	896	18	774	650	757	249	271	880	198	200	378	457	56	151	665	506	251	601	622	447	472	303	311	276	194	892	455	291	416	429	870	7	790	216	682	838	42	537	453	606	514	13	326	290	92	16
65	474	72	934	327	11	437	405	311
66
67
68	151
69	592	624	293	790	889	854	59	916	892	92	416
70	92	650	7	716	290	727	896	276	757	916	194	178	450	487	882	457	95	94	308	796	545	293	892	407	125	889	200	102	749	913	618	804	399	42	447	885	307	234	417	22	592	622	932	405	311	921	43	806	648	389	830	435	303	254	301	738	201	601	379	846	823	454	286
71
72	804	405	454	889	82	533	346	474	629	65	207	298	864	144	892	903	943	271	592	766	806	249	345	690	233	7	870	8	524	468	374	478	425	615
73	870	537
74
75	43	429	59	682	130	276
76	655	268	293	92	13	269	606	916	932	299	397	406
77	297	293	308	622	406	59	41	7
78
79	894
80
81	92
82	85	881	200	339	416	533	92	194	457	271	892	72	44	313	334	889	870	94	234	13	650	429	276	435	747	95	18	479	311	83	301	345	381	405	299	916	846	6	823	478	468	374	535	896	407	295	379	254	561	854
83	533	881	416	487	13	804	254	457	256	393	892	764	921	897	145	807	577	222	193	618	94	901	896	152	642	332	823	786	346	846	506	472	109	450	125	82	378	230	716	405	429	174	101	919	705	5	200	303	313	56	551	885	545	690	630	848	328	194
84	450	271	889	551	457	293
85	325	666	455	82	456	13	773	615	749	823	788	566	339	6	766	537	716	342	561	305	210	468	389	381	524	295	848	43	406	234	862	250	870	90	655	694	806	704	643	409	592	379	293	361	194	271	213	878	508	606	343	933	896	313	932	60	487	198	658	840	864	354	177	738	776	327	391	269	934	286	297	94	521	268	328	474
86
87	653	256	758	42	506	533	532	551	374	487	457	650	593	222	416	417	125	796	22	301	889	648	271	343	450	314	690	749	346	896	622	545	13	892	880	870	846	727	804	318	213	661	618	43	144	311	671	393	476	916	493	757	684	660	721	145	16	474	279	864	738	102	933
88
89	537
90	458	201	450	344	198	318	387	437	6	151	379	864	361	293	94	263	334	269	704	474	360	537	601	194	299	214	296	234	506	710	85	455	932	468	919	561	303	343	10	430	693	664	833	875	854	18	835	454	407	776	268	339	894	378	682	158	342	650	445	903	279	868	397	666	535	391	253	184	297	556
91	474	896	488	59	472	416	682	551	548	892	429	493	435	796	347	398
92	291	297	592	332	622	457	276	453	5	70	806	174	221	868	407	200	880	442	334	293	663	882	795	447	117	521	56	343	177	292	94	660	650	267	22	916	145	537	532	216	757	690	62	102	299	738	82	189	328	222	158	7	894	194	379	58	561	642	339	846	892	472	26	361	913	456	429	23	389	95	378	758	59	514	638	943	805	269	896	81	76	933	380	381	476	500	826	43	1	409	406	345	606	865	870	303	394	256	790	756	178	315	665	367	28	746	130	152	936	566	244	263	624	478	49	655	751	474	259	727	347	198	320	496	294	601	184	854	560	268	487	711	844	346	749	804	773	255	159	840	505	412	463	479	452	397	37	417	595	569	643	114	60	251	881	8	694	543	249	69	534	290	64	770
93
94	854	269	221	537	916	249	407	394	343	313	457	880	645	62	389	293	276	660	158	766	693	933	296	92	643	299	339	773	334	805	592	711	194	747	115	468	216	397	160	16	7	435	303	198	90	627	10	493	892	325	506	456	496	823	535	429	851	715	669	919	263	70	601	862	184	41	344	833	886	870	455	527	795	666	54	297	361	504	844	758	932	867	177	174	268	360	663	738	82	250	894	498	664	83	1	479	327	6	417	292	560	716	882	503	447	561	128	267	416	345	378	897	533	821	508	246	60	323	885	373	291	497	710	214	116	318	632	566	235	210	117	387	899	436	618	610	452	458	244	788	650	542	709	868	625	23	727	579	222	682	500	274	85	453	776	308	746	940	405	346	936
95	407	22	398	533	880	416	484	200	541	933	892	532	125	457	194	345	256	622	660	303	417	514	336	901	42	766	788	391	70	363	450	727	178	326	92	1	435	890	301	292	429	11	654	290	846	276	318	653	18	378	158	715	738	536	82	506	207	882	394	650	254	618	499	864	579	566	854	804	373	690	716	401	545	642	455	43	342	361	405	916	682	593	878	554	823	236	694	374	551	659	538	201	379	903	591
96	263
97	913	606	650	506
98
99	301	417	145	109	104	880	851	347	886	487	399	541	250	660	276	882	429	717
100	863	145
101	393	26	472	83	291	416
102	276	826	896	506	457	56	268	442	757	545	363	92	653	346	450	394	606	1	749	70	843	618	222	254	200	889	864	407	758	880	299	198	44	5	738	303	406	174	804	727	119	881	622	654	795	177	650	524	378	682	721	479	472	87	882
103
104	301	447	99	648	624	334	479	592	697	347	854	463	178	805	880	2	145	889	274	303	751
105
106
107
108
109	43	56	892	294	291	168	130	99	671	708	83	807	201	326	328	363	21	896	26	495	606	653	394	618
110	393	346	256	405	207	682	13	328	222	399	374	889	919
111
112
113
114	862	92	313	553	932	881
115	94	339	160	308	385	6	387	293	883	44	447	389	932	498	343
116	276	548	537	303	201	416	727	144	94	838	524	666	234	472	328	327	564
117	92	472	727	293	417	592	276	805	790	650	606	796	521	301	425	94	297	653	682	429	913	200	303	479	880	751	435	453
118	59
119	660	796	435	363	399	346	749	130	200	846	417	889	263	56	711	705	537	378	145	345	102	222	514	622	297
120
121	537	894	805	239	601	354	6	437	339
122	846
123
124
125	648	622	417	896	7	393	682	749	479	178	727	618	796	533	222	95	290	642	653	407	715	654	862	886	87	488	922	751	70	632	694	5	453	846	738	786	901	881	387	271	447	882	293	541	405	757	379	83	924	660	312	151	373	276	43	864	435	13	254	326	650	627	22	536	344	698	454	487	194	833	200	398	301	892	457	504	416	343
126	13
127
128	429	650	378	655	299	716	592	361	478	896	144	318	661	346	94	608	642	342	373	897	398	339	899	881	450	741	417	409	59	407	201	268	298	332	222	336
129
130	870	532	630	851	534	43	38	756	721	324	472	709	357	764	314	109	119	545	16	757	200	436	868	624	276	216	21	621	373	768	406	222	872	75	92	716	774	881	297	295	910	405	665	453	221	514	7	880	291	177	326	56	593	230	933	887	399	606	181	650	759	253	943	54	290	654
131
132
133
134
135	276	709
136	6
137	346
138	194	405
139
140
141	26	181	825	393	548	872
142
143
144	533	207	303	493	378	416	889	452	405	454	429	916	193	474	293	339	194	593	896	128	271	299	804	903	13	7	881	532	566	72	943	484	116	360	222	87	815	457	184	328	758	854	719	637	347	174	554	389	536	296	788	577	398
145	487	276	429	757	497	648	343	682	833	774	653	435	92	892	521	394	99	548	504	267	200	26	472	198	796	709	83	618	660	405	864	291	886	506	622	268	332	846	374	43	650	881	624	601	880	425	825	217	249	293	216	221	786	193	606	345	843	197	119	551	634	222	303	697	727	495	59	100	294	87	749	463	654	178	442	104	387	795	378	407	592	532	817	776	373
146
147
148	606
149	294
150
151	868	342	653	90	198	293	639	456	484	566	346	267	870	189	521	457	210	481	749	1	738	286	665	381	64	608	896	397	478	758	487	862	380	669	262	235	194	305	339	864	301	694	643	698	682	125	307	455	244	773	846	16	224	43	916	68	13	921	867	318	429	236	389	543	844
152	593	256	897	13	83	92	533	405	846	796
153
154	194
155
156
157	294
158	194	429	537	394	94	416	796	643	487	249	484	417	682	933	92	738	407	833	295	343	344	870	854	455	458	23	58	95	339	18	622	276	664	7	592	389	297	214	345	292	62	442	279	90	629	450	244	846	334	44	256	896	561	354	650	543	709	478
159	825	92	796
160	592	94	498	115	293	268	389	328	634	429	840	833
161
162
163
164
165
166
167	7
168	109	294	938	548	682	749	653	447
169
170
171
172
173
174	92	592	222	56	880	291	472	345	378	453	254	796	94	295	533	399	727	339	221	393	293	184	497	194	457	59	363	892	429	267	896	102	198	83	13	216	943	889	330	660	416	144	708	26
175
176	894	606
177	592	537	92	276	303	293	806	846	1	622	327	655	606	339	334	847	94	870	268	308	409	457	417	269	561	727	862	222	60	85	201	886	425	344	790	773	875	8	881	774	102	263	130	682	823
178	294	416	532	864	479	328	487	296	886	622	907	663	715	125	727	326	6	488	493	922	70	194	846	1	197	716	659	472	323	450	796	95	654	913	709	56	43	538	378	528	200	756	435	924	826	484	301	815	436	497	222	26	807	896	882	92	311	256	624	579	275	320	830	786	889	25	533	405	453	703	223	230	618	933	344	13	916	104	600	632	145	402	897	495	537	712
179	919
180	916	504
181	634	26	938	21	141	451	717	13	222	130	532
182
183
184	6	932	389	457	645	716	313	854	339	889	406	194	537	334	497	478	566	269	892	711	344	883	655	327	94	592	795	1	299	328	216	303	543	532	234	458	246	201	361	174	903	311	840	707	293	144	213	715	92	747	398	663	504	437	13	298	342	479	771	894	343	301	90	788	381	295	363
185
186	805	804
187	379	18
188	276	881	588	749	682	457	293	328	345	533	346	207	805	374	416	263	18	280	58	321	222	399	933
189	381	889	650	293	6	327	862	716	92	840	151	308	292	276	234	339	299	846	660	913	334	653	864	883	543	437	627	892	474	417	354	868	271	805	639	379	194	503	804
190	450	276	294	592	378
191
192
193	144	896	474	222	83	393	429	145	276	13	642
194	933	22	566	271	379	542	709	276	339	622	158	407	823	297	293	715	864	62	291	497	618	94	457	269	326	95	487	458	880	70	184	606	455	7	766	178	303	82	447	416	663	627	267	442	889	389	290	222	588	453	452	851	6	92	830	144	592	90	387	56	378	886	498	561	537	892	870	394	653	508	719	85	1	862	23	778	903	198	773	151	250	514	468	846	747	174	347	660	64	711	504	313	749	916	361	506	154	299	343	328	59	11	429	16	344	345	391	643	13	14	346	854	553	244	138	882	727	125	256	374	664	262	776	189	53	488	83	213	527
195	796	276
196
197	328	881	600	749	13	826	1	506	178	479	622	276	405	880	488	933	8	892	222	416	425	916	864	727	896	846	346	363	524	429	145	293	694	313	588	653	59	886	207	474	311	757	533	922	796	671	347	788	618
198	666	916	606	653	293	90	474	868	343	151	393	593	405	506	455	379	94	514	618	276	387	145	429	561	766	738	456	786	682	7	497	222	498	886	749	64	297	326	892	655	59	407	870	650	13	627	642	747	774	271	102	194	758	543	85	269	867	6	5	776	409	453	92	339	174	504	864	313	913	664	709	521	843	56	201	862	442	932	648	693	773	632	479	399	854	267	663	318	18	344	380	757	751	200	741	290	48	838
199
200	313	545	92	738	864	276	332	43	880	56	373	82	457	650	749	394	95	42	655	661	756	416	447	648	145	747	389	896	514	533	429	328	532	210	291	450	506	727	682	826	854	44	70	882	299	119	178	64	307	660	130	10	885	301	417	407	632	102	709	606	508	850	254	474	746	326	398	621	790	922	222	838	551	484	624	897	7	622	805	5	933	405	346	117	907	541	296	83	487	910	125	601	198	653	693	496	308
201	344	311	90	854	840	10	495	389	715	271	763	664	303	663	542	379	216	436	776	892	890	294	933	43	868	305	445	504	919	497	233	634	269	553	308	694	655	276	773	116	870	592	790	453	402	833	533	184	267	823	536	851	380	458	478	109	716	280	804	731	645	554	710	177	479	665	916	605	545	437	864	198	807	932	397	70	543	16	748	406	213	26	620	896	128	899	805	367	352	658	654	95	407	288
202
203
204	234
205
206
207	533	144	504	933	881	437	716	416	298	535	450	880	788	854	399	608	429	271	764	311	43	72	870	297	864	95	59	892	919	110	493	188	457	804	758	197	379	655	773	468	345	715	622	474	328	889	249	605	280	682	18	210	398
208
209
210	389	308	747	334	749	85	301	200	694	305	660	655	450	151	606	542	298	484	59	42	886	230	213	870	537	882	716	508	13	94	244	899	269	43	854	313	325	892	497	615	346	709	394	236	296	758	864	710	344	207	711	295
211
212
213	346	457	889	883	214	854	334	303	344	655	269	450	622	601	682	663	659	210	85	862	537	774	487	389	846	532	758	588	13	87	592	447	806	184	347	479	271	880	913	632	244	201	1	693	484	239	660	276	387	391	194
214	450	213	561	239	805	90	417	537	344	883	913	870	458	94	7	158	385	543	468	292	6	665	334	13	327	498
215	606	882	13	1	751	326	290	307	796	545	694	622	506	601	455	815	650	263	537	417
216	222	378	303	13	429	497	94	92	864	889	339	276	7	453	916	201	291	472	450	184	293	896	933	715	416	758	943	249	271	592	643	892	59	1	130	663	221	457	62	447	145	880	484	537	394	174	650	577	295	504	389	566	347	64	751	533	12	346	393	716	478	345	551
217	303	145	682	387
218
219
220
221	303	92	94	276	291	916	308	889	682	592	896	268	715	643	293	1	405	450	868	292	222	299	216	343	174	561	933	416	846	145	457	886	267	130	345	332	788	624	246	919	378	320	495	833	472	851
222	851	216	826	5	457	332	174	374	336	648	447	592	627	453	394	125	275	548	846	1	545	622	922	653	551	521	497	416	326	92	87	757	42	13	194	606	913	22	59	532	709	373	303	193	198	294	83	933	436	26	276	880	790	896	916	407	452	221	102	343	6	256	178	468	43	533	479	197	435	514	21	346	624	472	825	864	907	290	224	542	130	727	806	886	144	717	778	7	44	291	661	721	177	38	705	200	892	293	429	145	463	506	768	344	847	868	417	878	442	110	94	630	488	897	815	577	405	119	795	495	56	804	927	903	314	188	181	560	504	128
223	654	330	606	178	487
224	416	796	721	533	222	551	311	234	788	151	682	881
225
226
227	514
228
229
230	271	716	330	487	210	897	416	298	764	503	922	83	7	178	13	505	301	130	912	731	610	380
231
232	606	864	450	1	561	308	500	474	18	13
233	655	846	201	864	870	472	537	293	72	913	796
234	6	325	271	924	664	870	343	903	437	764	10	608	389	763	710	601	334	250	360	269	625	85	878	627	90	592	305	456	2	82	887	189	738	478	244	650	537	591	840	806	184	535	70	379	747	361	908	465	683	889	296	932	892	530	492	307	409	560	553	691	503	224	660	253	371	508	661	773	854	116	313	468	204	344	890
235	151	94	18
236	896	43	504	878	345	533	374	747	210	661	95	788	298	305	151	719
237	655
238
239	334	269	276	561	805	214	23	592	500	121	385	312	458	308	343	213	710	773	292	883
240
241
242
243	537	711
244	749	790	269	299	455	537	437	889	1	307	682	249	916	18	442	840	234	250	447	59	665	92	210	297	293	417	94	561	541	542	913	650	151	806	158	276	815	457	543	766	194	660	213	711	606	933	60	758	751	738	305
245
246	650	303	889	363	758	268	922	320	339	682	276	655	504	457	514	417	897	308	291	846	495	671	184	94	293	545	1	622	497	406	854	648	749	653	660	899	346	301	5	221	582	286	886
247
248
249	592	94	59	345	271	484	291	343	293	158	468	815	514	854	601	269	455	276	458	43	790	933	244	932	64	478	452	334	786	892	216	378	339	538	537	457	344	916	474	595	62	864	524	268	23	919	145	429	294	870	385	711	323	543	274	430	758	569	416	435	387	297	379	899	72	840	886	738	11	693	207	298	92	838	719	715	821
250	606	854	682	334	234	862	749	85	541	504	94	363	665	430	303	244	293	938	582	738	194	10	269	339	7	622	474	770	62	295	301	59	323	498	6	99	592	610	892	291	847
251	450	655	682	749	457	805	293	276	347	64	790	343	303	92	554	313
252
253	864	298	593	1	889	234	601	327	738	577	43	90	18	629	130	487
254	896	846	881	83	416	346	378	815	7	290	474	174	533	405	13	738	712	271	330	454	102	435	200	749	864	95	711	660	826	506	545	268	796	892	125	70	363	43	727	453	709	653	275	345	56	786	472	795	82
255	21	276	92	297	592
256	87	532	417	95	42	83	13	152	394	533	653	738	393	637	222	506	378	648	933	92	110	178	363	830	892	478	663	328	551	374	158	297	690	671	194	881	295
257
258
259	276	896	293	92	655	387
260
261
262	416	500	533	62	151	592	18	457	58	711	532	521	194	504
263	7	504	913	327	90	293	94	1	618	537	343	601	119	870	632	862	749	650	899	454	747	508	593	452	271	280	380	710	92	622	298	881	450	328	766	188	627	344	693	577	629	297	177	924	892	493	215	96	276	738	290	442	10	345	53	352
264	896	551	846	22
265
266
267	303	933	497	293	868	276	328	308	896	727	339	1	92	378	889	622	892	886	347	145	194	416	537	846	151	268	456	660	457	883	653	22	479	13	474	387	379	870	916	442	880	291	271	666	94	279	716	299	201	757	343	758	643	786	447	417	682	932	543	344	790	393	174	221	561	405	833	577	286	429	854	305	538	655	49	774	487	618	346	407	59	592	864	406	425	766	804	198	541
268	453	892	666	303	758	592	757	299	843	339	621	868	774	294	102	457	406	342	276	221	846	361	606	655	886	76	269	313	378	267	790	332	417	389	246	334	727	514	346	44	805	336	795	43	8	328	806	60	435	94	177	747	851	325	416	145	363	498	293	545	249	407	709	833	271	854	932	429	650	751	422	506	90	896	442	385	379	632	532	537	92	160	254	561	357	826	943	864	756	867	445	56	59	85	899	823	128	468	474	778	495	22	907	496	455
269	94	862	49	868	645	299	389	343	239	407	537	62	194	854	387	655	244	334	305	561	380	773	592	385	23	325	184	916	268	90	249	566	805	1	643	276	344	339	457	313	234	429	833	458	508	213	295	409	661	44	92	293	766	201	686	500	291	361	177	308	383	478	76	795	60	379	747	666	342	932	198	250	682	210	13	693	669	617	707	710	85	506	6	933	363	16	301	18	280	303
270	293	796	334	327	405	416
271	379	298	194	823	766	457	479	864	234	249	536	230	889	391	339	618	758	7	933	538	870	201	347	16	896	305	82	878	458	916	42	606	851	716	551	653	566	537	741	554	880	592	919	64	346	87	773	207	387	59	6	144	22	216	407	254	815	293	727	62	85	903	542	267	370	453	786	527	892	18	601	84	125	263	198	308	268	666	72	899	854	776	405	447	749	661	13	504	429	48	711	389	398	399	897	344	213	291	639	361	629	474	533	605	731	416	821	343	846	290	780	615	189	481	719	468	922	466	627	323	49	660	495
272
273
274	429	249	486	59	94	328	104
275	222	846	450	807	545	650	387	916	313	892	311	178	497	727	18	796	933	506	326	254	606	788
276	851	294	92	457	864	622	453	21	303	221	854	145	833	194	102	267	886	889	933	200	345	94	346	506	378	293	407	650	177	343	379	70	10	291	308	239	660	721	545	896	417	542	116	394	188	7	868	49	773	671	663	880	757	766	342	216	332	62	268	447	435	22	497	633	682	624	198	249	592	307	805	44	334	653	922	117	804	640	269	56	618	389	474	290	190	445	532	197	561	643	5	299	328	23	392	632	436	738	881	697	870	222	95	514	595	627	749	189	16	255	313	246	648	693	201	774	297	130	892	919	82	387	606	158	654	715	1	251	259	367	913	58	610	135	26	764	405	64	425	600	943	903	398	710	125	619	795	862	717	883	727	244	455	468	806	442	708	553	551	840	875	59	450	193	521	940	916	665	838	826	195	213	75	638	661	99	263	756	504
277	665	297	291	637
278
279	58	37	823	407	7	738	267	1	62	379	22	447	536	385	435	158	90	87	932	825	487
280	328	62	756	766	7	263	886	380	201	854	293	399	18	883	796	456	188	435	207	269
281
282
283	429	405
284
285
286	716	406	660	921	299	308	847	457	643	151	495	58	343	650	639	698	325	892	305	411	267	85	899	537	539	833	70	246	339	749	493	373	417
287	592	416
288	711	416	201
289
290	70	454	881	896	545	862	125	618	642	749	447	484	293	254	194	405	506	276	916	497	398	393	95	933	42	716	738	638	215	222	709	311	514	407	59	345	897	606	58	343	56	271	622	882	650	318	263	330	64	92	198	130
291	622	92	880	221	642	56	303	504	747	276	194	343	249	174	472	308	406	870	453	18	373	332	943	457	864	297	301	919	62	854	851	405	216	660	416	200	7	378	109	387	751	145	933	788	49	592	500	342	417	466	267	269	521	1	246	506	458	345	756	374	320	715	757	790	94	889	346	484	23	222	379	537	294	624	347	64	650	293	435	299	389	271	452	786	846	101	130	665	447	697	709	621	277	339	250	11
292	293	7	92	537	308	474	896	715	389	189	327	303	429	339	758	95	916	221	664	94	6	913	299	805	854	417	543	13	601	892	622	158	840	361	592	643	334	606	214	1	380	919	239
293	64	468	916	896	345	292	543	344	643	537	267	198	387	627	854	806	379	361	6	738	92	870	394	932	650	94	561	457	455	601	343	276	194	397	913	177	924	882	378	447	933	339	1	189	622	506	249	751	478	7	592	795	758	117	452	606	907	442	151	747	334	629	90	290	508	498	846	392	826	453	303	43	10	903	144	263	889	805	786	62	417	851	70	868	76	456	479	216	615	221	407	270	883	704	757	710	352	13	269	380	773	85	271	327	268	823	49	663	892	295	389	474	749	660	313	542	830	844	296	325	250	251	669	125	618	246	328	160	821	59	774	188	582	42	521	323	115	145	430	8	307	174	259	514	429	608	244	406	297	280	77	69	880	233	184	56	222	291	197	554	569	756	943	298	466	746	16	593	682	44	693	480	894	60	538	831	402	833	591	346	733	342	299	84	655	793	494	425	864	686	551	385	666	709	840
294	303	276	178	533	268	936	790	655	606	854	721	624	435	109	201	157	222	417	168	682	26	328	758	344	889	663	526	249	190	892	595	768	305	291	92	313	886	634	870	145	54	907	149	548	593
295	796	711	389	881	497	85	896	407	158	269	535	833	416	174	457	293	484	385	932	880	592	455	716	622	130	334	216	250	854	545	345	326	660	314	815	1	758	452	13	82	301	256	184	210
296	178	94	347	7	474	354	537	894	90	932	886	293	503	514	455	10	339	234	450	747	392	457	532	401	838	200	881	42	666	582	851	788	344	378	210	144	601	610	334
297	92	407	328	447	378	194	711	363	474	345	455	457	291	561	665	864	387	790	886	77	94	342	870	442	198	504	62	913	805	506	429	940	276	450	207	823	326	6	379	437	158	244	537	293	854	130	117	301	910	709	249	85	524	468	255	256	277	392	933	263	899	453	795	622	90	654	417	119
298	271	454	870	796	347	313	892	207	533	661	456	210	881	72	312	889	663	230	896	301	643	554	932	263	823	648	253	551	293	537	715	749	854	184	655	524	850	788	846	249	236	416	128	536
299	457	588	60	363	339	268	269	592	343	94	883	458	932	892	823	380	806	244	727	606	325	128	92	698	303	13	286	308	498	407	846	894	389	795	90	344	184	409	601	276	805	911	655	200	536	889	144	524	622	326	221	535	189	292	267	881	18	102	716	429	660	59	916	664	543	320	472	435	738	854	666	756	7	875	864	560	694	455	545	82	194	291	933	361	496	758	913	76	305	661	436	44	313	293	848	62	508	870	774	650	397
300
301	887	99	880	503	484	389	493	291	709	210	425	694	757	847	87	521	95	748	22	104	788	478	487	303	200	178	387	533	538	854	311	117	712	751	405	43	313	151	59	618	298	882	919	82	10	42	297	663	554	758	922	57	807	250	339	486	70	870	230	246	184	269	314	332	660	37	295	125	592	543	555
302
303	267	294	221	851	216	268	276	715	429	864	751	1	592	144	291	758	621	854	342	896	622	246	177	506	903	457	537	323	846	666	394	445	405	757	425	453	936	601	378	682	217	880	95	933	94	545	823	663	194	773	201	293	339	417	435	870	299	532	328	790	892	213	116	487	664	486	776	934	320	889	560	292	184	542	707	770	222	389	788	497	600	58	543	605	301	566	308	21	346	766	484	379	90	894	42	345	334	22	250	593	92	336	705	890	44	463	493	452	504	347	619	24	416	391	26	868	64	102	709	13	919	746	430	479	449	343	5	804	747	145	943	653	398	117	70	16	624	882	615	251	8	83	450	749	442	640	422	528	521	11	447	325	554	407	916	708	606	660	269	665	104
304
305	311	344	479	870	269	805	883	85	854	932	271	643	508	6	210	201	666	437	903	234	429	566	543	899	933	639	655	18	339	151	456	425	409	328	294	500	380	286	497	267	665	299	833	379	711	499	236	308	605	916	381	244
306
307	537	308	276	622	244	751	200	682	932	70	215	293	456	868	625	234	514	346	488	151	815	1	847	848	922	334	606
308	267	23	916	592	883	210	58	276	307	291	221	710	292	924	875	805	553	854	457	660	496	6	299	70	514	189	806	682	453	738	615	560	286	601	790	919	497	49	643	334	115	177	303	632	201	899	379	773	361	455	22	397	721	269	246	391	795	890	342	625	591	686	271	332	669	339	624	892	429	239	465	232	77	807	908	894	727	613	381	435	498	59	758	776	867	343	411	542	94	763	305	645	360	62	600	484	629	200
309
310
311	43	305	201	495	870	554	330	892	654	487	42	899	479	457	545	913	933	878	207	437	532	484	533	301	416	663	804	343	178	275	455	290	82	721	334	184	851	543	64	87	916	551	70	398	622	815	224	738	690	885	344	197	655	506	474	566	65	500	889	593	854	881	896
312	890	639	833	892	666	536	835	615	298	788	239	385	125	711	454	387	537	932	392	380	343	313
313	747	200	892	643	60	94	184	889	429	650	447	346	655	660	664	298	409	854	6	268	807	537	625	553	738	269	82	727	606	615	693	389	790	551	538	276	406	627	275	488	13	293	533	85	398	556	474	846	301	833	862	840	370	194	710	897	294	210	815	715	197	198	922	645	543	622	882	7	554	795	83	325	868	535	452	299	479	545	506	114	59	749	234	338	435	527	251	312
314	796	393	130	593	417	87	504	764	295	506	705	301	222	825
315	561	13	92	339	805	1	363
316
317
318	90	758	401	43	379	128	393	416	95	533	497	87	94	727	450	429	437	457	749	290	198	151	648	835	933
319
320	846	484	472	416	303	246	346	339	291	521	345	299	178	830	648	92	786	425	453	886	806	715	450	586	373	221
321	326	698	401	188
322	474
323	303	416	178	327	682	94	293	249	487	425	339	250	933	387	271
324	130
325	85	234	6	840	666	339	537	299	94	269	334	932	456	343	474	625	406	60	268	710	416	870	806	293	561	426	698	429	381	867	286	389	363	210	916	405	498	313	758	59	704	303	805	788	854	773	645	524	617	379
326	398	648	497	194	401	178	650	222	830	321	815	95	553	488	807	638	198	215	299	738	297	618	727	200	328	363	660	22	109	13	11	380	56	788	864	125	454	295	130	840	632	748	275	551	901	44	60	64
327	263	361	537	659	189	177	592	532	184	601	292	323	716	474	916	758	468	334	293	94	344	6	478	409	870	503	710	660	328	883	270	354	747	7	65	627	85	11	622	253	464	694	913	591	922	214	116	460	493
328	788	339	864	727	60	178	297	933	267	197	487	378	280	653	455	416	896	840	64	92	606	456	303	200	618	913	894	409	882	268	537	429	184	393	276	577	401	13	922	447	394	457	345	474	294	380	503	1	627	326	694	293	391	454	690	188	622	327	389	42	417	738	916	256	749	329	553	305	7	346	109	144	110	786	194	889	263	505	776	8	880	766	62	854	543	160	903	716	715	790	630	756	22	660	207	85	826	931	741	83	274	116
329	13	328	450
330	311	716	416	897	345	230	42	880	334	254	18	405	533	506	592	223	393	401	378	174	7	864	49	711	437	290
331
332	92	472	727	222	200	606	457	450	648	435	479	864	291	276	586	533	881	796	862	268	532	346	43	846	551	804	889	1	145	487	83	826	474	943	896	308	405	805	634	916	57	541	786	768	345	54	447	709	514	653	738	221	592	301	933	655	347	128	56	417	892	910	882
333
334	457	239	92	344	49	660	682	94	916	472	650	23	846	269	210	345	293	90	184	622	325	498	664	758	506	645	250	463	276	234	268	213	592	532	854	425	447	757	913	82	497	177	486	249	343	409	354	456	308	389	330	327	773	710	392	430	361	561	303	16	385	391	894	560	840	669	104	189	311	270	610	342	514	381	295	450	903	455	437	158	716	292	761	426	875	768	474	537	643	307	711	864	214	15	6	751	468	806	397	770	363	924	296	938
335
336	222	95	268	886	394	303	435	880	660	889	43	933	128
337	650	417
338	537	6	313
339	916	738	328	870	666	933	299	194	378	592	268	806	457	854	474	94	267	343	660	913	293	6	184	932	325	537	1	271	561	82	85	601	885	892	216	450	429	694	385	566	342	508	62	303	442	498	606	144	757	269	653	92	177	543	788	867	394	115	749	627	868	292	407	7	391	246	704	875	249	643	805	710	361	664	389	864	189	478	896	536	786	727	447	795	320	380	417	158	174	455	305	308	151	24	296	250	833	650	715	416	452	44	315	90	530	381	758	198	323	943	846	128	889	301	615	821	387	882	903	711	886	360	458	506	686	13	878	286	484	600	647	291	121
340
341
342	345	854	378	151	303	936	457	268	85	276	592	389	58	339	49	833	870	297	514	932	864	291	711	385	875	506	308	269	416	128	334	458	437	748	682	343	795	90	184	95	537	880	293	561	409	429	660
343	606	758	805	94	145	293	269	653	299	92	198	276	291	339	833	249	234	592	58	804	457	747	18	693	13	892	882	916	650	407	711	506	738	536	666	62	325	417	622	710	49	868	815	263	749	334	87	458	158	447	627	560	757	363	716	890	561	222	389	90	660	85	406	286	221	311	774	625	267	543	361	642	399	854	835	537	532	409	463	846	378	870	251	773	605	877	896	566	194	342	303	903	16	397	239	59	290	381	184	271	385	823	308	913	851	115	312	1	500	125
344	201	293	543	305	90	479	437	1	711	334	663	503	457	425	537	514	345	474	883	569	932	184	387	757	870	269	94	299	213	592	916	158	854	249	622	406	327	354	899	294	214	716	655	862	504	758	363	643	880	495	267	892	913	864	627	458	222	177	682	2	271	774	311	194	889	178	561	669	694	263	667	383	125	430	751	601	379	296	756	198	919	234	624	210	839
345	342	592	18	846	293	823	64	1	249	276	455	378	429	297	95	851	435	334	916	880	330	174	936	870	344	49	457	593	896	437	624	363	622	805	919	537	561	864	13	478	747	405	328	629	425	514	303	92	601	416	94	291	450	711	7	320	188	62	854	899	719	389	716	145	82	650	158	236	59	119	290	221	391	660	332	693	72	806	615	458	207	194	606	392	295	535	445	394	466	447	254	216	56	590	263	860
346	663	653	943	868	7	749	276	709	846	213	533	506	1	457	313	622	806	56	554	254	407	882	484	102	151	746	394	435	606	119	406	642	504	332	13	886	864	268	880	922	538	474	72	271	347	618	862	429	896	881	548	632	727	405	389	833	87	303	128	786	638	661	16	320	83	450	222	684	42	110	521	62	425	738	291	188	8	197	378	600	447	374	487	328	682	916	137	307	92	766	456	200	741	757	210	417	854	267	194	293	577	416	246	851	648	393	216	774	453	94	545	826	60
347	882	457	425	435	551	709	298	296	943	267	493	774	615	880	271	7	933	59	487	429	346	472	622	749	456	786	13	606	601	632	455	251	495	303	663	194	748	92	291	595	554	916	537	484	213	10	99	216	548	715	104	665	62	610	927	870	405	796	864	144	897	763	582	22	497	417	453	332	442	892	881	197	447	91
348	533
349
350	890	60
351	13
352	293	882	606	694	805	59	916	622	201	263
353
354	503	458	524	733	296	894	334	344	389	747	44	707	85	911	327	121	18	385	456	189	158	854	650	60	14	766	454	643
355
356
357	130	268	551
358
359
360	6	537	90	234	94	437	854	788	144	429	889	627	18	339	392	308	561	59
361	293	327	655	90	59	268	6	128	94	92	537	823	85	339	334	308	398	524	269	916	184	234	343	194	716	437	292	650	299	711	271	659	95	889	385	933	645
362
363	1	6	299	425	889	437	246	643	297	119	622	738	102	532	504	758	711	13	757	660	407	503	95	44	345	49	815	867	387	435	250	343	881	593	592	894	268	805	773	495	790	536	922	453	326	605	846	256	344	561	545	429	862	174	892	197	457	886	325	109	496	716	601	682	795	751	870	254	600	269	533	566	630	487	334	315	184	733
364
365
366
367	92	276	201
368
369
370	271	537	409	313	60	503	454
371	234
372
373	650	660	749	200	751	407	535	291	495	711	23	661	886	387	409	222	622	899	804	705	846	130	94	128	601	536	709	627	125	95	698	892	847	922	533	450	907	532	320	453	145	429	286	654
374	222	87	487	548	618	145	892	398	823	455	291	484	786	346	608	256	846	188	110	236	850	778	82	551	851	43	194	95	72	630	619	790	527
375
376
377
378	919	916	216	514	339	297	342	56	394	899	144	592	276	455	345	328	293	497	660	896	864	267	7	128	457	429	650	303	453	13	254	943	385	870	268	768	174	933	1	62	26	291	194	92	18	178	659	249	64	694	705	823	885	738	256	880	643	58	95	506	94	454	380	844	466	405	10	533	653	493	83	343	716	2	38	346	119	90	11	634	416	624	826	640	561	450	882	330	910	860	889	552	102	436	871	921	190	296	221	474	145	835	459
379	271	758	194	293	474	880	7	276	503	823	932	749	407	13	933	10	90	437	890	198	592	870	882	389	514	566	201	896	532	864	892	847	92	537	59	429	833	774	889	267	49	318	85	693	867	303	308	543	690	405	269	234	56	666	664	406	682	125	279	868	297	916	751	621	716	561	409	453	291	268	924	551	766	541	399	187	43	249	207	727	391	643	22	70	305	344	189	627	82	632	95	504	533	325
380	666	299	498	269	716	407	738	387	533	457	913	293	92	328	339	758	643	378	429	151	868	60	280	263	62	201	805	653	932	1	846	854	305	326	561	292	198	312	707	230
381	189	85	883	92	6	833	151	325	339	334	82	308	650	343	13	916	660	537	184	305
382
383	269	344
384
385	645	62	561	892	269	686	339	378	504	567	566	833	934	553	49	890	711	498	115	666	342	295	932	426	334	903	6	710	592	239	249	312	389	268	854	214	279	543	868	354	658	456	643	343	361	870	773	293	458	500
386
387	566	293	833	854	458	897	90	932	892	527	269	601	561	508	542	663	757	198	297	380	344	622	373	291	62	194	766	363	267	271	868	10	758	275	538	618	301	276	125	115	843	747	738	894	425	94	592	776	773	710	826	7	249	44	457	496	830	899	862	312	339	774	840	480	679	786	394	217	259	18	815	447	323	41	145	213	882
388
389	882	880	184	747	94	210	269	537	407	457	487	62	406	429	479	301	749	504	201	542	577	379	234	535	7	49	295	342	788	711	6	200	916	85	194	292	268	426	276	664	823	299	622	751	92	932	484	833	452	303	896	795	715	313	890	334	346	508	343	339	840	293	870	618	213	354	854	23	158	881	566	385	328	345	922	416	524	663	325	13	933	786	271	892	463	216	70	291	707	660	160	643	10	60	115	144	682	773	527	474	694	442	151	455	450	503
390
391	13	271	537	95	429	758	339	450	308	334	328	303	606	405	85	345	194	694	379	867	90	60	213
392	293	276	334	429	503	296	345	13	297	312	622	360	514
393	459	56	125	654	712	110	198	751	83	536	790	398	741	314	815	328	887	290	318	899	256	13	825	757	867	504	561	642	727	26	101	714	880	193	174	621	141	267	533	87	939	921	330	848	521	600	721	624	632	346	484	577	216	506	605	43
394	606	94	933	738	378	497	293	653	158	864	200	222	303	495	276	145	346	102	796	621	405	256	339	59	506	826	429	7	618	896	194	880	336	715	328	56	417	92	650	95	846	622	488	807	892	709	548	487	216	435	749	882	455	450	210	561	387	43	345	109	790	881	886	682
395	881	561	13
396
397	13	293	94	870	592	896	854	429	308	151	59	1	406	405	932	886	606	343	416	533	201	90	92	710	425	867	334	498	299	76	747
398	326	95	543	933	896	393	43	727	7	290	892	16	374	361	536	313	200	715	551	664	56	417	916	690	429	42	276	850	311	271	709	642	184	128	738	815	716	303	882	661	44	497	452	889	795	648	468	405	125	144	91	207
399	727	119	207	592	593	70	533	174	343	280	933	766	271	379	110	99	198	188	130
400
401	326	601	840	514	318	551	328	457	532	406	429	731	788	330	296	95	321	916	405	537	543
402	201	537	429	655	293	178
403	59	457
404
405	72	144	303	601	592	896	198	804	654	629	851	632	618	488	7	882	290	291	749	776	254	741	394	661	197	145	479	864	870	903	221	715	346	454	867	345	330	442	476	10	468	880	622	503	379	56	823	542	125	378	301	698	640	332	110	521	16	897	757	271	276	22	447	5	152	397	130	429	437	83	178	267	70	82	391	653	764	660	200	416	854	806	919	283	536	270	325	844	95	347	746	222	532	65	721	474	933	401	94	398	62	538	453	138
406	532	882	286	389	291	268	184	806	868	709	346	643	663	880	545	774	648	747	655	85	458	592	325	851	344	92	313	833	14	854	7	401	343	862	916	130	379	664	293	666	397	867	843	102	650	452	246	77	457	62	625	455	267	201	741	21	870	425	615	417	76
407	457	892	749	297	416	94	92	95	758	846	933	805	435	882	659	62	194	276	389	373	269	379	664	694	545	125	751	896	23	346	648	343	922	380	504	804	474	363	7	279	642	158	660	299	70	727	870	22	295	437	450	293	682	650	6	536	622	452	339	271	854	868	409	655	200	833	43	222	198	479	592	830	102	795	268	453	417	886	773	5	90	601	429	756	290	10	738	535	653	41	506	774	456	508	267	932	128	661	890	823	303	606	498	11	82	145	201	867	442
408
409	655	6	650	758	524	870	313	537	840	606	328	373	299	804	474	334	269	85	407	848	177	666	92	60	896	327	370	776	903	343	379	305	878	894	639	198	908	234	854	693	618	128	416	932	553	429	342	830
410
411	286	437	308
412	435	92
413
414
415
416	178	533	892	83	532	545	407	577	484	782	621	487	933	57	144	786	158	903	504	224	95	833	665	453	262	254	200	330	26	82	207	472	660	457	222	328	194	267	690	622	323	593	87	1	541	320	291	751	881	719	854	216	624	536	796	44	295	318	940	268	815	325	921	10	807	445	463	15	452	2	116	474	94	587	345	311	197	13	674	230	221	342	535	880	727	538	91	303	389	686	339	378	64	899	249	405	878	664	745	397	514	840	188	287	270	56	271	346	776	174	934	694	561	543	409	848	530	943	38	566	298	756	288	455	28	860	62	101	859	69	870	125	493
417	453	125	99	653	521	825	256	896	158	276	690	95	117	592	551	16	303	682	663	774	87	268	758	933	43	293	343	903	314	474	442	214	727	294	119	870	532	493	200	913	1	291	468	177	94	394	246	339	292	70	786	407	44	398	757	897	267	328	622	457	244	899	478	533	222	851	506	346	92	751	189	659	128	24	496	882	854	826	337	347	715	698	406	332	886	796	297	286	215
418
419
420
421	896	751	774	545	862
422	537	486	268	854	889	303	757	59
423
424
425	347	363	749	880	916	545	344	303	643	870	479	663	606	868	757	301	682	334	882	442	456	592	588	1	806	7	487	345	145	495	889	197	117	886	22	346	622	387	694	305	276	748	320	488	8	323	177	506	521	41	59	671	751	267	406	660	293	601	497	397	72	37
426	389	385	325	10	334
427
428
429	455	484	660	922	682	716	145	303	933	158	216	5	56	345	16	715	896	313	758	128	868	537	453	389	880	663	899	378	538	521	339	707	144	22	457	709	916	497	650	94	1	198	694	200	600	447	379	391	738	532	269	806	622	328	207	445	92	292	347	542	807	346	394	566	442	601	506	643	95	943	60	741	305	830	297	632	82	645	397	75	851	274	661	487	776	465	58	892	401	380	450	392	299	249	325	193	268	844	363	308	407	283	293	554	864	360	174	197	710	405	398	83	592	774	639	222	655	318	697	271	64	42	62	606	488	13	466	91	267	194	786	402	117	747	910	719	840	533	727	556	409	6	479	160	49	630	561	151	659	373	99	342
430	334	90	250	293	249	303	344
431
432
433	13
434
435	846	347	943	407	458	622	660	64	145	119	654	758	921	332	345	453	94	892	276	442	346	303	59	294	796	851	43	715	22	472	593	95	880	671	826	268	363	479	738	178	698	933	16	28	222	82	537	254	445	56	1	336	916	694	299	514	484	806	527	746	886	756	542	291	18	249	279	394	457	709	125	805	867	70	659	455	308	412	815	864	44	776	280	91	37	922	624	313	896	833	23	117
436	59	892	727	201	846	880	276	222	130	178	94	896	514	299	378	472
437	503	6	344	363	456	90	234	379	207	823	716	244	758	345	455	407	747	305	478	854	870	311	360	16	535	297	13	840	405	18	868	524	342	940	334	361	318	201	184	189	65	660	659	411	121	330	457	864	766	566
438
439
440
441
442	682	933	92	916	913	506	102	868	293	886	194	435	786	339	606	774	457	889	425	417	429	297	244	757	267	823	405	851	537	790	1	663	268	495	158	671	870	826	222	198	806	276	62	843	303	627	145	864	561	586	347	389	263	896	805	694	407
443
444
445	606	303	896	851	276	201	429	416	435	634	833	484	532	487	90	345	268	899	919
446
447	455	650	297	222	892	92	293	916	313	59	682	864	290	200	56	194	276	537	429	624	749	334	790	805	343	104	497	328	606	663	738	70	94	880	457	886	854	339	709	125	474	244	216	267	279	271	64	896	213	405	346	889	661	919	846	868	699	62	693	332	643	26	560	913	862	291	506	115	627	622	621	303	387	660	168	345	545	347
448
449	303	474
450	654	90	663	577	922	332	508	823	339	913	275	645	886	102	214	190	532	70	251	487	1	207	924	95	615	178	627	721	84	200	210	533	715	889	764	216	610	407	484	554	87	463	221	865	213	457	13	474	43	542	472	875	660	601	882	894	536	506	885	297	391	727	346	468	232	551	345	429	864	682	83	538	773	836	318	296	738	334	329	716	263	935	158	378	919	394	514	303	128	276	838	320	373	878	634	48	62	897	389
451	181
452	474	6	144	881	293	889	682	862	194	10	593	892	870	1	537	249	389	854	407	882	23	830	542	222	416	263	716	303	622	339	94	406	627	617	291	92	313	533	788	527	398	295	601
453	268	497	92	417	276	790	682	504	222	429	709	303	291	416	889	378	435	727	622	56	216	864	293	650	1	881	174	194	308	751	943	592	886	125	830	271	201	846	407	363	472	664	379	757	786	198	43	130	178	320	880	916	933	533	741	62	796	297	774	758	254	64	94	346	5	347	373	868	532	405	117
454	892	298	290	671	7	144	796	896	72	908	653	919	405	843	756	254	263	532	378	870	748	766	493	328	90	804	466	538	831	577	484	312	709	326	56	125	463	70	497	370	487	48	354	457
455	429	447	85	293	345	378	457	650	886	43	474	694	1	913	328	194	198	244	297	484	916	249	10	606	13	437	796	94	600	806	458	894	543	90	919	892	625	56	158	308	896	537	374	60	62	621	296	339	843	347	295	632	311	497	8	660	933	738	64	299	586	334	807	151	6	654	716	882	95	435	276	394	503	215	59	932	548	406	899	552	593	880	416	838	774	389	268
456	643	85	437	774	151	498	6	94	747	889	666	328	325	537	896	267	293	198	773	92	758	425	298	334	234	916	823	347	862	660	542	665	305	840	307	664	870	738	407	346	698	751	627	655	280	561	385	710	354	493	786	709	868	504	932	890	553
457	92	407	299	892	334	276	592	184	222	347	506	94	851	758	7	880	854	881	833	660	271	532	102	293	339	62	455	344	389	650	303	200	332	474	622	342	194	870	213	862	757	268	346	479	343	943	95	378	543	83	416	521	805	659	899	661	297	291	59	87	458	429	308	625	1	82	882	653	498	472	345	70	727	846	533	886	267	442	864	897	269	151	311	655	922	823	606	13	804	484	504	774	380	933	450	64	295	60	249	716	764	43	286	618	328	177	22	916	246	401	251	763	447	843	487	896	216	561	188	551	778	913	648	682	174	221	721	708	16	903	417	693	363	144	262	821	840	207	776	296	387	919	665	503	403	435	406	601	588	244	318	56	738	694	84	715	766	437	125	632	454
458	90	833	435	592	387	299	537	354	62	194	886	894	13	457	271	249	455	269	406	343	846	158	291	184	665	18	686	214	561	201	239	94	899	342	693	344	823	880	345	913	339	487	885	385
459	393	727	825	756	378
460	733	327
461
462
463	334	13	62	697	450	537	59	416	889	2	303	938	343	577	222	389	479	92	104	881	454	145	768	514	43	883
464	13	327
465	429	234	308	472	892	625	738	878
466	551	7	291	378	454	896	429	293	881	345	271	709
467	624
468	293	561	249	94	7	864	889	85	606	62	870	90	327	417	643	222	821	405	551	450	6	854	493	588	194	896	916	629	474	16	207	276	297	214	709	82	59	43	790	271	795	234	398	72	268	903	334
469
470
471
472	332	648	117	864	334	291	416	174	320	145	457	130	178	216	823	92	843	435	44	347	640	727	622	450	551	889	5	825	521	222	91	535	83	453	514	774	299	1	233	64	826	746	465	101	58	28	593	601	532	59	870	116	554	102	436	911	254	221	788
473
474	592	198	379	1	452	661	91	339	913	870	457	10	455	297	892	292	653	622	833	144	896	663	497	254	932	344	90	407	738	916	296	276	325	666	11	943	65	327	267	346	409	417	193	846	867	72	591	506	704	903	450	899	249	328	293	332	56	7	416	823	543	886	200	447	538	805	313	664	6	561	524	878	655	92	880	710	8	59	250	627	840	854	643	468	868	449	197	13	632	541	232	271	311	42	189	830	87	207	334	322	405	481	600	378	389	268	881	537	85	49
475
476	749	92	405	87	561	59	682
477
478	655	293	592	896	184	128	249	345	301	437	339	327	269	234	151	256	201	92	919	711	716	417	532	13	903	59	846	82	715	49	72	216	158
479	178	344	916	271	305	125	487	653	883	457	389	854	899	896	62	332	495	622	425	527	197	6	932	748	311	493	267	293	405	506	795	435	13	94	222	766	407	886	661	82	524	600	104	709	303	201	882	757	213	751	8	463	796	184	92	22	21	749	313	198	117	727	694	586	102	429	738	892
480	7	293	387	606
481	151	694	537	271	561	474	889
482
483
484	429	416	882	249	95	320	13	807	301	487	158	757	896	290	151	786	749	709	455	346	541	715	42	747	682	846	457	450	389	210	889	881	178	738	303	311	295	374	864	933	144	660	435	291	654	694	1	216	592	653	200	922	554	721	347	445	454	880	943	716	532	847	393	213	663	538	339	913	37	619	308	543	806
485
486	303	334	422	537	624	770	634	592	274	854	301	595	758	2	839
487	933	145	178	796	618	416	328	506	83	886	389	727	479	158	882	484	87	194	622	374	663	311	70	450	630	650	892	303	347	897	566	230	709	943	606	807	889	694	301	593	425	786	332	682	648	429	213	457	151	671	538	532	619	901	833	85	870	346	880	323	394	92	881	788	13	815	690	445	43	267	223	684	99	200	57	125	896	854	629	586	458	716	279	715	363	454	253	643
488	178	91	1	751	405	796	727	125	326	197	5	493	618	313	807	698	896	738	394	521	425	429	307	933	749	13	758	577	222	867	682	716	541	194	882
489	919
490
491
492	234
493	144	7	554	13	178	301	347	94	1	479	666	417	716	488	896	62	727	454	468	303	378	807	207	615	87	919	694	456	751	91	533	263	577	606	286	648	327	416
494	293
495	311	201	394	479	373	545	943	804	864	363	774	286	246	425	870	347	344	442	933	554	1	145	756	109	899	222	543	790	497	178	221	268	271	18
496	94	892	308	632	497	889	504	92	363	790	387	299	886	545	417	514	682	200	268
497	453	267	709	145	394	889	56	653	194	378	326	216	222	933	184	922	276	429	474	295	826	927	58	627	290	43	334	671	892	198	201	303	447	308	880	496	705	178	620	738	682	793	586	847	533	318	94	455	174	796	246	275	886	305	22	606	210	5	514	712	870	807	347	943	398	495	454	425	521	727	881
498	758	380	653	456	293	334	457	339	160	299	198	194	846	385	94	883	268	840	561	766	1	606	892	704	308	325	62	250	59	738	407	643	115	397	214
499	840	95	537	815	716	666	305	59
500	758	665	1	291	92	262	269	239	805	305	232	881	592	94	868	650	311	49	343	385
501	758	663	655	894	537
502
503	437	932	716	344	379	354	301	864	749	363	848	880	840	747	661	889	655	94	328	327	405	823	296	592	622	14	805	230	601	514	537	897	392	234	457	774	455	711	694	643	370	10	189	610	704	389
504	263	291	207	593	453	416	533	833	881	389	766	933	145	363	709	385	757	407	788	1	346	10	94	201	854	457	870	250	621	297	727	62	393	889	246	6	711	903	943	28	236	314	344	643	566	535	496	749	303	16	938	194	883	693	271	198	216	184	840	864	606	551	559	892	608	456	222	262	180	538	790	125	276	379
505	650	328	815	92	230	59
506	892	899	457	738	102	880	487	276	22	551	303	346	758	442	87	293	749	198	606	94	788	197	334	343	682	790	290	56	200	60	394	479	90	882	145	643	474	429	297	7	256	450	721	378	342	291	330	786	648	83	64	95	826	851	59	268	621	407	254	194	622	222	654	425	545	269	774	215	417	798	932	311	447	314	804	275	313	747	339	393	653	830	97	659	660
507
508	886	823	450	293	387	339	305	606	269	389	194	263	85	200	537	805	94	655	916	210	833	840	407	7	234	299
509
510
511
512
513
514	378	592	533	545	537	198	249	95	344	379	401	200	268	308	561	92	643	58	342	932	727	682	11	276	660	751	345	738	246	222	296	472	290	868	435	194	293	615	790	503	536	521	334	307	588	130	416	936	436	497	450	625	621	332	654	496	119	463	886	749	227	64	889	392
515
516
517
518	637
519
520
521	653	92	417	682	749	145	429	222	457	648	151	13	301	868	43	59	864	1	774	472	862	291	117	320	346	293	405	488	889	606	514	632	198	425	393	738	276	85	303	262	618	663	37	497	847
522
523
524	6	409	537	354	738	840	85	795	299	361	249	823	479	474	916	389	197	437	595	666	297	48	298	116	11	102	622	72	325	766
525
526	592	294	624
527	7	387	479	94	537	932	271	59	435	892	716	882	452	766	389	313	606	194	374
528	178	749	303
529
530	339	234	416
531
532	178	416	533	406	457	130	727	896	256	592	903	87	95	92	363	880	450	716	327	332	303	379	200	334	786	721	429	276	222	682	659	417	184	311	13	846	454	144	401	213	804	487	882	790	343	901	577	268	864	478	7	591	296	586	445	881	847	472	484	690	405	262	373	747	145	181	453	833	751
533	83	786	921	416	207	43	532	144	881	919	690	95	294	346	504	125	87	654	514	536	823	804	593	653	878	715	634	82	26	1	332	716	796	566	885	16	719	200	298	457	933	674	682	254	380	450	627	577	538	72	10	256	847	711	798	927	632	224	833	554	262	630	399	174	222	301	313	330	311	94	318	201	497	663	738	378	911	880	551	188	57	661	896	152	907	393	178	417	686	867	236	660	727	453	870	397	890	271	901	749	943	373	197	429	452	216	493	850	13	363	790	938	379	348	18
534	130	92
535	373	870	389	94	207	848	593	295	788	650	6	44	299	234	472	504	416	437	407	716	749	313	694	345	82	90
536	738	892	271	533	864	343	58	393	896	727	932	881	312	407	632	299	416	716	13	450	815	653	339	363	95	398	715	201	648	661	843	373	514	751	279	541	405	551	705	545	125	758	741	144	298	42
537	94	293	307	890	158	389	561	660	854	177	916	327	880	615	360	269	303	747	292	458	339	429	710	823	325	92	514	716	524	184	682	85	344	244	634	601	6	391	758	867	679	788	409	267	846	447	313	835	886	116	456	790	379	90	592	711	263	271	786	452	296	666	121	328	883	7	361	422	10	345	527	194	894	463	936	249	214	934	693	683	568	663	627	435	338	442	213	751	455	2	924	234	243	508	486	13	727	582	119	210	89	766	655	618	370	591	343	233	49	892	402	933	297	605	58	503	499	291	216	268	347	943	542	717	738	896	643	848	830	913	298	931	312	645	286	617	501	622	342	829	624	481	911	334	560	733	64	1	625	48	381	401	178	569	73	474	215	749	22
538	892	896	271	429	666	796	346	533	178	870	387	249	313	593	758	7	933	301	474	59	487	450	416	6	749	454	554	629	653	267	293	747	807	484	95	504	405
539	286
540
541	95	42	618	484	807	416	864	250	881	125	901	749	536	790	332	244	379	650	622	751	43	200	592	474	847	932	488	99	267	554
542	880	194	747	933	276	389	387	201	303	210	429	650	450	663	13	452	913	271	889	805	456	293	864	222	405	615	561	916	815	43	11	435	870	537	94	244	715	887	693	308	42
543	293	344	747	892	398	457	833	804	840	339	455	303	184	933	786	305	655	379	1	474	566	292	643	627	299	343	198	774	6	16	653	311	267	551	249	189	385	710	313	214	328	727	43	756	244	932	896	201	870	416	495	92	757	648	661	862	401	158	484	301	151
544
545	416	200	882	804	757	650	425	290	276	102	881	514	222	407	864	303	495	622	843	738	275	406	896	70	790	758	130	311	885	268	56	87	618	705	13	922	751	246	43	363	933	774	671	606	698	215	299	254	621	847	506	201	95	848	295	660	1	756	536	496	901	313	83	421	648	796	447	892	346
546
547
548	222	648	116	145	374	880	346	727	907	168	796	394	91	141	347	455	715	756	294	57
549	45
550
551	653	347	506	87	222	417	16	881	466	851	271	897	332	663	58	401	264	764	313	654	472	896	468	450	457	398	533	882	224	592	727	833	878	543	645	91	200	311	298	145	379	774	256	536	357	899	504	276	648	84	83	872	374	326	95	715	7	293	216	49
552	378	455	59	916
553	308	313	326	385	201	328	889	234	934	276	194	409	890	114	456
554	311	896	493	346	648	271	727	882	715	450	661	654	533	7	629	632	298	42	429	538	807	201	916	347	301	293	484	615	495	59	313	864	650	144	95	796	303	472	251	622	541	854	887
555	301
556	313	896	429	7	90
557
558
559	504	896
560	308	303	854	343	592	94	624	334	299	92	234	650	447	916	537	222
561	293	537	49	468	806	339	239	385	387	269	85	773	315	660	297	6	62	566	666	214	198	795	833	627	514	92	643	276	615	622	889	13	345	194	343	90	916	334	393	94	23	498	751	601	325	177	899	621	221	457	363	458	474	542	875	379	232	686	244	267	380	268	378	650	476	890	344	456	394	416	158	16	481	395	870	442	342	429	360	694	82
562	643
563
564	116
565
566	194	387	85	151	804	339	184	13	269	533	379	561	385	870	271	592	487	655	429	892	854	758	303	305	1	144	543	504	94	92	389	707	95	682	747	343	216	18	943	840	311	416	363	833	823	437
567	385	833	655	31
568	537	6
569	344	637	249	293	92	2	537
570
571
572
573
574
575
576
577	416	450	13	389	881	533	328	83	899	532	764	807	463	267	216	454	488	632	848	263	222	346	253	393	642	493	144
578
579	7	648	178	95	94	911	751	588	907
580
581
582	537	250	293	296	347	246
583
584
585
586	332	622	880	497	455	606	653	532	618	320	442	479	487	886	758	13
587	919	416	592
588	299	194	188	425	798	682	44	213	660	468	514	197	457	850	579	634	674
589
590	894	345
591	474	234	308	537	532	293	892	327	95
592	345	249	92	474	854	457	864	174	870	916	268	886	846	339	936	303	16	177	514	299	222	458	59	378	308	62	697	94	532	343	840	293	889	160	892	405	7	478	682	221	379	601	269	342	417	896	327	117	49	880	56	868	6	276	128	334	537	184	194	566	829	851	271	397	758	707	453	823	399	425	234	757	406	344	291	650	216	686	526	85	363	239	655	560	629	776	201	903	407	63	503	805	295	385	69	158	1	770	72	213	70	21	551	387	330	262	716	624	484	104	429	486	190	22	287	292	595	500	541	730	267	790	13	18	250	332	878	255	145	587	301
593	504	796	606	198	533	152	87	416	786	345	650	889	452	144	535	314	435	43	618	487	363	399	538	263	303	660	864	721	56	715	253	921	59	727	293	472	788	130	95	455	7	311	738	294
594
595	790	276	249	294	347	26	524	592	92	486	733
596
597
598
599
600	13	197	881	896	429	455	622	892	303	653	694	7	932	886	479	346	276	627	1	804	757	393	178	363	474	8	339	308	643
601	7	293	854	846	889	13	62	401	405	303	650	387	339	592	537	249	234	892	94	6	758	327	90	738	308	299	44	263	429	916	213	450	774	345	145	561	271	347	5	830	805	64	407	121	60	373	292	629	503	655	716	835	92	363	870	457	215	868	18	682	472	253	70	344	749	425	10	200	296	452	924
602
603
604
605	303	363	655	747	537	343	933	201	59	271	881	207	305	393
606	343	394	250	198	840	445	870	653	933	709	43	332	749	896	665	864	738	868	293	593	663	299	751	194	294	506	268	618	727	774	59	468	328	346	455	425	215	102	339	271	786	222	177	790	442	764	1	815	508	18	409	622	620	5	457	210	26	313	806	487	694	352	232	778	660	862	447	807	117	200	85	276	92	41	347	60	682	76	498	821	629	7	545	145	521	655	391	62	882	429	586	223	913	757	497	627	397	624	290	345	833	846	109	504	756	892	292	244	97	671	148	851	13	407	64	130	493	303	275	924	176	527	307	880	480
607
608	234	207	151	934	128	293	42	374	504
609
610	7	450	881	276	334	94	896	347	62	250	503	296	615	230
611
612
613	308
614
615	85	537	347	846	450	308	561	293	313	312	889	655	542	514	493	554	339	345	303	210	13	629	271	710	406	72	610
616
617	833	13	269	452	537	325
618	758	487	786	749	125	194	882	271	880	290	933	198	541	606	405	751	886	862	263	328	870	276	864	145	823	346	374	394	593	83	102	70	457	796	387	488	653	545	389	896	326	790	632	293	537	301	807	95	664	87	694	94	921	43	709	178	881	619	838	622	267	586	897	409	42	521	655	109	642	916	197
619	487	303	13	276	618	374	484
620	606	648	497	927	201	43
621	416	303	268	394	798	650	504	13	881	56	130	455	561	682	200	697	379	393	738	506	545	1	514	447	291
622	291	92	125	660	922	276	886	682	194	758	435	178	303	727	62	457	293	363	653	346	773	267	222	95	889	474	453	177	487	545	334	416	738	870	479	864	795	197	815	307	805	343	387	345	389	606	751	429	561	882	916	600	44	749	655	407	373	892	586	943	868	59	213	347	472	145	344	932	299	87	880	862	806	405	158	503	715	425	394	246	328	452	18	263	64	70	417	295	292	807	49	250	933	506	200	311	541	77	56	102	215	313	890	327	7	632	854	618	537	352	207	524	290	746	846	447	392	698	297	757	5	119	554	1	796
623
624	682	26	54	63	655	294	276	13	345	447	57	768	416	130	872	145	916	894	560	222	178	69	308	104	831	486	92	634	592	200	291	378	467	2	606	303	526	663	537	393	788	660	221	45	643	435	344
625	751	457	313	650	234	738	862	325	455	308	343	892	307	94	406	514	465	537
626
627	293	222	94	774	194	653	450	497	889	561	881	533	234	339	343	276	715	313	537	328	198	868	543	862	682	6	716	643	373	344	600	327	474	606	452	456	823	896	189	263	125	360	851	660	447	694	645	442	44	271	738	10	379
628
629	13	846	293	405	7	896	796	72	345	592	554	682	606	601	538	468	158	864	271	615	263	487	253	308	683
630	130	487	533	222	328	83	374	429	786	919	363	654
631
632	405	125	496	648	536	276	346	533	899	715	263	200	308	429	896	618	653	847	886	347	455	554	864	94	268	682	521	577	474	622	7	198	213	393	178	326	880	661	379	457	833
633	276
634	533	537	181	655	201	26	768	445	624	332	881	378	486	674	145	294	872	160	59	450	588
635
636
637	15	907	256	569	518	144	277
638	92	326	346	650	290	881	22	790	709	655	276	23
639	6	151	312	305	666	796	286	846	409	429	271	882	189	711	749
640	276	472	405	378	303	896
641
642	291	882	125	290	712	346	407	92	848	727	5	825	798	83	921	393	795	128	198	343	868	807	826	398	95	749	786	57	757	804	577	193	618
643	293	313	456	94	932	363	889	158	916	883	896	425	1	682	747	305	406	269	561	663	221	59	276	868	833	514	506	429	308	716	648	85	216	339	468	286	378	693	380	543	504	267	344	298	151	823	627	758	13	933	474	537	892	661	389	194	447	292	379	92	385	503	334	624	498	650	880	562	757	487	600	354
644
645	184	269	385	94	450	655	334	13	429	833	650	201	551	795	313	537	682	716	627	854	710	308	325	361
646
647	339
648	125	472	847	145	222	882	326	881	332	738	548	200	407	554	901	521	5	406	922	87	57	632	653	643	661	825	620	276	727	487	43	256	705	506	104	579	536	457	721	320	298	924	42	889	70	246	198	654	551	346	545	921	398	715	543	493	318
649
650	373	22	447	70	189	757	409	660	246	293	276	457	92	758	455	545	6	200	128	313	334	44	749	378	601	913	326	5	343	868	87	429	56	843	453	487	593	889	64	899	892	746	275	625	916	407	621	854	830	542	592	535	704	505	896	263	82	23	117	145	198	738	805	638	798	234	653	394	748	286	846	95	710	268	645	339	345	406	291	806	94	216	560	826	11	541	361	561	244	882	664	58	90	125	381	102	337	554	790	795	848	500	215	10	354	290	643	130	62	158	299	776	747	934	97
651
652
653	198	892	346	87	896	606	933	394	417	521	551	343	151	5	145	497	1	479	622	868	328	125	222	498	533	474	102	870	627	457	880	276	271	804	43	267	454	339	711	886	715	44	846	943	256	648	194	660	600	618	911	95	536	727	654	650	738	632	22	378	380	796	916	543	189	778	407	854	757	484	117	13	405	7	773	749	197	586	42	864	538	303	246	168	332	109	851	833	254	721	506	815	200
654	450	393	435	896	533	405	311	864	125	881	899	178	882	551	95	554	43	653	223	659	276	715	885	919	796	484	815	18	506	13	455	102	648	514	145	738	7	297	201	630	373	130
655	409	661	478	663	76	361	840	233	200	269	933	294	892	128	313	738	624	268	645	177	251	805	698	184	210	406	457	566	213	882	622	634	880	299	49	851	85	26	407	592	198	501	543	747	503	201	246	615	774	854	344	305	846	508	833	537	605	474	92	21	601	716	606	429	868	823	821	259	886	567	932	903	207	267	402	456	298	311	878	804	237	293	618	710	638	332	883	931	830	693	766	756	671
656
657
658	7	62	85	385	201
659	407	327	457	178	532	378	213	654	846	913	804	896	805	435	361	437	417	95	864	429	506
660	622	429	751	119	373	889	650	457	94	727	435	880	537	92	286	334	339	749	378	276	13	7	95	416	313	561	44	847	308	922	363	267	407	291	815	210	145	758	43	738	200	807	606	450	854	653	514	766	456	293	343	593	588	892	299	189	934	327	484	56	1	826	125	326	455	11	254	194	943	916	5	405	798	533	336	345	746	234	721	62	389	87	246	545	174	437	710	882	694	244	870	627	295	328	624	381	213	99	447	425	788	932	301	303	271	933	864	342	506
661	655	474	200	457	42	43	298	373	405	269	648	503	128	554	10	899	429	346	862	479	536	87	533	222	271	864	447	916	643	693	234	738	398	299	746	407	236	1	276	543	632	889
662
663	346	655	92	344	450	178	889	880	429	606	896	276	303	387	194	59	487	474	833	201	417	425	406	892	643	551	94	868	501	542	682	447	293	213	846	537	294	216	806	749	298	311	533	757	442	7	882	347	854	256	389	301	881	790	805	184	851	56	825	624	709	484	1	198	521
664	758	234	407	313	201	7	334	303	389	830	738	932	94	848	292	339	933	90	806	158	379	299	474	406	62	398	453	456	618	763	833	916	198	416	870	650	22	194	711	867
665	606	416	790	297	500	880	43	277	250	916	151	64	458	92	456	244	130	18	201	457	840	347	786	305	291	276	214	59	303
666	198	339	268	85	892	6	380	325	303	870	13	538	686	854	18	561	456	343	312	823	474	537	94	493	305	916	868	409	867	385	698	267	639	806	932	269	379	271	299	406	883	59	524	788	116	499	710	296	90	899	796	776	833	62	293
667	344
668
669	94	59	13	293	151	308	334	269	344	747
670
671	682	454	276	1	738	889	497	435	864	109	246	487	545	87	881	826	442	425	256	606	197	655
672
673
674	533	26	416	634	768	588
675
676	804	13
677
678
679	537	387	766
680
681
682	442	919	429	622	125	624	453	145	922	868	807	854	889	334	671	521	862	158	592	447	303	221	250	537	790	643	58	727	276	452	709	417	251	506	786	425	533	308	721	749	484	244	846	833	864	198	200	407	532	514	883	246	188	213	294	663	588	323	307	487	497	1	217	629	606	621	450	379	75	627	168	269	59	457	151	110	267	91	840	566	632	346	90	117	844	342	881	293	344	363	757	645	64	601	13	94	488	95	102	389	496	177	476	916	224	207	394	776	882
683	13	537	234	7	629
684	13	346	896	848	87	487
685
686	385	666	592	269	308	458	416	561	533	62	339	293
687
688
689
690	533	417	92	416	790	43	87	892	379	933	328	398	796	311	487	95	72	56	766	256	532	83	896
691	234
692
693	94	343	833	313	379	537	276	643	90	854	864	716	457	269	504	932	458	846	293	345	409	868	447	661	198	263	249	916	213	542	805	655	200
694	882	407	455	749	727	59	339	60	429	301	210	125	606	933	85	487	378	886	201	870	806	600	328	916	435	151	425	352	751	484	618	299	776	1	889	197	62	215	481	391	344	457	327	535	660	416	493	503	627	766	479	95	92	389	924	442	561
695
696
697	592	463	276	13	621	104	889	429	145	291
698	299	655	846	435	666	488	325	405	796	896	151	286	545	373	456	321	125	622	417
699	807	447	26	936
700
701
702
703	178
704	892	90	293	474	85	339	650	6	498	881	325	503
705	843	378	497	804	119	545	373	648	303	222	882	870	83	536	314
706
707	711	429	592	303	766	49	354	566	184	269	840	389	380
708	109	457	749	276	174	303	770
709	916	497	749	880	194	7	606	346	727	453	347	484	504	429	301	682	864	406	130	933	145	178	222	487	59	826	200	757	447	806	268	290	394	373	303	889	479	398	618	297	94	198	435	454	468	210	13	332	16	663	846	892	291	456	638	943	56	254	135	158	466	293	890
710	537	308	13	854	234	758	343	90	293	325	334	339	892	327	385	650	94	263	747	6	474	429	387	313	276	201	269	543	456	666	660	10	397	59	645	615	655	210	239
711	749	758	344	707	297	880	94	295	823	363	389	373	343	49	184	537	653	766	716	385	533	896	342	773	890	119	504	345	786	254	249	763	194	478	932	719	271	92	870	312	361	288	868	243	339	262	503	244	305	840	334	330	664	639	210
712	393	642	254	301	497	178
713
714	393
715	303	933	194	178	429	889	881	864	896	919	886	201	125	533	788	484	292	94	221	435	450	870	653	554	216	405	389	943	632	394	851	627	882	95	1	276	536	654	291	398	622	339	16	716	795	593	184	313	347	298	880	542	207	328	548	478	320	727	417	648	551	457	487	249
716	286	429	70	184	503	854	864	916	330	537	207	823	85	749	189	437	380	230	533	731	128	532	727	178	271	815	747	711	327	13	932	643	896	919	536	493	343	457	890	870	94	290	267	299	344	210	452	16	379	130	295	201	345	627	378	592	693	601	715	655	535	478	83	361	844	363	527	450	751	821	95	398	455	645	880	484	328	499	334	488	806	6	1	487	804	216	7	882
717	181	222	537	276	26	99
718
719	533	416	194	345	711	144	429	271	249	236
720
721	13	276	294	130	224	532	450	682	851	506	308	311	727	593	222	648	457	484	660	87	393	57	405	882	102	653
722
723
724
725
726
727	922	328	332	660	70	532	622	267	125	5	117	487	709	178	399	896	299	694	790	892	453	749	606	682	716	774	864	932	436	13	457	43	268	488	95	407	200	554	880	882	536	313	804	398	472	751	417	514	846	346	548	642	504	271	648	746	1	393	493	339	116	653	450	326	537	174	748	222	913	87	177	197	416	721	551	796	318	868	62	23	92	933	102	593	275	533	889	308	145	276	94	7	379	543	886	825	254	429	833	459	479	194	715	497	881	738	807	921
728
729
730	592
731	716	201	401	271	230
732
733	460	354	854	293	537	363	595
734
735
736
737
738	339	536	896	43	200	506	293	394	864	59	758	892	606	363	648	7	655	92	889	10	44	854	622	916	807	545	524	343	380	158	795	474	671	1	308	22	313	429	664	198	601	625	279	435	774	826	256	660	276	94	254	882	125	151	484	57	234	447	378	514	650	497	290	326	95	847	653	748	6	250	488	533	346	387	102	299	407	621	328	913	870	455	450	456	943	85	537	311	815	398	56	70	661	249	457	521	332	253	87	654	498	627	593	13	479	263	924	465	727	244
739
740
741	896	758	405	393	271	429	916	346	453	128	747	406	328	536	198
742
743
744
745	6	416
746	346	650	727	200	92	435	472	303	293	660	896	405	661	749	622	94
747	313	882	389	291	543	542	210	537	94	892	343	293	200	887	456	643	484	406	716	503	437	883	10	345	890	268	1	655	263	198	269	82	387	774	354	766	234	897	710	194	605	846	327	296	7	566	758	184	303	749	538	429	864	908	669	236	22	6	741	506	14	13	821	532	650	397
748	479	301	454	727	738	650	347	425	342	62	201	326	889
749	711	407	709	751	346	425	606	373	125	64	85	618	244	379	660	200	897	506	197	521	650	1	694	389	758	210	290	716	484	727	503	7	932	119	896	405	682	447	188	864	882	250	622	343	339	774	151	102	198	70	476	87	933	251	347	263	276	10	766	293	757	862	663	795	790	254	823	922	504	22	880	541	538	271	328	910	846	868	194	528	708	5	653	488	92	168	394	246	535	747	298	642	318	533	303	13	145	479	746	881	313	601	286	514	639	847	28	537
750
751	790	758	660	303	749	373	293	606	407	625	393	488	854	618	796	896	307	416	453	125	622	389	291	766	774	727	215	514	561	537	892	867	545	301	379	268	804	694	92	536	716	541	456	421	363	479	807	216	417	344	493	425	579	23	7	62	334	198	532	846	117	244	104
752
753
754
755
756	880	200	130	178	796	280	454	291	92	804	299	407	826	435	293	43	495	543	545	606	328	268	459	548	344	416	276	655
757	145	268	650	846	545	774	70	457	102	851	303	92	484	276	22	504	387	363	222	425	344	339	301	1	758	334	64	592	130	293	343	442	393	749	709	8	291	267	125	663	405	16	417	453	653	44	62	833	913	826	880	606	479	682	87	864	790	346	37	600	197	806	422	642	916	622	543	56	198	643
758	343	896	892	805	379	49	751	268	407	618	457	854	664	622	303	711	409	87	506	650	773	498	429	500	738	786	293	62	435	271	64	867	246	774	1	749	936	770	870	318	363	537	334	437	741	710	417	601	886	501	757	545	823	456	94	391	592	92	660	292	933	387	216	903	327	566	846	294	538	380	13	102	806	151	213	198	344	267	882	59	815	899	847	58	339	249	643	840	144	776	747	301	207	488	299	308	325	910	453	536	295	210	486	586	244
759	130
760
761	334
762
763	201	234	457	6	664	711	347	308
764	881	234	864	83	606	130	450	551	207	457	896	230	921	882	276	577	870	907	796	405	314
765
766	892	271	94	504	85	194	276	7	95	62	198	59	711	804	751	387	707	269	280	303	660	749	870	896	479	60	916	498	454	747	537	72	399	379	346	263	328	846	690	13	244	694	527	1	267	22	457	655	354	679	524	437
767
768	378	624	938	130	634	294	872	222	332	334	463	674
769
770	758	303	592	486	250	708	334	92
771	184
772
773	13	1	85	94	758	868	622	276	269	561	303	456	271	293	334	711	363	308	805	201	194	407	450	886	387	343	653	177	49	92	62	207	151	234	198	932	389	325	385	239
774	843	886	456	145	268	757	758	13	347	627	606	727	417	64	406	442	379	889	751	749	457	738	790	43	495	521	276	601	213	655	198	343	747	293	862	472	543	545	130	882	786	407	429	840	551	880	344	503	506	267	387	177	804	453	421	346	5	299	455	37	28
775
776	13	804	201	303	405	592	429	409	271	90	387	198	694	758	457	85	328	868	892	416	796	308	435	666	7	94	194	145	682	650
777
778	606	194	457	222	653	1	374	886	268
779
780	271
781
782	416
783
784
785
786	533	815	882	416	618	758	933	896	484	442	593	293	606	682	532	537	830	198	249	56	543	487	347	346	125	83	43	339	271	506	846	417	823	267	711	374	867	796	145	889	774	453	178	320	389	328	332	840	429	291	892	642	665	387	456	630	254	886
787
788	328	85	506	42	389	715	889	537	504	95	207	339	864	303	291	301	535	10	57	312	13	360	94	487	401	44	326	932	666	224	593	624	221	452	298	296	236	62	325	184	660	144	881	275	197	472
789
790	751	453	892	294	244	880	727	595	682	665	933	268	896	297	59	506	606	303	537	886	545	889	393	249	308	447	690	913	864	774	313	807	117	222	60	363	796	201	868	618	749	442	92	916	291	532	922	200	251	514	267	69	541	663	177	26	496	64	757	328	592	650	638	468	43	495	533	882	394	831	504	374
791
792
793	497	293
794
795	92	916	293	868	622	561	738	524	184	268	299	94	479	883	389	843	339	308	642	269	749	407	889	848	715	645	59	6	276	342	13	102	363	313	222	297	650	468	398	145	254
796	487	119	295	158	125	593	298	825	224	454	538	533	332	145	435	488	751	87	314	394	70	455	178	174	629	921	416	756	896	618	807	270	117	790	195	872	639	698	786	653	654	727	548	22	497	215	870	764	690	152	56	254	280	275	479	453	347	892	913	776	159	666	554	233	197	545	933	91	417	622	44
797
798	621	588	533	642	650	5	660	506	44	838	825
799
800
801
802	59
803
804	545	72	83	881	343	405	5	533	846	566	407	830	776	276	653	543	495	892	766	457	409	332	727	903	144	825	851	70	373	705	882	25	896	848	676	870	60	532	311	1	756	880	87	659	454	751	201	922	102	805	186	303	95	207	92	600	62	774	655	506	222	642	934	267	716	189	865
805	343	758	407	94	913	305	308	457	868	49	276	269	655	293	239	117	622	214	268	62	345	299	447	92	58	854	339	363	297	773	121	542	870	650	292	251	500	508	474	592	601	6	380	332	352	503	186	823	896	804	200	188	659	663	435	104	189	315	325	1	18	201	693	442
806	92	293	846	868	339	883	561	177	62	299	346	7	406	916	308	455	429	6	268	913	606	425	867	85	23	694	325	823	622	663	709	664	234	758	666	18	222	889	435	213	650	72	70	405	933	244	345	320	276	442	757	716	334	484
807	682	484	275	541	738	313	326	429	83	846	487	790	660	56	847	416	796	606	178	488	699	864	618	109	394	493	622	554	642	577	308	455	301	882	201	751	538	881	497	43	886	892	727
808
809
810
811
812
813
814
815	786	249	254	1	7	622	606	716	326	660	363	393	343	896	13	271	416	922	886	178	536	43	758	885	889	654	542	144	854	313	311	307	738	487	398	244	505	499	215	435	222	387	295	653
816
817	145
818
819
820
821	468	94	293	606	854	457	655	16	716	339	271	896	747	249
822
823	345	7	271	194	933	85	379	299	1	13	892	537	508	932	533	711	716	450	303	437	279	94	846	896	389	472	666	758	457	618	592	6	456	868	890	22	361	378	293	862	442	870	83	297	806	474	374	503	524	405	749	201	786	934	913	298	643	805	655	458	82	848	627	838	49	70	95	343	886	407	268	177	911	566	58	60
824
825	417	796	804	642	648	393	472	145	222	159	141	663	727	459	279	314	798
826	222	102	846	197	59	293	892	497	435	200	394	56	738	178	709	92	1	332	506	880	660	756	472	254	387	7	378	671	650	642	757	442	43	268	870	417	328	44	276	896	862	346
827
828
829	592	537
830	846	804	326	194	13	664	786	892	650	452	453	429	922	293	407	601	256	22	178	320	881	60	387	537	854	70	23	7	474	862	655	932	506	409	848
831	624	454	293	790
832
833	276	458	457	145	387	854	343	504	416	932	474	663	312	543	693	890	561	379	385	94	158	342	269	851	682	643	389	892	295	407	533	567	346	381	406	645	90	201	268	487	655	870	617	339	313	551	664	508	445	757	267	862	899	62	606	293	16	305	846	727	286	666	653	125	221	566	435	532	160	632
834
835	537	312	90	343	601	846	378	318
836	450	13	7
837
838	116	200	296	618	64	823	450	276	798	249	455	198
839	486	344
840	606	325	655	201	592	401	328	189	499	524	409	870	543	932	503	244	498	389	6	234	334	456	85	682	184	437	313	292	774	457	758	474	508	665	786	707	504	249	416	387	92	566	854	326	276	429	711	883	43	160	10	60	293	49
841
842
843	774	268	545	650	705	472	882	13	102	454	795	59	457	387	455	892	536	145	406	198	868	862	442	897
844	94	293	378	429	682	716	92	405	13	151
845
846	345	254	592	629	435	1	407	757	806	826	346	601	320	943	303	896	222	334	830	922	177	275	178	892	804	615	293	268	823	267	537	56	457	436	233	299	332	16	698	484	92	682	933	653	868	474	913	5	498	807	727	119	95	851	758	458	125	145	663	532	7	246	83	373	453	659	213	22	786	189	87	363	880	655	942	313	650	394	639	221	194	343	747	380	197	749	835	693	264	854	82	152	339	447	374	158	151	766	478	606	122	291	6	271	622	70	833	709	298	42	751
847	648	660	379	301	286	177	59	533	807	738	632	497	758	222	545	307	373	541	532	922	484	882	57	749	521	250
848	503	85	535	642	664	409	13	804	795	60	393	684	823	537	545	577	25	22	416	307	650	299	83	830
849
850	200	398	16	374	588	533	298
851	276	222	303	7	457	757	130	345	405	94	551	445	435	194	271	291	293	833	592	655	406	268	846	804	864	715	721	442	429	506	201	919	887	311	99	59	880	663	18	417	870	627	296	346	374	653	606	343	221
852
853
854	94	592	342	276	6	293	7	457	864	758	303	62	201	601	537	339	682	387	833	716	184	250	892	269	479	903	294	249	870	305	710	738	313	666	308	751	291	213	334	207	504	416	59	452	200	650	805	560	397	566	407	344	158	437	919	882	875	660	733	406	447	896	301	655	292	468	18	360	90	389	268	693	343	271	345	299	821	663	280	653	297	210	815	385	95	246	92	486	380	44	846	474	405	267	144	409	889	830	422	295	868	23	298	104	328	880	924	622	346	234	840	194	69	354	417	487	645	198	325	311	554	82
855
856
857
858
859	416
860	13	378	416	345
861
862	269	881	290	457	682	189	125	452	332	618	250	94	868	13	85	346	625	263	606	823	456	622	521	213	749	916	922	114	661	194	889	406	151	344	774	627	177	313	363	833	886	276	387	198	1	843	892	447	830	826	543	421
863	100
864	870	42	276	328	592	178	64	303	200	854	916	271	394	194	472	738	716	715	606	378	933	503	90	216	447	545	536	889	332	654	16	291	453	468	7	622	709	919	727	253	297	379	764	346	457	618	749	682	145	405	541	788	345	913	790	671	233	342	851	880	495	232	521	339	249	102	72	207	222	22	593	807	542	450	254	693	484	197	151	632	44	95	299	429	85	189	532	661	344	198	58	653	125	868	757	201	922	326	629	504	747	268	347	554	882	435	267	87	330	442	11	334	210	659	59	293	437	43	660
865	450	92	804
866
867	758	537	339	94	363	474	806	405	379	666	393	751	198	786	325	406	868	533	886	59	913	1	435	391	488	6	308	268	151	397	407	664
868	1	151	267	92	269	346	889	198	806	682	916	268	429	442	773	606	653	795	276	62	650	805	592	406	425	870	293	862	201	343	922	643	882	521	846	339	387	883	622	221	663	823	666	407	130	5	790	627	380	379	18	886	932	514	60	303	307	642	727	749	867	437	655	385	913	222	864	94	474	776	447	854	693	711	843	601	90	313	500	189	890	456	453	6
869
870	864	339	6	130	592	606	913	293	311	903	298	305	234	474	457	291	892	271	409	933	16	379	666	758	535	854	653	425	378	345	622	1	303	151	886	896	868	566	397	618	344	840	452	94	407	715	943	342	82	468	880	297	177	43	85	405	267	504	417	194	538	276	263	158	437	716	325	694	198	233	823	766	389	207	201	805	327	210	92	804	454	7	87	495	214	10	249	833	487	456	738	343	764	796	542	711	442	64	601	705	664	533	294	940	363	347	851	301	826	72	543	660	472	73	56	916	385	497	561	406	299	44	919	416
871	378
872	624	796	130	26	768	634	551	141
873
874
875	308	339	450	854	342	90	561	299	177	276	334
876
877	343
878	533	271	234	311	85	881	474	409	551	236	416	222	655	95	23	450	339	592	465
879
880	291	933	389	542	709	43	92	94	457	174	506	379	200	425	660	95	56	537	301	711	756	663	429	790	194	618	303	345	532	276	347	592	653	207	406	503	346	271	727	49	197	870	435	548	64	665	330	655	436	892	5	586	497	222	394	267	864	622	378	447	295	405	87	145	393	102	99	846	804	59	533	344	416	826	749	216	886	336	474	293	487	851	757	453	882	774	885	484	328	715	458	130	854	716	13	342	213	7	42	104	455	632	117	54	11	643	887	606
881	83	254	457	533	82	197	290	715	862	764	648	889	804	504	600	452	545	207	188	654	42	551	332	295	5	453	577	627	886	416	57	536	892	901	484	346	276	363	298	621	541	395	145	144	125	13	610	933	878	299	882	389	830	130	263	638	903	634	919	671	663	487	102	682	500	704	618	177	128	532	466	296	605	463	899	749	927	807	92	930	114	256	394	224	474	347	727	788	311	497
882	389	747	347	545	786	407	406	92	484	642	648	293	43	694	618	487	343	379	346	457	70	405	215	932	328	922	425	749	622	727	897	554	655	868	654	42	506	200	843	452	352	738	854	450	715	94	804	125	881	178	95	758	210	59	532	551	301	663	774	764	903	890	606	916	479	705	880	650	378	394	455	807	339	303	313	398	639	864	660	933	290	417	721	194	527	847	790	488	99	387	332	102	716	682
883	308	299	806	479	643	305	213	344	184	267	537	381	747	293	795	868	682	498	49	913	6	214	889	327	189	504	666	115	276	280	840	655	463	1	239
884
885	339	533	43	200	378	545	450	70	654	94	815	897	880	311	83	458
886	916	622	592	276	892	178	774	487	508	455	715	458	267	442	268	450	618	870	125	537	790	58	346	758	457	297	373	94	881	653	194	453	145	198	296	896	336	43	815	210	694	447	913	474	479	6	632	280	425	407	868	222	600	773	880	435	933	221	363	497	655	177	862	867	294	197	397	320	16	99	922	249	727	496	339	823	897	778	514	394	586	807	246	417	786
887	301	747	393	234	851	542	130	880	554
888
889	189	943	276	43	660	868	363	497	6	313	246	682	601	144	271	663	715	892	643	881	267	221	213	592	184	453	64	452	864	216	622	1	738	244	788	468	924	456	194	293	72	650	593	627	790	442	922	14	671	450	303	379	87	82	774	561	332	70	484	933	487	119	299	503	472	49	504	294	903	542	463	615	298	102	897	425	862	795	806	496	890	883	291	521	234	815	786	447	178	16	697	553	709	360	694	13	328	84	648	253	727	174	339	854	336	56	344	69	378	422	361	110	919	207	398	104	311	481	661	748	514	12
890	312	537	379	833	201	385	95	747	892	389	823	716	343	711	308	303	350	889	932	882	561	622	533	7	553	868	407	456	234	709
891
892	758	268	457	506	407	313	416	454	653	933	666	766	536	790	916	886	447	538	543	299	889	932	387	823	747	95	738	854	870	145	474	592	267	655	311	896	343	727	385	339	846	94	899	109	435	298	704	184	82	436	496	826	83	601	312	487	379	303	201	663	650	70	452	804	92	48	497	6	249	881	600	833	830	566	622	43	62	194	890	398	880	455	198	197	690	216	374	293	59	276	87	710	271	275	429	56	7	751	72	660	625	922	308	256	207	843	498	294	537	292	363	527	394	174	344	64	1	222	286	910	22	234	91	389	210	903	643	254	189	60	57	786	373	776	465	796	606	862	927	263	504	943	709	591	69	347	37	125	332	250	807	545	479	13
893
894	6	458	92	328	354	299	916	13	296	121	455	537	94	363	450	303	624	176	334	62	387	501	409	90	79	14	590	308	293	184	931	59	18
895
896	758	254	293	125	738	653	102	70	303	899	1	554	267	532	538	606	290	429	7	654	378	715	846	417	13	786	276	663	727	445	479	405	484	643	892	56	407	221	292	91	600	592	478	328	271	454	741	474	897	200	236	64	749	379	398	790	823	345	870	545	456	751	264	295	128	144	536	933	193	815	43	397	216	389	629	346	92	716	886	394	711	796	650	222	493	913	87	551	83	42	766	455	339	632	409	764	854	804	618	151	332	178	85	457	421	684	488	298	259	698	934	468	447	268	533	197	174	466	805	343	659	610	537	22	109	943	746	8	627	436	556	543	158	82	487	201	821	826	640	435	690	910	442	559	311
897	387	749	330	896	83	487	551	457	882	152	889	246	94	230	405	747	899	417	503	200	313	885	128	271	290	938	222	618	347	886	178	843	44	450
898
899	506	378	896	429	479	457	892	654	650	311	373	632	393	474	308	344	305	263	661	561	271	577	897	345	210	94	758	22	458	417	1	416	833	387	249	128	286	551	246	455	881	495	297	666	268	201	445
900
901	13	95	648	881	83	125	487	541	532	533	545	326
902
903	870	416	303	234	532	854	293	417	804	405	305	758	474	144	271	889	592	13	504	194	385	1	7	72	409	184	881	457	882	276	334	343	892	943	478	655	42	90	339	328	222	468	95
904
905
906
907	178	293	637	548	222	533	764	200	373	294	931	579	268
908	454	234	409	308	747
909
910	749	56	130	892	297	378	429	758	200	896	332
911	299	653	533	354	579	537	823	472
912	230
913	870	263	442	293	474	339	1	455	650	805	450	222	328	178	92	334	806	846	790	864	380	70	311	417	297	896	542	883	886	292	214	727	97	659	189	276	457	823	738	344	757	868	606	244	198	916	867	537	117	299	933	7	796	458	213	447	233	343	327	484	13
914
915
916	339	709	293	198	378	886	94	592	892	479	864	442	308	425	868	537	58	795	716	334	221	447	92	64	643	43	70	18	345	343	144	269	216	738	455	429	806	389	6	271	59	474	62	650	894	290	622	244	666	60	327	933	456	292	601	344	267	275	249	222	665	457	561	624	919	862	16	766	361	406	790	197	694	299	435	180	379	508	524	398	653	542	328	76	741	554	311	194	660	347	346	332	87	82	882	468	664	913	201	453	63	325	661	352	932	178	95	560	151	757	276	693	870	381	69	682	401	303	552	305	13	618
917
918
919	378	682	533	26	715	59	291	864	94	454	345	271	201	308	587	716	455	90	854	276	916	249	654	851	207	301	478	881	489	303	1	457	447	405	83	493	450	16	7	889	221	110	630	344	292	179	870	445
920
921	533	435	286	83	796	416	642	764	618	593	70	393	378	151	648	727
922	622	727	429	682	450	846	222	178	497	407	660	276	246	648	346	125	889	882	457	868	328	815	830	545	862	363	42	749	892	790	389	230	200	484	804	301	313	60	864	886	924	373	847	197	271	307	435	327
923
924	234	293	308	889	450	178	537	125	379	648	23	922	854	263	694	334	738	606	601
925
926
927	497	533	620	347	892	881	222
928
929
930	881
931	537	894	2	328	907	655
932	184	503	293	643	299	379	387	892	339	833	823	13	305	325	749	474	727	10	344	479	882	840	249	94	389	716	536	296	664	514	527	90	342	622	385	295	307	666	85	269	268	600	868	298	380	267	76	711	890	234	693	397	70	788	655	201	916	198	455	312	506	543	409	279	115	407	541	773	114	456	660	830
933	267	194	487	442	880	892	339	328	276	429	606	407	653	394	416	715	94	823	1	293	95	13	864	379	207	786	542	655	271	870	618	158	303	504	398	497	43	7	62	943	790	347	378	417	533	709	201	249	896	846	291	216	758	889	916	197	457	694	222	311	92	435	749	290	543	56	664	881	305	538	85	256	690	221	484	545	537	455	622	886	399	389	495	727	299	200	643	488	806	605	453	178	913	297	269	882	275	130	323	244	405	796	332	361	336	188	87	18	660	318
934	303	385	537	608	1	660	823	896	65	85	553	416	804	650
935	450
936	592	342	294	303	758	345	537	92	514	62	699	94
937
938	181	168	768	250	463	504	26	897	13	533	334
939	393	43
940	416	297	58	437	870	276	94
941
942	846	7
943	7	889	346	435	846	457	347	291	378	933	495	453	474	870	92	653	487	622	216	715	429	56	332	16	504	144	62	72	660	276	738	537	293	303	339	174	903	896	484	268	566	533	892	416	709	497	130
